[2022-08-18T05:20:29.949Z] | error | undefined
[2022-08-18T05:21:46.307Z] | error | undefined
[2022-08-18T05:22:05.650Z] | error | undefined
[2022-08-18T05:22:05.900Z] | error | undefined
[2022-08-18T05:22:44.366Z] | error | undefined
[2022-08-18T05:22:45.148Z] | error | undefined
[2022-08-18T05:22:50.554Z] | error | undefined
[2022-08-18T05:23:05.725Z] | error | undefined
[2022-08-18T05:23:05.850Z] | error | undefined
[2022-08-18T05:46:55.739Z] | error | undefined
[2022-08-18T05:46:56.208Z] | error | undefined
[2022-08-18T05:47:02.239Z] | error | undefined
[2022-08-18T14:25:16.133Z] | error | undefined
[2022-08-18T14:25:16.993Z] | error | undefined
[2022-08-18T14:28:04.628Z] | error | undefined
[2022-08-18T14:33:17.898Z] | error | undefined
[2022-08-18T14:35:01.035Z] | error | undefined
[2022-08-18T14:41:46.943Z] | error | undefined
[2022-08-18T14:41:47.678Z] | error | undefined
[2022-08-18T14:43:19.472Z] | error | undefined
[2022-08-18T14:44:35.875Z] | error | undefined
[2022-08-18T14:44:43.406Z] | error | undefined
[2022-08-18T14:52:38.937Z] | error | undefined
[2022-08-18T14:52:39.390Z] | error | undefined
[2022-08-18T14:52:55.124Z] | error | undefined
[2022-08-18T14:53:10.623Z] | error | undefined
[2022-08-18T14:53:21.357Z] | error | undefined
[2022-08-18T15:24:42.481Z] | error | undefined
[2022-08-18T15:26:44.352Z] | error | undefined
[2022-08-18T15:28:47.847Z] | error | undefined
[2022-08-18T15:30:04.048Z] | error | undefined
[2022-08-18T15:30:09.438Z] | error | undefined
[2022-08-18T15:33:15.994Z] | error | undefined
[2022-08-18T15:48:30.463Z] | error | undefined
[2022-08-18T15:52:47.142Z] | error | undefined
[2022-08-18T15:55:46.386Z] | error | undefined
[2022-08-18T15:55:56.292Z] | error | undefined
[2022-08-18T15:57:02.024Z] | error | undefined
[2022-08-18T15:57:07.711Z] | error | undefined
[2022-08-18T16:05:18.257Z] | error | undefined
[2022-08-18T16:09:10.531Z] | error | undefined
[2022-08-18T16:19:56.899Z] | error | undefined
[2022-08-18T16:20:21.086Z] | error | undefined
[2022-08-18T16:20:21.101Z] | error | undefined
[2022-08-18T16:20:21.101Z] | error | undefined
[2022-08-18T16:20:21.101Z] | error | undefined
[2022-08-18T16:21:20.568Z] | error | undefined
[2022-08-18T16:21:21.318Z] | error | undefined
[2022-08-18T16:23:14.221Z] | error | undefined
[2022-08-18T16:23:49.126Z] | error | error: invalid input syntax for integer: "null" ||| select * from insertContribuyentes(1837, 1, '', '10612339', 'JORGE EDUARDO CUSSIANOVICH RODRIGUEZ', '05/02/1953', 173, 4, 'CALLE OCHARAN 680, INT. 503', 'null', 'GERENTE GENERAL EN LIMPIE SAC', '984118884', '11058178', 0, 'null', 'null', 'null', 'null', 'null', 17018)
[2022-08-18T16:23:49.126Z] | error | undefined
[2022-08-18T16:23:54.657Z] | error | undefined
[2022-08-18T16:25:05.092Z] | error | undefined
[2022-08-18T16:25:05.310Z] | error | undefined
[2022-08-18T16:27:01.244Z] | error | undefined
[2022-08-18T16:27:02.244Z] | error | undefined
[2022-08-18T16:27:08.197Z] | error | undefined
[2022-08-18T16:27:10.041Z] | error | undefined
[2022-08-18T16:27:16.775Z] | error | undefined
[2022-08-18T16:28:59.646Z] | error | undefined
[2022-08-18T16:34:50.556Z] | error | undefined
[2022-08-18T16:35:09.571Z] | error | undefined
[2022-08-18T16:37:47.316Z] | error | undefined
[2022-08-18T16:41:21.762Z] | error | undefined
[2022-08-18T16:42:01.854Z] | error | undefined
[2022-08-18T16:42:02.401Z] | error | undefined
[2022-08-18T16:42:35.697Z] | error | undefined
[2022-08-18T16:44:34.661Z] | error | undefined
[2022-08-18T16:44:34.661Z] | error | undefined
[2022-08-18T16:44:34.661Z] | error | undefined
[2022-08-18T16:44:34.661Z] | error | undefined
[2022-08-18T16:44:35.021Z] | error | undefined
[2022-08-18T16:44:58.192Z] | error | undefined
[2022-08-18T16:44:58.426Z] | error | undefined
[2022-08-18T16:46:27.939Z] | error | undefined
[2022-08-18T16:46:27.939Z] | error | undefined
[2022-08-18T16:46:27.939Z] | error | undefined
[2022-08-18T16:46:27.954Z] | error | undefined
[2022-08-18T16:47:18.079Z] | error | undefined
[2022-08-18T16:47:23.047Z] | error | undefined
[2022-08-18T16:47:25.016Z] | error | undefined
[2022-08-18T16:47:26.047Z] | error | undefined
[2022-08-18T16:49:07.511Z] | error | undefined
[2022-08-18T17:03:29.498Z] | error | undefined
[2022-08-18T17:05:10.244Z] | error | undefined
[2022-08-18T17:07:02.850Z] | error | undefined
[2022-08-18T17:07:23.927Z] | error | undefined
[2022-08-18T17:08:32.065Z] | error | undefined
[2022-08-18T17:08:39.831Z] | error | undefined
[2022-08-18T17:08:39.831Z] | error | undefined
[2022-08-18T17:08:39.831Z] | error | undefined
[2022-08-18T17:08:39.831Z] | error | undefined
[2022-08-18T17:08:54.018Z] | error | undefined
[2022-08-18T17:26:35.232Z] | error | undefined
[2022-08-18T17:26:35.763Z] | error | undefined
[2022-08-18T17:29:36.850Z] | error | undefined
[2022-08-18T17:31:08.972Z] | error | undefined
[2022-08-18T17:31:10.019Z] | error | undefined
[2022-08-18T17:31:10.300Z] | error | undefined
[2022-08-18T17:32:49.891Z] | error | undefined
[2022-08-18T17:32:49.891Z] | error | undefined
[2022-08-18T17:32:49.891Z] | error | undefined
[2022-08-18T17:32:49.891Z] | error | undefined
[2022-08-18T17:36:59.867Z] | error | undefined
[2022-08-18T17:38:29.629Z] | error | undefined
[2022-08-18T17:38:55.285Z] | error | undefined
[2022-08-18T17:40:53.859Z] | error | undefined
[2022-08-18T17:41:04.202Z] | error | undefined
[2022-08-18T17:41:37.357Z] | error | undefined
[2022-08-18T17:41:55.357Z] | error | undefined
[2022-08-18T17:48:25.687Z] | error | undefined
[2022-08-18T17:48:25.687Z] | error | undefined
[2022-08-18T17:48:25.687Z] | error | undefined
[2022-08-18T17:48:25.687Z] | error | undefined
[2022-08-18T17:48:26.046Z] | error | undefined
[2022-08-18T17:49:23.498Z] | error | undefined
[2022-08-18T17:49:23.498Z] | error | undefined
[2022-08-18T17:49:23.498Z] | error | undefined
[2022-08-18T17:49:23.498Z] | error | undefined
[2022-08-18T17:51:26.134Z] | error | undefined
[2022-08-18T18:23:22.944Z] | error | undefined
[2022-08-18T18:23:53.349Z] | error | undefined
[2022-08-18T18:35:18.576Z] | error | undefined
[2022-08-18T18:35:19.341Z] | error | undefined
[2022-08-18T18:37:01.228Z] | error | undefined
[2022-08-18T18:38:34.741Z] | error | undefined
[2022-08-18T18:38:38.397Z] | error | undefined
[2022-08-18T18:40:37.409Z] | error | undefined
[2022-08-18T18:54:08.788Z] | error | undefined
[2022-08-18T18:56:17.767Z] | error | undefined
[2022-08-18T18:56:17.814Z] | error | undefined
[2022-08-18T18:57:12.422Z] | error | undefined
[2022-08-18T18:57:16.937Z] | error | undefined
[2022-08-18T18:58:04.155Z] | error | undefined
[2022-08-18T18:58:09.030Z] | error | undefined
[2022-08-18T18:59:44.760Z] | error | undefined
[2022-08-18T19:02:51.176Z] | error | undefined
[2022-08-18T19:04:03.142Z] | error | undefined
[2022-08-18T19:04:03.142Z] | error | undefined
[2022-08-18T19:04:03.142Z] | error | undefined
[2022-08-18T19:04:03.142Z] | error | undefined
[2022-08-18T19:04:03.392Z] | error | undefined
[2022-08-18T19:06:55.402Z] | error | undefined
[2022-08-18T19:06:55.402Z] | error | undefined
[2022-08-18T19:06:55.402Z] | error | undefined
[2022-08-18T19:06:55.402Z] | error | undefined
[2022-08-18T19:06:55.652Z] | error | undefined
[2022-08-18T19:08:20.243Z] | error | undefined
[2022-08-18T19:08:20.243Z] | error | undefined
[2022-08-18T19:08:20.243Z] | error | undefined
[2022-08-18T19:08:20.243Z] | error | undefined
[2022-08-18T19:08:20.493Z] | error | undefined
[2022-08-18T19:08:28.789Z] | error | undefined
[2022-08-18T19:08:28.805Z] | error | undefined
[2022-08-18T19:08:28.805Z] | error | undefined
[2022-08-18T19:08:28.805Z] | error | undefined
[2022-08-18T19:08:29.242Z] | error | undefined
[2022-08-18T19:11:20.877Z] | error | undefined
[2022-08-18T19:12:43.030Z] | error | undefined
[2022-08-18T19:13:04.342Z] | error | undefined
[2022-08-18T19:13:50.403Z] | error | undefined
[2022-08-18T19:14:59.291Z] | error | undefined
[2022-08-18T19:14:59.854Z] | error | undefined
[2022-08-18T19:15:19.838Z] | error | undefined
[2022-08-18T19:17:31.599Z] | error | undefined
[2022-08-18T19:18:27.956Z] | error | undefined
[2022-08-18T19:18:57.033Z] | error | undefined
[2022-08-18T19:19:03.799Z] | error | undefined
[2022-08-18T19:19:33.423Z] | error | undefined
[2022-08-18T19:20:21.093Z] | error | undefined
[2022-08-18T19:23:32.586Z] | error | undefined
[2022-08-18T19:24:23.413Z] | error | undefined
[2022-08-18T19:24:23.553Z] | error | undefined
[2022-08-18T19:24:32.772Z] | error | undefined
[2022-08-18T19:24:33.803Z] | error | undefined
[2022-08-18T19:24:55.100Z] | error | undefined
[2022-08-18T19:25:11.522Z] | error | undefined
[2022-08-18T19:25:12.428Z] | error | undefined
[2022-08-18T19:26:42.986Z] | error | undefined
[2022-08-18T19:28:04.827Z] | error | undefined
[2022-08-18T19:29:37.699Z] | error | undefined
[2022-08-18T19:30:09.073Z] | error | undefined
[2022-08-18T19:33:17.895Z] | error | undefined
[2022-08-18T19:33:24.504Z] | error | undefined
[2022-08-18T19:36:03.702Z] | error | undefined
[2022-08-18T19:39:11.039Z] | error | undefined
[2022-08-18T19:39:47.741Z] | error | undefined
[2022-08-18T19:39:47.741Z] | error | undefined
[2022-08-18T19:39:47.741Z] | error | undefined
[2022-08-18T19:39:47.741Z] | error | undefined
[2022-08-18T19:41:00.254Z] | error | undefined
[2022-08-18T19:41:13.519Z] | error | undefined
[2022-08-18T19:41:45.159Z] | error | undefined
[2022-08-18T19:41:57.705Z] | error | undefined
[2022-08-18T19:41:57.705Z] | error | undefined
[2022-08-18T19:41:57.721Z] | error | undefined
[2022-08-18T19:41:57.721Z] | error | undefined
[2022-08-18T19:43:12.921Z] | error | error: invalid input syntax for integer: "null" ||| select * from insertContribuyentes(1648, 1, '', '10549576', 'RICARDO', '01/10/1978', 173, 4, 'MIGUEL GRAU 629', 'null', 'ADMIN', '7172220', '1166705', 0, 'null', 'null', 'null', 'null', 'null', 17040)
[2022-08-18T19:43:12.921Z] | error | undefined
[2022-08-18T19:45:35.370Z] | error | undefined
[2022-08-18T19:45:51.041Z] | error | undefined
[2022-08-18T19:52:37.027Z] | error | undefined
[2022-08-18T19:54:33.805Z] | error | undefined
[2022-08-18T19:59:20.482Z] | error | undefined
[2022-08-18T19:59:24.513Z] | error | undefined
[2022-08-18T20:00:16.730Z] | error | undefined
[2022-08-18T20:00:20.277Z] | error | undefined
[2022-08-18T20:00:49.698Z] | error | undefined
[2022-08-18T20:01:21.244Z] | error | undefined
[2022-08-18T20:03:18.209Z] | error | undefined
[2022-08-18T20:03:18.209Z] | error | undefined
[2022-08-18T20:03:18.209Z] | error | undefined
[2022-08-18T20:03:18.209Z] | error | undefined
[2022-08-18T20:06:32.811Z] | error | undefined
[2022-08-18T20:06:40.748Z] | error | undefined
[2022-08-18T20:06:40.748Z] | error | undefined
[2022-08-18T20:06:40.748Z] | error | undefined
[2022-08-18T20:06:40.748Z] | error | undefined
[2022-08-18T20:07:32.121Z] | error | undefined
[2022-08-18T20:07:46.418Z] | error | undefined
[2022-08-18T20:07:46.418Z] | error | undefined
[2022-08-18T20:07:46.418Z] | error | undefined
[2022-08-18T20:07:46.418Z] | error | undefined
[2022-08-18T20:08:26.121Z] | error | undefined
[2022-08-18T20:08:37.448Z] | error | undefined
[2022-08-18T20:08:37.448Z] | error | undefined
[2022-08-18T20:08:37.448Z] | error | undefined
[2022-08-18T20:08:37.448Z] | error | undefined
[2022-08-18T20:11:08.458Z] | error | undefined
[2022-08-18T20:15:41.558Z] | error | undefined
[2022-08-18T20:16:02.026Z] | error | undefined
[2022-08-18T20:16:18.260Z] | error | undefined
[2022-08-18T20:18:41.755Z] | error | undefined
[2022-08-18T20:18:41.771Z] | error | undefined
[2022-08-18T20:18:41.771Z] | error | undefined
[2022-08-18T20:18:41.771Z] | error | undefined
[2022-08-18T20:18:42.146Z] | error | undefined
[2022-08-18T20:19:02.583Z] | error | undefined
[2022-08-18T20:19:02.849Z] | error | undefined
[2022-08-18T20:20:30.596Z] | error | undefined
[2022-08-18T20:20:30.596Z] | error | undefined
[2022-08-18T20:20:30.596Z] | error | undefined
[2022-08-18T20:20:30.611Z] | error | undefined
[2022-08-18T20:24:10.072Z] | error | undefined
[2022-08-18T20:24:10.072Z] | error | undefined
[2022-08-18T20:24:10.072Z] | error | undefined
[2022-08-18T20:24:10.072Z] | error | undefined
[2022-08-18T20:24:31.712Z] | error | undefined
[2022-08-18T20:24:46.774Z] | error | undefined
[2022-08-18T20:25:49.177Z] | error | undefined
[2022-08-18T20:25:49.177Z] | error | undefined
[2022-08-18T20:25:49.177Z] | error | undefined
[2022-08-18T20:25:49.177Z] | error | undefined
[2022-08-18T20:25:49.506Z] | error | undefined
[2022-08-18T20:26:47.411Z] | error | undefined
[2022-08-18T20:26:47.411Z] | error | undefined
[2022-08-18T20:26:47.411Z] | error | undefined
[2022-08-18T20:26:47.411Z] | error | undefined
[2022-08-18T20:32:17.587Z] | error | undefined
[2022-08-18T20:32:18.071Z] | error | undefined
[2022-08-18T20:33:54.645Z] | error | undefined
[2022-08-18T20:36:25.735Z] | error | undefined
[2022-08-18T20:36:41.437Z] | error | undefined
[2022-08-18T20:46:12.230Z] | error | undefined
[2022-08-18T20:46:12.230Z] | error | undefined
[2022-08-18T20:46:12.230Z] | error | undefined
[2022-08-18T20:46:12.230Z] | error | undefined
[2022-08-18T21:29:25.610Z] | error | undefined
[2022-08-18T21:29:25.610Z] | error | undefined
[2022-08-18T21:29:25.610Z] | error | undefined
[2022-08-18T21:29:25.610Z] | error | undefined
[2022-08-18T21:30:02.374Z] | error | undefined
[2022-08-18T21:30:02.374Z] | error | undefined
[2022-08-18T21:30:02.374Z] | error | undefined
[2022-08-18T21:30:02.374Z] | error | undefined
[2022-08-18T21:45:43.342Z] | error | undefined
[2022-08-18T21:45:43.342Z] | error | undefined
[2022-08-18T21:45:43.342Z] | error | undefined
[2022-08-18T21:45:43.342Z] | error | undefined
[2022-08-18T21:45:59.389Z] | error | undefined
[2022-08-18T21:45:59.389Z] | error | undefined
[2022-08-18T21:45:59.389Z] | error | undefined
[2022-08-18T21:45:59.404Z] | error | undefined
[2022-08-18T22:27:10.742Z] | error | undefined
[2022-08-18T22:27:11.523Z] | error | undefined
[2022-08-18T22:30:59.765Z] | error | undefined
[2022-08-18T22:32:15.826Z] | error | undefined
[2022-08-18T22:35:33.287Z] | error | undefined
[2022-08-18T22:35:33.365Z] | error | undefined
[2022-08-18T22:37:37.222Z] | error | undefined
[2022-08-18T22:39:28.655Z] | error | undefined
[2022-08-18T22:39:28.749Z] | error | undefined
[2022-08-18T22:43:31.772Z] | error | undefined
[2022-08-18T22:43:31.772Z] | error | undefined
[2022-08-18T22:43:31.788Z] | error | undefined
[2022-08-18T22:43:31.788Z] | error | undefined
[2022-08-18T22:44:34.285Z] | error | undefined
[2022-08-18T22:45:05.408Z] | error | undefined
[2022-08-18T22:45:08.752Z] | error | undefined
[2022-08-18T22:45:18.955Z] | error | undefined
[2022-08-18T22:47:04.702Z] | error | undefined
[2022-08-18T22:47:04.702Z] | error | undefined
[2022-08-18T22:47:04.718Z] | error | undefined
[2022-08-18T22:47:04.718Z] | error | undefined
[2022-08-18T22:47:05.171Z] | error | undefined
[2022-08-18T22:47:05.640Z] | error | undefined
[2022-08-18T22:47:23.499Z] | error | undefined
[2022-08-18T22:47:23.499Z] | error | undefined
[2022-08-18T22:47:23.514Z] | error | undefined
[2022-08-18T22:47:23.514Z] | error | undefined
[2022-08-18T23:52:42.631Z] | error | undefined
[2022-08-18T23:58:37.087Z] | error | undefined
[2022-08-18T23:59:53.335Z] | error | undefined
[2022-08-19T00:02:17.673Z] | error | undefined
[2022-08-19T00:06:08.041Z] | error | undefined
[2022-08-19T00:06:22.070Z] | error | undefined
[2022-08-19T00:06:22.211Z] | error | undefined
[2022-08-19T00:06:30.992Z] | error | undefined
[2022-08-19T00:06:32.820Z] | error | undefined
[2022-08-19T00:06:42.117Z] | error | undefined
[2022-08-19T00:06:45.023Z] | error | undefined
[2022-08-19T00:06:45.163Z] | error | undefined
[2022-08-19T00:07:02.647Z] | error | undefined
[2022-08-19T00:07:04.975Z] | error | undefined
[2022-08-19T00:07:59.552Z] | error | undefined
[2022-08-19T00:11:20.967Z] | error | undefined
[2022-08-19T00:11:33.716Z] | error | undefined
[2022-08-19T00:11:34.060Z] | error | undefined
[2022-08-19T00:12:36.730Z] | error | undefined
[2022-08-19T00:12:37.902Z] | error | undefined
[2022-08-19T00:37:00.649Z] | error | undefined
[2022-08-19T00:44:45.305Z] | error | undefined
[2022-08-19T00:46:47.754Z] | error | undefined
[2022-08-19T00:47:16.331Z] | error | undefined
[2022-08-19T00:47:36.924Z] | error | undefined
[2022-08-19T00:51:08.151Z] | error | undefined
[2022-08-19T00:51:47.447Z] | error | undefined
[2022-08-19T00:55:40.767Z] | error | undefined
[2022-08-19T14:13:04.872Z] | error | undefined
[2022-08-19T14:22:35.415Z] | error | undefined
[2022-08-19T14:24:16.849Z] | error | undefined
[2022-08-19T14:25:01.754Z] | error | undefined
[2022-08-19T14:26:13.064Z] | error | undefined
[2022-08-19T14:27:16.859Z] | error | undefined
[2022-08-19T14:30:52.945Z] | error | undefined
[2022-08-19T14:32:11.146Z] | error | undefined
[2022-08-19T14:32:25.848Z] | error | undefined
[2022-08-19T14:33:00.019Z] | error | undefined
[2022-08-19T14:33:11.175Z] | error | undefined
[2022-08-19T14:33:46.017Z] | error | undefined
[2022-08-19T14:33:54.142Z] | error | undefined
[2022-08-19T14:36:04.466Z] | error | undefined
[2022-08-19T14:36:09.294Z] | error | undefined
[2022-08-19T14:36:09.294Z] | error | undefined
[2022-08-19T14:36:09.309Z] | error | undefined
[2022-08-19T14:36:09.309Z] | error | undefined
[2022-08-19T14:36:32.637Z] | error | undefined
[2022-08-19T14:36:37.168Z] | error | undefined
[2022-08-19T14:36:38.668Z] | error | undefined
[2022-08-19T14:36:38.980Z] | error | undefined
[2022-08-19T14:38:58.866Z] | error | undefined
[2022-08-19T14:38:58.866Z] | error | undefined
[2022-08-19T14:38:58.866Z] | error | undefined
[2022-08-19T14:38:58.866Z] | error | undefined
[2022-08-19T14:39:21.412Z] | error | undefined
[2022-08-19T14:39:57.770Z] | error | undefined
[2022-08-19T15:19:53.001Z] | error | undefined
[2022-08-19T15:24:45.054Z] | error | undefined
[2022-08-19T15:24:45.147Z] | error | undefined
[2022-08-19T15:27:02.065Z] | error | undefined
[2022-08-19T15:29:01.201Z] | error | undefined
[2022-08-19T15:29:01.561Z] | error | undefined
[2022-08-19T15:31:45.789Z] | error | undefined
[2022-08-19T15:32:12.257Z] | error | undefined
[2022-08-19T15:32:20.023Z] | error | undefined
[2022-08-19T15:32:37.178Z] | error | undefined
[2022-08-19T15:32:37.413Z] | error | undefined
[2022-08-19T15:32:52.475Z] | error | undefined
[2022-08-19T15:33:11.943Z] | error | undefined
[2022-08-19T15:35:30.344Z] | error | undefined
[2022-08-19T15:35:30.376Z] | error | undefined
[2022-08-19T15:36:52.747Z] | error | undefined
[2022-08-19T15:36:52.873Z] | error | undefined
[2022-08-19T15:37:26.309Z] | error | undefined
[2022-08-19T15:37:35.777Z] | error | undefined
[2022-08-19T15:37:35.777Z] | error | undefined
[2022-08-19T15:37:35.777Z] | error | undefined
[2022-08-19T15:37:35.777Z] | error | undefined
[2022-08-19T15:37:36.136Z] | error | undefined
[2022-08-19T15:37:43.449Z] | error | undefined
[2022-08-19T15:37:58.198Z] | error | undefined
[2022-08-19T15:37:58.198Z] | error | undefined
[2022-08-19T15:37:58.198Z] | error | undefined
[2022-08-19T15:37:58.198Z] | error | undefined
[2022-08-19T15:38:35.197Z] | error | undefined
[2022-08-19T15:38:35.197Z] | error | undefined
[2022-08-19T15:38:35.197Z] | error | undefined
[2022-08-19T15:38:35.197Z] | error | undefined
[2022-08-19T16:12:22.504Z] | error | undefined
[2022-08-19T16:12:24.738Z] | error | undefined
[2022-08-19T16:12:40.518Z] | error | undefined
[2022-08-19T16:12:40.518Z] | error | undefined
[2022-08-19T16:12:40.518Z] | error | undefined
[2022-08-19T16:12:40.518Z] | error | undefined
[2022-08-19T16:12:40.830Z] | error | undefined
[2022-08-19T16:13:43.641Z] | error | undefined
[2022-08-19T16:13:43.641Z] | error | undefined
[2022-08-19T16:13:43.641Z] | error | undefined
[2022-08-19T16:13:43.656Z] | error | undefined
[2022-08-19T16:17:15.399Z] | error | undefined
[2022-08-19T16:17:16.524Z] | error | undefined
[2022-08-19T16:19:18.739Z] | error | undefined
[2022-08-19T16:19:19.473Z] | error | undefined
[2022-08-19T16:21:36.218Z] | error | undefined
[2022-08-19T16:36:38.828Z] | error | undefined
[2022-08-19T16:37:00.359Z] | error | undefined
[2022-08-19T16:38:04.904Z] | error | undefined
[2022-08-19T16:38:11.498Z] | error | undefined
[2022-08-19T16:46:30.589Z] | error | undefined
[2022-08-19T16:46:30.589Z] | error | undefined
[2022-08-19T16:46:30.605Z] | error | undefined
[2022-08-19T16:46:30.605Z] | error | undefined
[2022-08-19T16:50:51.081Z] | error | undefined
[2022-08-19T16:50:56.706Z] | error | undefined
[2022-08-19T16:58:05.582Z] | error | undefined
[2022-08-19T16:58:06.363Z] | error | undefined
[2022-08-19T16:58:29.566Z] | error | undefined
[2022-08-19T16:58:30.581Z] | error | undefined
[2022-08-19T16:59:34.234Z] | error | undefined
[2022-08-19T17:02:18.808Z] | error | undefined
[2022-08-19T17:04:35.287Z] | error | undefined
[2022-08-19T17:07:12.314Z] | error | undefined
[2022-08-19T17:07:14.704Z] | error | undefined
[2022-08-19T17:07:36.844Z] | error | undefined
[2022-08-19T17:07:37.407Z] | error | undefined
[2022-08-19T17:07:43.671Z] | error | undefined
[2022-08-19T17:08:06.576Z] | error | undefined
[2022-08-19T17:08:06.717Z] | error | undefined
[2022-08-19T17:08:34.529Z] | error | undefined
[2022-08-19T17:11:34.289Z] | error | undefined
[2022-08-19T17:19:08.569Z] | error | undefined
[2022-08-19T17:19:08.569Z] | error | undefined
[2022-08-19T17:19:08.569Z] | error | undefined
[2022-08-19T17:19:08.569Z] | error | undefined
[2022-08-19T17:22:06.189Z] | error | undefined
[2022-08-19T17:22:17.267Z] | error | undefined
[2022-08-19T17:22:24.658Z] | error | undefined
[2022-08-19T17:22:24.970Z] | error | undefined
[2022-08-19T17:22:49.312Z] | error | undefined
[2022-08-19T17:23:04.218Z] | error | undefined
[2022-08-19T17:45:55.843Z] | error | undefined
[2022-08-19T17:45:57.015Z] | error | undefined
[2022-08-19T17:50:17.913Z] | error | undefined
[2022-08-19T17:51:54.721Z] | error | undefined
[2022-08-19T17:52:20.142Z] | error | undefined
[2022-08-19T17:57:30.850Z] | error | undefined
[2022-08-19T17:57:39.991Z] | error | undefined
[2022-08-19T17:58:40.801Z] | error | undefined
[2022-08-19T17:58:40.817Z] | error | undefined
[2022-08-19T18:02:05.530Z] | error | undefined
[2022-08-19T18:02:47.497Z] | error | undefined
[2022-08-19T18:02:47.497Z] | error | undefined
[2022-08-19T18:02:47.497Z] | error | undefined
[2022-08-19T18:02:47.497Z] | error | undefined
[2022-08-19T18:17:55.310Z] | error | undefined
[2022-08-19T18:17:55.310Z] | error | undefined
[2022-08-19T18:17:55.310Z] | error | undefined
[2022-08-19T18:17:55.310Z] | error | undefined
[2022-08-19T18:17:55.669Z] | error | undefined
[2022-08-19T18:18:42.652Z] | error | undefined
[2022-08-19T18:18:42.652Z] | error | undefined
[2022-08-19T18:18:42.652Z] | error | undefined
[2022-08-19T18:18:42.652Z] | error | undefined
[2022-08-19T19:00:45.847Z] | error | undefined
[2022-08-19T19:04:32.198Z] | error | undefined
[2022-08-19T19:08:28.769Z] | error | undefined
[2022-08-19T19:11:04.888Z] | error | undefined
[2022-08-19T19:12:27.604Z] | error | undefined
[2022-08-19T19:12:34.791Z] | error | undefined
[2022-08-19T19:13:43.055Z] | error | undefined
[2022-08-19T19:13:50.414Z] | error | undefined
[2022-08-19T19:13:56.976Z] | error | undefined
[2022-08-19T19:15:08.270Z] | error | undefined
[2022-08-19T19:15:11.457Z] | error | undefined
[2022-08-19T19:15:32.988Z] | error | undefined
[2022-08-19T19:21:24.243Z] | error | undefined
[2022-08-19T19:21:45.398Z] | error | undefined
[2022-08-19T19:21:46.054Z] | error | undefined
[2022-08-19T19:23:02.380Z] | error | undefined
[2022-08-19T19:23:21.597Z] | error | undefined
[2022-08-19T19:24:22.704Z] | error | undefined
[2022-08-19T19:25:51.015Z] | error | undefined
[2022-08-19T19:25:53.030Z] | error | undefined
[2022-08-19T19:26:39.076Z] | error | undefined
[2022-08-19T19:27:01.669Z] | error | undefined
[2022-08-19T19:27:38.182Z] | error | undefined
[2022-08-19T19:28:24.259Z] | error | undefined
[2022-08-19T19:28:40.540Z] | error | undefined
[2022-08-19T19:29:44.646Z] | error | undefined
[2022-08-19T19:29:59.099Z] | error | undefined
[2022-08-19T19:38:07.505Z] | error | undefined
[2022-08-19T19:42:16.825Z] | error | undefined
[2022-08-19T19:44:16.710Z] | error | undefined
[2022-08-19T19:54:42.721Z] | error | undefined
[2022-08-19T19:54:53.268Z] | error | undefined
[2022-08-19T19:56:27.046Z] | error | undefined
[2022-08-19T19:57:17.310Z] | error | undefined
[2022-08-19T19:57:36.590Z] | error | undefined
[2022-08-19T19:57:45.403Z] | error | undefined
[2022-08-19T19:58:09.230Z] | error | undefined
[2022-08-19T19:58:11.277Z] | error | undefined
[2022-08-19T19:59:49.819Z] | error | undefined
[2022-08-19T19:59:49.819Z] | error | undefined
[2022-08-19T19:59:49.819Z] | error | undefined
[2022-08-19T19:59:49.819Z] | error | undefined
[2022-08-19T19:59:50.147Z] | error | undefined
[2022-08-19T20:01:09.348Z] | error | undefined
[2022-08-19T20:01:09.348Z] | error | undefined
[2022-08-19T20:01:09.348Z] | error | undefined
[2022-08-19T20:01:09.363Z] | error | undefined
[2022-08-19T20:16:16.974Z] | error | undefined
[2022-08-19T20:16:20.318Z] | error | undefined
[2022-08-19T20:17:06.831Z] | error | undefined
[2022-08-19T20:17:18.893Z] | error | undefined
[2022-08-19T20:17:37.612Z] | error | undefined
[2022-08-19T20:17:41.659Z] | error | undefined
[2022-08-19T20:18:30.720Z] | error | undefined
[2022-08-19T20:18:33.469Z] | error | undefined
[2022-08-19T20:19:30.123Z] | error | undefined
[2022-08-19T20:19:38.983Z] | error | undefined
[2022-08-19T20:20:35.964Z] | error | undefined
[2022-08-19T20:20:35.964Z] | error | undefined
[2022-08-19T20:20:35.964Z] | error | undefined
[2022-08-19T20:20:35.964Z] | error | undefined
[2022-08-19T20:22:29.351Z] | error | undefined
[2022-08-19T20:22:29.367Z] | error | undefined
[2022-08-19T20:22:29.367Z] | error | undefined
[2022-08-19T20:22:29.367Z] | error | undefined
[2022-08-19T20:22:29.695Z] | error | undefined
[2022-08-19T20:50:22.623Z] | error | undefined
[2022-08-19T20:50:23.108Z] | error | undefined
[2022-08-19T20:50:30.795Z] | error | undefined
[2022-08-19T21:16:17.602Z] | error | undefined
[2022-08-19T21:16:17.602Z] | error | undefined
[2022-08-19T21:16:17.617Z] | error | undefined
[2022-08-19T21:16:17.617Z] | error | undefined
[2022-08-19T21:16:17.945Z] | error | undefined
[2022-08-19T21:16:36.866Z] | error | undefined
[2022-08-19T21:16:36.866Z] | error | undefined
[2022-08-19T21:16:36.866Z] | error | undefined
[2022-08-19T21:16:36.866Z] | error | undefined
[2022-08-19T21:17:16.802Z] | error | undefined
[2022-08-19T21:18:02.175Z] | error | undefined
[2022-08-19T21:18:24.471Z] | error | undefined
[2022-08-19T21:38:59.195Z] | error | undefined
[2022-08-19T21:45:36.354Z] | error | undefined
[2022-08-19T21:50:47.359Z] | error | undefined
[2022-08-19T21:55:52.505Z] | error | undefined
[2022-08-19T21:55:59.676Z] | error | undefined
[2022-08-19T21:56:18.019Z] | error | undefined
[2022-08-19T21:56:31.284Z] | error | undefined
[2022-08-19T22:07:03.528Z] | error | undefined
[2022-08-19T22:12:04.487Z] | error | undefined
[2022-08-19T22:12:07.893Z] | error | undefined
[2022-08-19T22:14:02.826Z] | error | undefined
[2022-08-19T22:14:02.826Z] | error | undefined
[2022-08-19T22:14:02.826Z] | error | undefined
[2022-08-19T22:14:02.826Z] | error | undefined
[2022-08-19T22:14:15.138Z] | error | undefined
[2022-08-19T22:14:15.138Z] | error | undefined
[2022-08-19T22:14:15.138Z] | error | undefined
[2022-08-19T22:14:15.138Z] | error | undefined
[2022-08-19T22:14:15.466Z] | error | undefined
[2022-08-19T22:14:51.731Z] | error | error: invalid input syntax for integer: "null" ||| select * from insertContribuyentes(1780, 1, '', '09338048', 'CUADROS ARENAS JOSE GREGORIO', '12/24/1970', 173, 4, 'AV TOMAS MARSANO 2005 SURQUILLO', 'null', 'EMPRESARIO', '', '13243028', 0, 'null', 'null', 'null', 'null', 'null', 868)
[2022-08-19T22:14:51.731Z] | error | [object Object]
[2022-08-19T22:14:51.746Z] | error | error: invalid input syntax for integer: "null" ||| select * from insertContribuyentes(167, 1, '', '09175422', 'RANULFO MARTIN DIAZ MASIAS', '10/09/1966', 173, 2, 'CAROLINA VARGAS 275, DPTO. 401 SAN ISIDRO', 'null', 'INGENIERO CIVIL', '960871042', '', 0, 'null', 'null', 'null', 'null', 'null', 868)
[2022-08-19T22:14:51.746Z] | error | [object Object]
[2022-08-19T22:15:00.871Z] | error | undefined
[2022-08-19T22:15:00.887Z] | error | undefined
[2022-08-19T22:15:00.887Z] | error | undefined
[2022-08-19T22:15:00.887Z] | error | undefined
[2022-08-19T22:15:18.231Z] | error | undefined
[2022-08-19T22:15:18.231Z] | error | undefined
[2022-08-19T22:15:18.247Z] | error | undefined
[2022-08-19T22:15:18.247Z] | error | undefined
[2022-08-19T22:15:18.512Z] | error | undefined
[2022-08-19T22:15:30.715Z] | error | error: invalid input syntax for integer: "null" ||| select * from insertContribuyentes(1780, 1, '', '09338048', 'CUADROS ARENAS JOSE GREGORIO', '12/24/1970', 173, 4, 'AV TOMAS MARSANO 2005 SURQUILLO', 'null', 'EMPRESARIO', '', '13243028', 0, 'null', 'null', 'null', 'null', 'null', 868)
[2022-08-19T22:15:30.715Z] | error | [object Object]
[2022-08-19T22:15:30.731Z] | error | error: invalid input syntax for integer: "null" ||| select * from insertContribuyentes(167, 1, '', '09175422', 'RANULFO MARTIN DIAZ MASIAS', '10/09/1966', 173, 2, 'CAROLINA VARGAS 275, DPTO. 401 SAN ISIDRO', 'null', 'INGENIERO CIVIL', '960871042', '', 0, 'null', 'null', 'null', 'null', 'null', 868)
[2022-08-19T22:15:30.731Z] | error | [object Object]
[2022-08-19T22:15:41.840Z] | error | undefined
[2022-08-19T22:15:41.855Z] | error | undefined
[2022-08-19T22:15:41.855Z] | error | undefined
[2022-08-19T22:15:41.855Z] | error | undefined
[2022-08-19T22:20:14.314Z] | error | undefined
[2022-08-19T22:20:41.656Z] | error | undefined
[2022-08-19T22:20:42.984Z] | error | undefined
[2022-08-19T22:21:14.655Z] | error | undefined
[2022-08-19T22:21:17.077Z] | error | undefined
[2022-08-19T22:21:41.373Z] | error | undefined
[2022-08-19T22:21:43.826Z] | error | undefined
[2022-08-19T22:21:44.170Z] | error | undefined
[2022-08-19T22:25:05.616Z] | error | undefined
[2022-08-19T22:25:12.585Z] | error | undefined
[2022-08-19T22:25:19.194Z] | error | undefined
[2022-08-19T22:41:43.208Z] | error | undefined
[2022-08-20T13:22:16.119Z] | error | undefined
[2022-08-20T13:23:58.053Z] | error | undefined
[2022-08-20T13:36:01.435Z] | error | undefined
[2022-08-20T13:38:13.524Z] | error | undefined
[2022-08-20T13:38:41.131Z] | error | undefined
[2022-08-20T13:38:41.397Z] | error | undefined
[2022-08-20T13:59:32.823Z] | error | undefined
[2022-08-20T14:00:07.573Z] | error | undefined
[2022-08-20T14:02:04.022Z] | error | undefined
[2022-08-20T14:02:12.381Z] | error | undefined
[2022-08-20T14:02:15.444Z] | error | undefined
[2022-08-20T14:02:15.709Z] | error | undefined
[2022-08-20T14:03:52.408Z] | error | undefined
[2022-08-20T14:03:53.189Z] | error | undefined
[2022-08-20T14:05:22.734Z] | error | undefined
[2022-08-20T14:42:40.361Z] | error | undefined
[2022-08-20T14:43:16.938Z] | error | undefined
[2022-08-20T14:45:28.026Z] | error | undefined
[2022-08-20T14:47:48.304Z] | error | undefined
[2022-08-20T14:48:13.787Z] | error | undefined
[2022-08-20T14:48:51.411Z] | error | undefined
[2022-08-20T14:49:24.769Z] | error | undefined
[2022-08-20T14:49:55.534Z] | error | undefined
[2022-08-20T14:51:13.656Z] | error | undefined
[2022-08-20T14:52:24.997Z] | error | undefined
[2022-08-20T14:52:32.575Z] | error | undefined
[2022-08-20T14:55:59.380Z] | error | undefined
[2022-08-20T14:56:59.410Z] | error | undefined
[2022-08-20T15:00:07.075Z] | error | undefined
[2022-08-20T15:12:05.722Z] | error | undefined
[2022-08-20T15:12:18.706Z] | error | undefined
[2022-08-20T15:12:47.877Z] | error | undefined
[2022-08-20T15:13:25.470Z] | error | undefined
[2022-08-20T15:13:40.391Z] | error | undefined
[2022-08-20T15:15:52.042Z] | error | undefined
[2022-08-20T15:15:53.245Z] | error | undefined
[2022-08-20T15:21:23.921Z] | error | undefined
[2022-08-20T15:24:30.243Z] | error | undefined
[2022-08-20T15:26:48.802Z] | error | undefined
[2022-08-20T15:27:32.081Z] | error | undefined
[2022-08-20T15:27:41.487Z] | error | undefined
[2022-08-20T15:28:53.907Z] | error | undefined
[2022-08-20T15:29:18.281Z] | error | undefined
[2022-08-20T15:43:47.845Z] | error | undefined
[2022-08-20T15:43:56.283Z] | error | undefined
[2022-08-20T15:44:32.485Z] | error | undefined
[2022-08-20T15:44:38.766Z] | error | undefined
[2022-08-20T16:04:40.786Z] | error | undefined
[2022-08-20T16:04:41.536Z] | error | undefined
[2022-08-20T16:04:52.442Z] | error | undefined
[2022-08-20T16:06:02.190Z] | error | undefined
[2022-08-20T16:09:15.590Z] | error | undefined
[2022-08-20T16:09:17.012Z] | error | undefined
[2022-08-20T16:10:11.948Z] | error | undefined
[2022-08-20T16:10:41.603Z] | error | undefined
[2022-08-20T16:11:22.898Z] | error | undefined
[2022-08-20T16:14:54.001Z] | error | undefined
[2022-08-20T16:19:39.475Z] | error | undefined
[2022-08-20T16:19:39.491Z] | error | undefined
[2022-08-20T16:19:39.491Z] | error | undefined
[2022-08-20T16:19:39.491Z] | error | undefined
[2022-08-20T16:19:40.413Z] | error | undefined
[2022-08-20T16:19:48.225Z] | error | undefined
[2022-08-20T16:19:48.397Z] | error | undefined
[2022-08-20T16:19:52.850Z] | error | undefined
[2022-08-20T16:19:57.678Z] | error | undefined
[2022-08-20T16:20:25.849Z] | error | undefined
[2022-08-20T16:20:28.708Z] | error | undefined
[2022-08-20T16:20:29.630Z] | error | undefined
[2022-08-20T16:20:56.441Z] | error | undefined
[2022-08-20T16:21:06.550Z] | error | undefined
[2022-08-20T16:21:20.597Z] | error | undefined
[2022-08-20T16:22:17.469Z] | error | undefined
[2022-08-20T16:22:24.187Z] | error | undefined
[2022-08-20T16:22:35.703Z] | error | undefined
[2022-08-20T16:22:38.343Z] | error | undefined
[2022-08-20T16:23:52.779Z] | error | undefined
[2022-08-20T16:23:53.717Z] | error | undefined
[2022-08-20T16:24:27.059Z] | error | undefined
[2022-08-20T16:24:39.871Z] | error | undefined
[2022-08-20T16:25:19.979Z] | error | undefined
[2022-08-20T16:27:25.819Z] | error | undefined
[2022-08-20T16:27:29.787Z] | error | undefined
[2022-08-20T16:28:31.660Z] | error | undefined
[2022-08-20T16:29:24.127Z] | error | undefined
[2022-08-20T16:30:36.969Z] | error | undefined
[2022-08-20T16:30:54.140Z] | error | undefined
[2022-08-20T16:30:54.655Z] | error | undefined
[2022-08-20T16:31:30.826Z] | error | undefined
[2022-08-20T16:31:54.107Z] | error | undefined
[2022-08-20T16:32:33.668Z] | error | undefined
[2022-08-20T16:39:00.873Z] | error | undefined
[2022-08-20T16:40:54.010Z] | error | undefined
[2022-08-20T16:43:15.380Z] | error | undefined
[2022-08-20T16:43:52.410Z] | error | undefined
[2022-08-20T16:46:06.889Z] | error | undefined
[2022-08-20T16:46:32.216Z] | error | undefined
[2022-08-20T16:46:49.497Z] | error | undefined
[2022-08-20T16:52:00.925Z] | error | undefined
[2022-08-20T16:55:24.370Z] | error | undefined
[2022-08-20T16:56:13.821Z] | error | undefined
[2022-08-20T16:56:51.056Z] | error | undefined
[2022-08-20T16:57:37.037Z] | error | undefined
[2022-08-20T16:58:21.926Z] | error | undefined
[2022-08-20T16:58:46.926Z] | error | undefined
[2022-08-20T16:59:22.113Z] | error | undefined
[2022-08-20T16:59:29.941Z] | error | undefined
[2022-08-20T17:27:34.555Z] | error | undefined
[2022-08-20T17:27:37.977Z] | error | undefined
[2022-08-20T17:27:46.149Z] | error | undefined
[2022-08-20T17:27:50.477Z] | error | undefined
[2022-08-20T17:28:23.522Z] | error | undefined
[2022-08-20T17:29:06.802Z] | error | undefined
[2022-08-20T17:29:51.535Z] | error | undefined
[2022-08-20T17:29:58.738Z] | error | undefined
[2022-08-20T17:31:19.079Z] | error | undefined
[2022-08-20T17:31:39.359Z] | error | undefined
[2022-08-20T17:31:47.781Z] | error | undefined
[2022-08-20T17:32:35.483Z] | error | undefined
[2022-08-20T17:32:54.373Z] | error | undefined
[2022-08-20T17:33:25.106Z] | error | undefined
[2022-08-20T17:34:27.697Z] | error | undefined
[2022-08-20T17:34:29.526Z] | error | undefined
[2022-08-20T17:34:35.760Z] | error | undefined
[2022-08-20T17:35:11.055Z] | error | undefined
[2022-08-20T17:39:18.516Z] | error | undefined
[2022-08-20T17:39:22.641Z] | error | undefined
[2022-08-20T17:40:03.263Z] | error | undefined
[2022-08-20T17:40:07.529Z] | error | undefined
[2022-08-20T17:40:34.216Z] | error | undefined
[2022-08-20T17:40:36.060Z] | error | undefined
[2022-08-20T17:41:06.949Z] | error | undefined
[2022-08-20T17:41:09.153Z] | error | undefined
[2022-08-20T17:48:03.060Z] | error | undefined
[2022-08-20T17:48:07.341Z] | error | undefined
[2022-08-20T17:48:14.982Z] | error | undefined
[2022-08-20T17:48:18.497Z] | error | undefined
[2022-08-20T17:48:59.495Z] | error | undefined
[2022-08-20T17:51:44.522Z] | error | undefined
[2022-08-20T17:51:46.928Z] | error | undefined
[2022-08-22T00:57:12.168Z] | error | undefined
[2022-08-22T01:00:01.130Z] | error | undefined
[2022-08-22T01:03:58.544Z] | error | undefined
[2022-08-22T01:12:06.263Z] | error | undefined
[2022-08-22T01:19:52.402Z] | error | undefined
[2022-08-22T12:27:25.836Z] | error | undefined
[2022-08-22T12:34:21.962Z] | error | undefined
[2022-08-22T12:49:31.165Z] | error | undefined
[2022-08-22T13:38:27.924Z] | error | undefined
[2022-08-22T14:04:51.402Z] | error | undefined
[2022-08-22T14:07:01.444Z] | error | undefined
[2022-08-22T14:08:34.175Z] | error | undefined
[2022-08-22T14:11:12.670Z] | error | undefined
[2022-08-22T14:11:23.374Z] | error | undefined
[2022-08-22T14:11:28.827Z] | error | undefined
[2022-08-22T14:11:29.874Z] | error | undefined
[2022-08-22T14:12:38.448Z] | error | undefined
[2022-08-22T14:12:43.354Z] | error | undefined
[2022-08-22T14:15:31.708Z] | error | undefined
[2022-08-22T14:17:52.422Z] | error | undefined
[2022-08-22T14:17:59.437Z] | error | undefined
[2022-08-22T14:19:02.279Z] | error | undefined
[2022-08-22T14:19:07.201Z] | error | undefined
[2022-08-22T14:20:05.417Z] | error | undefined
[2022-08-22T14:20:07.558Z] | error | undefined
[2022-08-22T14:29:56.475Z] | error | undefined
[2022-08-22T14:29:57.335Z] | error | undefined
[2022-08-22T14:33:14.094Z] | error | undefined
[2022-08-22T14:34:00.389Z] | error | undefined
[2022-08-22T14:35:34.401Z] | error | undefined
[2022-08-22T14:37:18.039Z] | error | undefined
[2022-08-22T14:37:53.287Z] | error | undefined
[2022-08-22T14:41:56.748Z] | error | undefined
[2022-08-22T14:44:53.195Z] | error | undefined
[2022-08-22T14:48:51.577Z] | error | undefined
[2022-08-22T14:54:08.551Z] | error | undefined
[2022-08-22T14:55:12.424Z] | error | undefined
[2022-08-22T15:00:39.053Z] | error | undefined
[2022-08-22T15:03:47.297Z] | error | undefined
[2022-08-22T15:05:17.950Z] | error | undefined
[2022-08-22T15:06:26.418Z] | error | undefined
[2022-08-22T15:07:09.134Z] | error | undefined
[2022-08-22T15:08:26.303Z] | error | undefined
[2022-08-22T15:09:05.958Z] | error | undefined
[2022-08-22T15:09:10.083Z] | error | undefined
[2022-08-22T15:09:17.879Z] | error | undefined
[2022-08-22T15:09:34.676Z] | error | undefined
[2022-08-22T15:09:35.082Z] | error | undefined
[2022-08-22T15:09:52.191Z] | error | undefined
[2022-08-22T15:12:12.233Z] | error | undefined
[2022-08-22T15:13:52.667Z] | error | undefined
[2022-08-22T15:13:54.261Z] | error | undefined
[2022-08-22T15:15:21.867Z] | error | undefined
[2022-08-22T15:18:24.830Z] | error | undefined
[2022-08-22T15:18:31.720Z] | error | undefined
[2022-08-22T15:19:52.140Z] | error | undefined
[2022-08-22T15:19:57.343Z] | error | undefined
[2022-08-22T15:20:01.827Z] | error | undefined
[2022-08-22T15:20:02.155Z] | error | undefined
[2022-08-22T15:22:06.056Z] | error | undefined
[2022-08-22T15:25:11.722Z] | error | undefined
[2022-08-22T15:25:22.565Z] | error | undefined
[2022-08-22T15:25:52.799Z] | error | undefined
[2022-08-22T15:25:57.830Z] | error | undefined
[2022-08-22T15:26:47.453Z] | error | undefined
[2022-08-22T15:27:32.436Z] | error | undefined
[2022-08-22T15:28:42.762Z] | error | undefined
[2022-08-22T15:28:43.324Z] | error | undefined
[2022-08-22T15:28:55.902Z] | error | undefined
[2022-08-22T15:34:02.516Z] | error | undefined
[2022-08-22T15:36:00.528Z] | error | undefined
[2022-08-22T15:36:00.544Z] | error | undefined
[2022-08-22T15:36:00.544Z] | error | undefined
[2022-08-22T15:36:00.544Z] | error | undefined
[2022-08-22T15:36:00.887Z] | error | undefined
[2022-08-22T15:36:24.355Z] | error | undefined
[2022-08-22T15:36:24.355Z] | error | undefined
[2022-08-22T15:36:24.355Z] | error | undefined
[2022-08-22T15:36:24.355Z] | error | undefined
[2022-08-22T15:39:52.395Z] | error | undefined
[2022-08-22T15:40:25.097Z] | error | undefined
[2022-08-22T15:40:39.690Z] | error | undefined
[2022-08-22T15:40:40.034Z] | error | undefined
[2022-08-22T15:47:39.958Z] | error | undefined
[2022-08-22T15:47:40.505Z] | error | undefined
[2022-08-22T15:47:42.582Z] | error | undefined
[2022-08-22T15:48:04.113Z] | error | undefined
[2022-08-22T15:48:09.113Z] | error | undefined
[2022-08-22T15:48:09.456Z] | error | undefined
[2022-08-22T15:48:13.941Z] | error | undefined
[2022-08-22T15:48:14.800Z] | error | undefined
[2022-08-22T15:49:02.549Z] | error | undefined
[2022-08-22T15:49:19.064Z] | error | undefined
[2022-08-22T15:49:19.314Z] | error | undefined
[2022-08-22T15:51:49.434Z] | error | undefined
[2022-08-22T15:52:22.136Z] | error | undefined
[2022-08-22T15:52:25.214Z] | error | undefined
[2022-08-22T15:52:25.355Z] | error | undefined
[2022-08-22T15:53:16.666Z] | error | undefined
[2022-08-22T15:53:30.243Z] | error | undefined
[2022-08-22T15:53:32.306Z] | error | undefined
[2022-08-22T15:53:32.681Z] | error | undefined
[2022-08-22T15:53:57.132Z] | error | undefined
[2022-08-22T15:53:59.429Z] | error | undefined
[2022-08-22T15:54:18.475Z] | error | undefined
[2022-08-22T15:54:21.881Z] | error | undefined
[2022-08-22T15:54:22.225Z] | error | undefined
[2022-08-22T16:07:54.369Z] | error | undefined
[2022-08-22T16:07:54.900Z] | error | undefined
[2022-08-22T16:12:10.751Z] | error | undefined
[2022-08-22T16:13:52.561Z] | error | undefined
[2022-08-22T16:14:19.748Z] | error | undefined
[2022-08-22T16:14:28.935Z] | error | undefined
[2022-08-22T16:17:14.741Z] | error | undefined
[2022-08-22T16:17:14.928Z] | error | undefined
[2022-08-22T16:20:26.093Z] | error | undefined
[2022-08-22T16:22:53.026Z] | error | undefined
[2022-08-22T16:42:37.704Z] | error | undefined
[2022-08-22T16:42:46.173Z] | error | undefined
[2022-08-22T16:43:26.000Z] | error | undefined
[2022-08-22T16:43:26.000Z] | error | undefined
[2022-08-22T16:43:26.000Z] | error | undefined
[2022-08-22T16:43:26.000Z] | error | undefined
[2022-08-22T16:43:26.312Z] | error | undefined
[2022-08-22T16:43:33.531Z] | error | undefined
[2022-08-22T16:43:47.577Z] | error | undefined
[2022-08-22T16:43:47.843Z] | error | undefined
[2022-08-22T16:44:12.608Z] | error | undefined
[2022-08-22T16:44:12.608Z] | error | undefined
[2022-08-22T16:44:12.608Z] | error | undefined
[2022-08-22T16:44:12.624Z] | error | undefined
[2022-08-22T16:55:20.428Z] | error | undefined
[2022-08-22T16:55:23.772Z] | error | undefined
[2022-08-22T16:56:14.067Z] | error | undefined
[2022-08-22T16:56:23.239Z] | error | undefined
[2022-08-22T16:56:31.348Z] | error | undefined
[2022-08-22T16:59:30.607Z] | error | undefined
[2022-08-22T17:02:15.914Z] | error | undefined
[2022-08-22T17:02:16.680Z] | error | undefined
[2022-08-22T17:10:28.022Z] | error | undefined
[2022-08-22T17:17:44.351Z] | error | undefined
[2022-08-22T17:19:55.707Z] | error | undefined
[2022-08-22T17:19:55.910Z] | error | undefined
[2022-08-22T17:22:02.749Z] | error | undefined
[2022-08-22T17:22:03.592Z] | error | undefined
[2022-08-22T17:22:47.950Z] | error | undefined
[2022-08-22T17:22:47.950Z] | error | undefined
[2022-08-22T17:22:47.950Z] | error | undefined
[2022-08-22T17:22:47.950Z] | error | undefined
[2022-08-22T17:23:10.996Z] | error | undefined
[2022-08-22T17:23:10.996Z] | error | undefined
[2022-08-22T17:23:11.012Z] | error | undefined
[2022-08-22T17:23:11.012Z] | error | undefined
[2022-08-22T17:23:11.356Z] | error | undefined
[2022-08-22T17:23:48.292Z] | error | error: invalid input syntax for integer: "null" ||| select * from insertContribuyentes(1780, 1, '', '09338048', 'CUADROS ARENAS JOSE GREGORIO', '12/24/1970', 173, 4, 'AV TOMAS MARSANO 2005 SURQUILLO', 'null', 'EMPRESARIO', '', '13243028', 0, 'null', 'null', 'null', 'null', 'null', 868)
[2022-08-22T17:23:48.292Z] | error | [object Object]
[2022-08-22T17:23:48.308Z] | error | error: invalid input syntax for integer: "null" ||| select * from insertContribuyentes(167, 1, '', '09175422', 'RANULFO MARTIN DIAZ MASIAS', '10/09/1966', 173, 2, 'CAROLINA VARGAS 275, DPTO. 401 SAN ISIDRO', 'null', 'INGENIERO CIVIL', '960871042', '', 0, 'null', 'null', 'null', 'null', 'null', 868)
[2022-08-22T17:23:48.308Z] | error | [object Object]
[2022-08-22T17:24:00.245Z] | error | undefined
[2022-08-22T17:24:00.245Z] | error | undefined
[2022-08-22T17:24:00.245Z] | error | undefined
[2022-08-22T17:24:00.260Z] | error | undefined
[2022-08-22T17:44:12.547Z] | error | undefined
[2022-08-22T17:48:55.741Z] | error | undefined
[2022-08-22T17:48:56.428Z] | error | undefined
[2022-08-22T17:49:05.740Z] | error | undefined
[2022-08-22T17:49:13.678Z] | error | undefined
[2022-08-22T17:49:13.678Z] | error | undefined
[2022-08-22T17:49:13.693Z] | error | undefined
[2022-08-22T17:49:13.693Z] | error | undefined
[2022-08-22T17:50:09.505Z] | error | error: invalid input syntax for integer: "null" ||| select * from insertContribuyentes(1834, 1, '', '07718052', 'ALDO MARTIN ARRUS ROKOVICH', '09/12/1964', 173, 4, 'AV. GOLF LOS  INCAS 404 DPTO.402 GREEN 3 -SANTIAGO DE SURCO', 'null', 'ADMINISTRADORA', '', '00130265', 0, 'null', 'null', 'null', 'null', 'null', 17128)
[2022-08-22T17:50:09.505Z] | error | undefined
[2022-08-22T17:50:09.520Z] | error | error: invalid input syntax for integer: "null" ||| select * from insertContribuyentes(1833, 1, '', '08219811', 'JORGE ERNESTO  ARTETA CASTILLO ', '10/15/1964', 173, 2, 'CALLE LA EXPLANADA 111 URB. ALAMEDA DE LA PLANICIE - LA MOLINA ', 'null', 'ADMINISTRADOR ', '.', '00130265', 0, 'null', 'null', 'null', 'null', 'null', 17128)
[2022-08-22T17:50:09.520Z] | error | undefined
[2022-08-22T17:50:19.973Z] | error | undefined
[2022-08-22T17:53:21.607Z] | error | undefined
[2022-08-22T17:55:57.789Z] | error | undefined
[2022-08-22T17:56:32.882Z] | error | undefined
[2022-08-22T17:56:33.086Z] | error | undefined
[2022-08-22T17:56:42.413Z] | error | undefined
[2022-08-22T17:57:45.441Z] | error | undefined
[2022-08-22T18:06:29.580Z] | error | undefined
[2022-08-22T18:08:57.232Z] | error | undefined
[2022-08-22T18:15:34.499Z] | error | undefined
[2022-08-22T18:16:54.855Z] | error | undefined
[2022-08-22T18:23:50.482Z] | error | undefined
[2022-08-22T18:23:51.060Z] | error | undefined
[2022-08-22T18:24:05.028Z] | error | undefined
[2022-08-22T18:29:02.987Z] | error | undefined
[2022-08-22T18:29:03.518Z] | error | undefined
[2022-08-22T18:44:27.190Z] | error | undefined
[2022-08-22T18:44:28.002Z] | error | undefined
[2022-08-22T18:45:01.329Z] | error | undefined
[2022-08-22T18:45:02.142Z] | error | undefined
[2022-08-22T18:45:23.610Z] | error | undefined
[2022-08-22T18:45:24.266Z] | error | undefined
[2022-08-22T18:47:31.512Z] | error | undefined
[2022-08-22T18:47:32.387Z] | error | undefined
[2022-08-22T18:49:13.461Z] | error | undefined
[2022-08-22T18:50:05.944Z] | error | undefined
[2022-08-22T18:51:03.536Z] | error | undefined
[2022-08-22T18:51:04.645Z] | error | undefined
[2022-08-22T18:53:03.328Z] | error | undefined
[2022-08-22T18:59:52.706Z] | error | undefined
[2022-08-22T19:00:43.766Z] | error | undefined
[2022-08-22T19:04:35.853Z] | error | undefined
[2022-08-22T19:04:45.556Z] | error | undefined
[2022-08-22T19:04:46.384Z] | error | undefined
[2022-08-22T19:04:51.133Z] | error | undefined
[2022-08-22T19:05:41.225Z] | error | undefined
[2022-08-22T19:05:54.803Z] | error | undefined
[2022-08-22T19:09:58.700Z] | error | undefined
[2022-08-22T19:14:55.143Z] | error | error: invalid input syntax for type numeric: "null" ||| select * from insertPerNatural(1 , 0, '45148103', 1, '', 'Lorena Lizzie', 'Nuñez beytia', 'Peruana ', '', '04/07/1988', 173, 2, 1, '', '', '06288117', '06/19/1976', 'Berlín 438 dpto 504 miraflores', '', '987417021', 'Lore_nb@hotmail.com', 'Iván Oswaldo Aguayo bobbio', 'Arequipa', '', 1251, false , 1, '', '', '', '', null, '', '', '', '', '', 0, 0, '', '',  '' , 'Independiente ', 'Sobre seguro logística integral sac', 1, '', 1, '', '', '173', 1, 1, 1, 1, 1, 1, 1, 1, 1, 1, 1, 1, '', 1, 1, 1, 1, 1, 0, 1, '', 0 , 2, 1, 2, 2, '8/22/2022' , 0, '', 'P1v870', '', '', 'SOLES', 'null', 0, 1, 1, 1, 0, 1, '', '', 1, 0)
[2022-08-22T19:14:55.143Z] | error | undefined
[2022-08-22T19:14:58.159Z] | error | undefined
[2022-08-22T19:16:38.516Z] | error | undefined
[2022-08-22T19:16:42.890Z] | error | undefined
[2022-08-22T19:19:29.759Z] | error | undefined
[2022-08-22T19:19:30.649Z] | error | undefined
[2022-08-22T19:21:24.411Z] | error | undefined
[2022-08-22T19:21:25.974Z] | error | undefined
[2022-08-22T19:21:56.035Z] | error | undefined
[2022-08-22T19:25:51.356Z] | error | undefined
[2022-08-22T19:30:17.799Z] | error | undefined
[2022-08-22T19:33:45.512Z] | error | undefined
[2022-08-22T19:35:19.851Z] | error | undefined
[2022-08-22T19:35:38.413Z] | error | undefined
[2022-08-22T19:38:43.344Z] | error | undefined
[2022-08-22T19:42:50.649Z] | error | undefined
[2022-08-22T19:44:15.349Z] | error | undefined
[2022-08-22T19:44:19.114Z] | error | undefined
[2022-08-22T19:45:12.894Z] | error | undefined
[2022-08-22T19:45:16.769Z] | error | undefined
[2022-08-22T19:48:04.170Z] | error | undefined
[2022-08-22T19:48:07.498Z] | error | undefined
[2022-08-22T20:11:18.951Z] | error | undefined
[2022-08-22T20:11:20.466Z] | error | undefined
[2022-08-22T20:11:52.667Z] | error | undefined
[2022-08-22T20:11:58.980Z] | error | undefined
[2022-08-22T20:12:33.463Z] | error | undefined
[2022-08-22T20:14:18.959Z] | error | undefined
[2022-08-22T20:17:18.484Z] | error | undefined
[2022-08-22T20:17:18.500Z] | error | undefined
[2022-08-22T20:17:34.359Z] | error | undefined
[2022-08-22T20:17:36.499Z] | error | undefined
[2022-08-22T20:18:09.796Z] | error | undefined
[2022-08-22T20:18:40.420Z] | error | undefined
[2022-08-22T20:18:57.075Z] | error | undefined
[2022-08-22T20:19:37.808Z] | error | undefined
[2022-08-22T20:20:02.839Z] | error | undefined
[2022-08-22T20:20:10.980Z] | error | undefined
[2022-08-22T20:20:14.636Z] | error | undefined
[2022-08-22T20:20:21.214Z] | error | undefined
[2022-08-22T20:21:19.179Z] | error | undefined
[2022-08-22T20:21:21.617Z] | error | undefined
[2022-08-22T20:22:00.912Z] | error | undefined
[2022-08-22T20:22:41.489Z] | error | undefined
[2022-08-22T20:22:55.333Z] | error | undefined
[2022-08-22T20:30:19.693Z] | error | undefined
[2022-08-22T20:30:23.927Z] | error | undefined
[2022-08-22T20:30:56.425Z] | error | undefined
[2022-08-22T20:31:09.081Z] | error | undefined
[2022-08-22T20:39:26.736Z] | error | undefined
[2022-08-22T20:39:27.580Z] | error | undefined
[2022-08-22T20:43:14.120Z] | error | undefined
[2022-08-22T20:45:41.848Z] | error | undefined
[2022-08-22T20:45:42.567Z] | error | undefined
[2022-08-22T20:45:50.973Z] | error | undefined
[2022-08-22T20:45:51.676Z] | error | undefined
[2022-08-22T20:47:57.875Z] | error | undefined
[2022-08-22T20:56:22.811Z] | error | undefined
[2022-08-22T20:56:29.920Z] | error | undefined
[2022-08-22T20:57:19.434Z] | error | undefined
[2022-08-22T20:57:30.856Z] | error | undefined
[2022-08-22T20:57:49.636Z] | error | undefined
[2022-08-22T20:58:54.790Z] | error | undefined
[2022-08-22T21:01:55.097Z] | error | undefined
[2022-08-22T21:04:28.420Z] | error | undefined
[2022-08-22T21:05:26.746Z] | error | undefined
[2022-08-22T21:05:26.746Z] | error | undefined
[2022-08-22T21:05:26.746Z] | error | undefined
[2022-08-22T21:05:26.746Z] | error | undefined
[2022-08-22T21:05:43.261Z] | error | undefined
[2022-08-22T21:05:58.651Z] | error | undefined
[2022-08-22T21:07:20.945Z] | error | undefined
[2022-08-22T21:09:12.582Z] | error | undefined
[2022-08-22T21:09:42.565Z] | error | undefined
[2022-08-22T21:09:53.409Z] | error | undefined
[2022-08-22T21:11:42.218Z] | error | undefined
[2022-08-22T21:13:12.324Z] | error | undefined
[2022-08-22T21:14:25.134Z] | error | undefined
[2022-08-22T21:30:31.804Z] | error | undefined
[2022-08-22T21:32:29.159Z] | error | undefined
[2022-08-22T21:34:54.576Z] | error | undefined
[2022-08-22T21:36:12.542Z] | error | undefined
[2022-08-22T21:37:23.884Z] | error | undefined
[2022-08-22T21:38:19.241Z] | error | undefined
[2022-08-22T21:40:59.594Z] | error | undefined
[2022-08-22T21:42:02.796Z] | error | undefined
[2022-08-22T21:45:36.554Z] | error | undefined
[2022-08-22T22:08:57.382Z] | error | undefined
[2022-08-22T22:18:16.269Z] | error | undefined
[2022-08-22T22:18:16.800Z] | error | undefined
[2022-08-22T22:19:34.688Z] | error | undefined
[2022-08-23T00:10:46.289Z] | error | undefined
[2022-08-23T00:10:46.992Z] | error | undefined
[2022-08-23T00:17:14.666Z] | error | undefined
[2022-08-23T00:17:16.401Z] | error | undefined
[2022-08-23T00:23:01.341Z] | error | undefined
[2022-08-23T00:24:53.573Z] | error | undefined
[2022-08-23T01:07:51.126Z] | error | undefined
[2022-08-23T01:10:49.573Z] | error | undefined
[2022-08-23T01:18:31.604Z] | error | undefined
[2022-08-23T01:18:32.697Z] | error | undefined
[2022-08-23T01:20:14.053Z] | error | undefined
[2022-08-23T01:20:14.788Z] | error | undefined
[2022-08-23T01:25:32.308Z] | error | undefined
[2022-08-23T01:33:41.667Z] | error | undefined
[2022-08-23T01:39:06.796Z] | error | undefined
[2022-08-23T14:04:00.164Z] | error | undefined
[2022-08-23T14:04:00.929Z] | error | undefined
[2022-08-23T14:04:12.726Z] | error | undefined
[2022-08-23T14:05:09.928Z] | error | undefined
[2022-08-23T14:05:32.318Z] | error | undefined
[2022-08-23T14:05:38.005Z] | error | undefined
[2022-08-23T14:06:17.582Z] | error | undefined
[2022-08-23T14:06:54.471Z] | error | undefined
[2022-08-23T14:06:59.158Z] | error | undefined
[2022-08-23T14:07:09.377Z] | error | undefined
[2022-08-23T14:09:37.434Z] | error | undefined
[2022-08-23T14:09:38.231Z] | error | undefined
[2022-08-23T14:12:44.319Z] | error | undefined
[2022-08-23T14:13:21.661Z] | error | undefined
[2022-08-23T14:13:21.989Z] | error | undefined
[2022-08-23T14:13:38.426Z] | error | undefined
[2022-08-23T14:14:12.253Z] | error | undefined
[2022-08-23T14:14:13.456Z] | error | undefined
[2022-08-23T14:17:22.184Z] | error | undefined
[2022-08-23T14:19:02.540Z] | error | undefined
[2022-08-23T14:19:05.931Z] | error | undefined
[2022-08-23T14:19:47.789Z] | error | undefined
[2022-08-23T14:19:48.445Z] | error | undefined
[2022-08-23T14:22:05.908Z] | error | undefined
[2022-08-23T14:22:05.908Z] | error | undefined
[2022-08-23T14:22:05.908Z] | error | undefined
[2022-08-23T14:22:05.908Z] | error | undefined
[2022-08-23T14:22:26.282Z] | error | undefined
[2022-08-23T14:22:34.674Z] | error | undefined
[2022-08-23T14:26:47.274Z] | error | undefined
[2022-08-23T14:26:58.071Z] | error | undefined
[2022-08-23T14:27:49.272Z] | error | undefined
[2022-08-23T14:27:56.319Z] | error | undefined
[2022-08-23T14:35:48.381Z] | error | undefined
[2022-08-23T14:38:38.266Z] | error | undefined
[2022-08-23T14:39:07.437Z] | error | undefined
[2022-08-23T14:41:15.463Z] | error | undefined
[2022-08-23T14:41:53.290Z] | error | undefined
[2022-08-23T14:42:56.522Z] | error | undefined
[2022-08-23T14:42:56.631Z] | error | undefined
[2022-08-23T14:44:23.785Z] | error | undefined
[2022-08-23T14:44:35.519Z] | error | undefined
[2022-08-23T14:44:40.925Z] | error | undefined
[2022-08-23T14:45:48.813Z] | error | undefined
[2022-08-23T14:46:22.327Z] | error | undefined
[2022-08-23T14:46:36.124Z] | error | undefined
[2022-08-23T14:46:36.155Z] | error | undefined
[2022-08-23T14:49:26.087Z] | error | undefined
[2022-08-23T14:49:26.869Z] | error | undefined
[2022-08-23T14:52:21.566Z] | error | undefined
[2022-08-23T14:52:25.878Z] | error | undefined
[2022-08-23T14:52:44.002Z] | error | undefined
[2022-08-23T14:53:29.547Z] | error | undefined
[2022-08-23T14:54:09.437Z] | error | undefined
[2022-08-23T14:54:10.859Z] | error | undefined
[2022-08-23T14:54:11.906Z] | error | undefined
[2022-08-23T14:54:57.373Z] | error | undefined
[2022-08-23T14:54:58.248Z] | error | undefined
[2022-08-23T14:55:02.654Z] | error | undefined
[2022-08-23T14:55:11.951Z] | error | undefined
[2022-08-23T14:55:12.779Z] | error | undefined
[2022-08-23T14:55:20.091Z] | error | undefined
[2022-08-23T14:55:31.294Z] | error | undefined
[2022-08-23T14:55:32.231Z] | error | undefined
[2022-08-23T14:56:44.135Z] | error | undefined
[2022-08-23T14:57:02.462Z] | error | undefined
[2022-08-23T14:57:07.697Z] | error | undefined
[2022-08-23T14:57:08.056Z] | error | undefined
[2022-08-23T14:57:20.821Z] | error | undefined
[2022-08-23T14:57:24.259Z] | error | undefined
[2022-08-23T14:57:36.539Z] | error | undefined
[2022-08-23T14:58:57.693Z] | error | undefined
[2022-08-23T14:59:01.958Z] | error | undefined
[2022-08-23T15:00:06.737Z] | error | undefined
[2022-08-23T15:00:07.300Z] | error | undefined
[2022-08-23T15:01:23.297Z] | error | undefined
[2022-08-23T15:01:23.766Z] | error | undefined
[2022-08-23T15:02:16.280Z] | error | undefined
[2022-08-23T15:02:33.154Z] | error | undefined
[2022-08-23T15:03:07.559Z] | error | undefined
[2022-08-23T15:03:08.403Z] | error | undefined
[2022-08-23T15:03:48.964Z] | error | undefined
[2022-08-23T15:04:24.510Z] | error | undefined
[2022-08-23T15:05:58.444Z] | error | undefined
[2022-08-23T15:06:12.209Z] | error | undefined
[2022-08-23T15:08:40.704Z] | error | undefined
[2022-08-23T15:09:24.953Z] | error | undefined
[2022-08-23T15:09:25.500Z] | error | undefined
[2022-08-23T15:09:32.796Z] | error | undefined
[2022-08-23T15:10:43.716Z] | error | undefined
[2022-08-23T15:10:51.747Z] | error | undefined
[2022-08-23T15:11:55.291Z] | error | undefined
[2022-08-23T15:24:04.063Z] | error | undefined
[2022-08-23T15:24:05.532Z] | error | undefined
[2022-08-23T15:24:19.594Z] | error | undefined
[2022-08-23T15:24:34.484Z] | error | undefined
[2022-08-23T15:25:31.311Z] | error | undefined
[2022-08-23T15:26:49.777Z] | error | undefined
[2022-08-23T15:27:06.713Z] | error | undefined
[2022-08-23T15:31:34.892Z] | error | undefined
[2022-08-23T15:32:40.327Z] | error | undefined
[2022-08-23T15:35:47.852Z] | error | undefined
[2022-08-23T15:39:34.188Z] | error | undefined
[2022-08-23T15:40:01.733Z] | error | undefined
[2022-08-23T15:49:08.793Z] | error | undefined
[2022-08-23T15:49:13.387Z] | error | undefined
[2022-08-23T15:49:13.403Z] | error | undefined
[2022-08-23T15:49:13.403Z] | error | undefined
[2022-08-23T15:49:13.418Z] | error | undefined
[2022-08-23T15:50:12.619Z] | error | undefined
[2022-08-23T15:50:23.103Z] | error | error: invalid input syntax for integer: "null" ||| select * from insertContribuyentes(1220, 1, '', '06365521', 'PATRICIA EUGENIA CONCHA LAZO', '04/27/1961', 173, 1, 'CALLE PACHACUTEC 2127 LINCE ', 'null', 'EMPRESARIA', '983506505', '', 0, 'null', 'null', 'null', 'null', 'null', 17171)
[2022-08-23T15:50:23.103Z] | error | undefined
[2022-08-23T15:50:37.822Z] | error | undefined
[2022-08-23T15:50:37.822Z] | error | undefined
[2022-08-23T15:50:37.837Z] | error | undefined
[2022-08-23T15:50:37.837Z] | error | undefined
[2022-08-23T15:50:38.150Z] | error | undefined
[2022-08-23T15:50:56.555Z] | error | undefined
[2022-08-23T15:50:56.837Z] | error | undefined
[2022-08-23T15:55:54.170Z] | error | undefined
[2022-08-23T15:59:54.771Z] | error | undefined
[2022-08-23T15:59:55.584Z] | error | undefined
[2022-08-23T16:11:53.560Z] | error | undefined
[2022-08-23T16:15:44.427Z] | error | undefined
[2022-08-23T16:15:53.364Z] | error | undefined
[2022-08-23T16:20:33.026Z] | error | undefined
[2022-08-23T16:21:21.056Z] | error | undefined
[2022-08-23T16:24:15.315Z] | error | undefined
[2022-08-23T16:24:34.518Z] | error | undefined
[2022-08-23T16:24:36.159Z] | error | undefined
[2022-08-23T16:24:36.502Z] | error | undefined
[2022-08-23T16:25:00.611Z] | error | undefined
[2022-08-23T16:25:11.314Z] | error | undefined
[2022-08-23T16:25:12.751Z] | error | undefined
[2022-08-23T16:25:13.173Z] | error | undefined
[2022-08-23T16:26:24.858Z] | error | undefined
[2022-08-23T16:29:07.087Z] | error | undefined
[2022-08-23T16:29:53.976Z] | error | undefined
[2022-08-23T16:29:54.257Z] | error | undefined
[2022-08-23T16:32:52.109Z] | error | undefined
[2022-08-23T16:37:15.914Z] | error | undefined
[2022-08-23T16:37:23.742Z] | error | undefined
[2022-08-23T16:37:23.992Z] | error | undefined
[2022-08-23T16:37:24.648Z] | error | undefined
[2022-08-23T16:37:37.007Z] | error | undefined
[2022-08-23T16:40:46.094Z] | error | undefined
[2022-08-23T16:47:20.581Z] | error | undefined
[2022-08-23T16:47:52.111Z] | error | undefined
[2022-08-23T17:06:08.011Z] | error | undefined
[2022-08-23T17:06:28.681Z] | error | undefined
[2022-08-23T17:07:05.399Z] | error | undefined
[2022-08-23T17:07:33.399Z] | error | undefined
[2022-08-23T17:07:38.555Z] | error | undefined
[2022-08-23T17:07:41.977Z] | error | undefined
[2022-08-23T17:07:42.117Z] | error | undefined
[2022-08-23T17:07:56.523Z] | error | undefined
[2022-08-23T17:09:00.162Z] | error | undefined
[2022-08-23T17:09:06.739Z] | error | undefined
[2022-08-23T17:09:11.474Z] | error | undefined
[2022-08-23T17:09:13.692Z] | error | undefined
[2022-08-23T17:09:13.833Z] | error | undefined
[2022-08-23T17:09:25.645Z] | error | undefined
[2022-08-23T17:09:42.535Z] | error | undefined
[2022-08-23T17:09:49.660Z] | error | undefined
[2022-08-23T17:16:30.818Z] | error | undefined
[2022-08-23T17:16:31.756Z] | error | undefined
[2022-08-23T17:19:12.000Z] | error | undefined
[2022-08-23T17:19:12.859Z] | error | undefined
[2022-08-23T17:22:07.791Z] | error | undefined
[2022-08-23T17:22:19.728Z] | error | undefined
[2022-08-23T17:22:34.524Z] | error | undefined
[2022-08-23T17:22:46.946Z] | error | undefined
[2022-08-23T17:22:46.946Z] | error | undefined
[2022-08-23T17:22:46.946Z] | error | undefined
[2022-08-23T17:22:46.946Z] | error | undefined
[2022-08-23T17:23:16.367Z] | error | undefined
[2022-08-23T17:23:16.679Z] | error | undefined
[2022-08-23T17:25:18.628Z] | error | undefined
[2022-08-23T17:25:19.519Z] | error | undefined
[2022-08-23T17:25:32.690Z] | error | undefined
[2022-08-23T17:25:58.252Z] | error | undefined
[2022-08-23T17:25:58.252Z] | error | undefined
[2022-08-23T17:25:58.252Z] | error | undefined
[2022-08-23T17:25:58.267Z] | error | undefined
[2022-08-23T17:27:53.748Z] | error | undefined
[2022-08-23T17:30:41.960Z] | error | undefined
[2022-08-23T17:33:33.518Z] | error | undefined
[2022-08-23T17:33:34.283Z] | error | undefined
[2022-08-23T17:34:27.047Z] | error | undefined
[2022-08-23T17:34:27.266Z] | error | undefined
[2022-08-23T17:38:00.524Z] | error | undefined
[2022-08-23T17:46:06.539Z] | error | undefined
[2022-08-23T17:46:38.366Z] | error | undefined
[2022-08-23T17:47:15.521Z] | error | undefined
[2022-08-23T17:47:38.801Z] | error | undefined
[2022-08-23T17:52:03.855Z] | error | undefined
[2022-08-23T17:52:20.151Z] | error | undefined
[2022-08-23T17:53:49.242Z] | error | undefined
[2022-08-23T17:53:59.445Z] | error | undefined
[2022-08-23T17:55:10.317Z] | error | undefined
[2022-08-23T17:55:25.332Z] | error | undefined
[2022-08-23T17:55:25.582Z] | error | undefined
[2022-08-23T17:56:41.877Z] | error | undefined
[2022-08-23T17:56:42.095Z] | error | undefined
[2022-08-23T18:07:45.401Z] | error | undefined
[2022-08-23T18:07:46.573Z] | error | undefined
[2022-08-23T18:07:54.026Z] | error | undefined
[2022-08-23T18:07:54.916Z] | error | undefined
[2022-08-23T18:09:33.116Z] | error | undefined
[2022-08-23T18:14:20.715Z] | error | undefined
[2022-08-23T18:14:49.558Z] | error | undefined
[2022-08-23T18:34:33.627Z] | error | undefined
[2022-08-23T18:34:36.237Z] | error | undefined
[2022-08-23T18:40:07.382Z] | error | undefined
[2022-08-23T18:40:07.382Z] | error | undefined
[2022-08-23T18:40:07.382Z] | error | undefined
[2022-08-23T18:40:07.397Z] | error | undefined
[2022-08-23T18:40:07.678Z] | error | undefined
[2022-08-23T18:40:44.755Z] | error | error: invalid input syntax for integer: "null" ||| select * from insertContribuyentes(1051, 1, '', '08271706', 'FRANCISCO JAVIER MARTIN ZUREK PARDO FIGUEROA', '06/14/1967', 173, 2, 'AV. RINCONADA DE LAGO 1660 LA MOLINA', 'null', 'EMPRESARIO - AGENTE INMOBILIARIO', '981874400', '11235236', 0, 'null', 'null', 'null', 'null', 'null', 7205)
[2022-08-23T18:40:44.755Z] | error | [object Object]
[2022-08-23T18:40:54.224Z] | error | undefined
[2022-08-23T18:40:54.224Z] | error | undefined
[2022-08-23T18:40:54.224Z] | error | undefined
[2022-08-23T18:40:54.224Z] | error | undefined
[2022-08-23T18:50:47.469Z] | error | undefined
[2022-08-23T18:50:47.469Z] | error | undefined
[2022-08-23T18:50:47.469Z] | error | undefined
[2022-08-23T18:50:47.469Z] | error | undefined
[2022-08-23T18:50:47.766Z] | error | undefined
[2022-08-23T18:51:27.749Z] | error | undefined
[2022-08-23T18:51:27.749Z] | error | undefined
[2022-08-23T18:51:27.749Z] | error | undefined
[2022-08-23T18:51:27.749Z] | error | undefined
[2022-08-23T18:58:07.157Z] | error | undefined
[2022-08-23T18:58:08.110Z] | error | undefined
[2022-08-23T18:58:22.579Z] | error | undefined
[2022-08-23T18:58:23.688Z] | error | undefined
[2022-08-23T19:02:20.242Z] | error | undefined
[2022-08-23T19:14:51.561Z] | error | undefined
[2022-08-23T19:15:14.091Z] | error | undefined
[2022-08-23T19:15:17.310Z] | error | undefined
[2022-08-23T19:15:20.278Z] | error | undefined
[2022-08-23T19:16:03.277Z] | error | undefined
[2022-08-23T19:16:08.058Z] | error | undefined
[2022-08-23T19:30:35.747Z] | error | undefined
[2022-08-23T19:30:36.560Z] | error | undefined
[2022-08-23T19:30:38.997Z] | error | undefined
[2022-08-23T19:30:39.669Z] | error | undefined
[2022-08-23T19:31:56.401Z] | error | undefined
[2022-08-23T19:32:33.009Z] | error | undefined
[2022-08-23T19:36:18.876Z] | error | undefined
[2022-08-23T19:36:22.814Z] | error | undefined
[2022-08-23T19:36:33.641Z] | error | undefined
[2022-08-23T19:36:35.735Z] | error | undefined
[2022-08-23T19:36:54.750Z] | error | undefined
[2022-08-23T19:36:56.672Z] | error | undefined
[2022-08-23T20:04:42.490Z] | error | undefined
[2022-08-23T20:08:59.091Z] | error | undefined
[2022-08-23T20:09:01.637Z] | error | undefined
[2022-08-23T20:19:26.366Z] | error | undefined
[2022-08-23T20:19:29.913Z] | error | undefined
[2022-08-23T20:30:00.390Z] | error | undefined
[2022-08-23T20:30:19.438Z] | error | undefined
[2022-08-23T20:31:47.825Z] | error | undefined
[2022-08-23T20:32:41.980Z] | error | undefined
[2022-08-23T20:34:52.256Z] | error | undefined
[2022-08-23T20:36:50.956Z] | error | undefined
[2022-08-23T20:38:12.062Z] | error | undefined
[2022-08-23T20:39:08.326Z] | error | undefined
[2022-08-23T20:39:22.747Z] | error | undefined
[2022-08-23T20:40:02.512Z] | error | undefined
[2022-08-23T20:40:05.777Z] | error | undefined
[2022-08-23T20:40:14.605Z] | error | undefined
[2022-08-23T20:40:47.729Z] | error | undefined
[2022-08-23T20:41:29.587Z] | error | undefined
[2022-08-23T20:41:55.820Z] | error | undefined
[2022-08-23T20:43:03.662Z] | error | undefined
[2022-08-23T20:43:48.598Z] | error | undefined
[2022-08-23T20:49:04.102Z] | error | undefined
[2022-08-23T20:52:25.877Z] | error | undefined
[2022-08-23T20:58:04.068Z] | error | undefined
[2022-08-23T21:00:18.736Z] | error | undefined
[2022-08-23T21:00:28.735Z] | error | undefined
[2022-08-23T21:00:28.735Z] | error | undefined
[2022-08-23T21:00:28.735Z] | error | undefined
[2022-08-23T21:00:28.735Z] | error | undefined
[2022-08-23T21:00:35.938Z] | error | undefined
[2022-08-23T21:00:37.188Z] | error | undefined
[2022-08-23T21:00:40.235Z] | error | undefined
[2022-08-23T21:01:59.185Z] | error | error: invalid input syntax for integer: "null" ||| select * from insertContribuyentes(1703, 1, '', '46148103', 'LORENA LIZZIE NUÑEZ BEYTIA ', '04/07/1988', 173, 2, 'JIRÓN HUMBOLDT 235', 'null', 'EMPRESARIA', '9874170021', 'LIMA', 0, 'null', 'null', 'null', 'null', 'null', 17193)
[2022-08-23T21:01:59.185Z] | error | undefined
[2022-08-23T21:02:44.075Z] | error | undefined
[2022-08-23T21:03:29.011Z] | error | undefined
[2022-08-23T21:03:29.011Z] | error | undefined
[2022-08-23T21:03:29.011Z] | error | undefined
[2022-08-23T21:03:29.011Z] | error | undefined
[2022-08-23T21:04:03.525Z] | error | undefined
[2022-08-23T21:07:06.986Z] | error | undefined
[2022-08-23T21:07:07.565Z] | error | undefined
[2022-08-23T21:10:07.684Z] | error | undefined
[2022-08-23T21:12:43.429Z] | error | undefined
[2022-08-23T21:16:36.609Z] | error | undefined
[2022-08-23T21:17:32.794Z] | error | undefined
[2022-08-23T21:20:27.804Z] | error | undefined
[2022-08-23T21:23:59.078Z] | error | undefined
[2022-08-23T21:24:24.842Z] | error | undefined
[2022-08-23T21:26:10.760Z] | error | undefined
[2022-08-23T21:26:14.791Z] | error | undefined
[2022-08-23T21:26:44.713Z] | error | undefined
[2022-08-23T21:26:45.260Z] | error | undefined
[2022-08-23T21:27:04.962Z] | error | undefined
[2022-08-23T21:27:30.883Z] | error | undefined
[2022-08-23T21:27:31.446Z] | error | undefined
[2022-08-23T21:27:52.258Z] | error | undefined
[2022-08-23T21:28:56.130Z] | error | undefined
[2022-08-23T21:29:22.614Z] | error | undefined
[2022-08-23T21:32:50.654Z] | error | undefined
[2022-08-23T21:32:55.794Z] | error | undefined
[2022-08-23T21:34:58.102Z] | error | undefined
[2022-08-23T21:35:07.477Z] | error | undefined
[2022-08-23T21:35:08.211Z] | error | undefined
[2022-08-23T21:36:01.991Z] | error | undefined
[2022-08-23T21:36:02.866Z] | error | undefined
[2022-08-23T21:37:21.175Z] | error | undefined
[2022-08-23T21:37:24.675Z] | error | undefined
[2022-08-23T21:38:11.627Z] | error | undefined
[2022-08-23T21:38:13.908Z] | error | undefined
[2022-08-23T21:38:50.032Z] | error | undefined
[2022-08-23T21:38:52.673Z] | error | undefined
[2022-08-23T21:39:31.312Z] | error | undefined
[2022-08-23T21:39:34.218Z] | error | undefined
[2022-08-23T21:39:43.952Z] | error | undefined
[2022-08-23T21:42:13.775Z] | error | undefined
[2022-08-23T21:43:39.928Z] | error | undefined
[2022-08-23T21:44:37.285Z] | error | undefined
[2022-08-23T21:45:16.627Z] | error | undefined
[2022-08-23T21:45:17.065Z] | error | undefined
[2022-08-23T21:55:28.529Z] | error | undefined
[2022-08-23T21:56:07.574Z] | error | undefined
[2022-08-23T21:57:15.009Z] | error | undefined
[2022-08-23T21:59:24.006Z] | error | undefined
[2022-08-23T22:02:33.609Z] | error | undefined
[2022-08-23T22:03:23.997Z] | error | undefined
[2022-08-23T22:05:48.617Z] | error | undefined
[2022-08-23T22:05:49.102Z] | error | undefined
[2022-08-23T22:05:53.008Z] | error | undefined
[2022-08-23T22:06:01.117Z] | error | undefined
[2022-08-23T22:06:07.836Z] | error | undefined
[2022-08-23T22:07:02.224Z] | error | undefined
[2022-08-23T22:12:46.088Z] | error | undefined
[2022-08-23T22:15:25.879Z] | error | undefined
[2022-08-23T22:15:25.957Z] | error | undefined
[2022-08-23T22:19:16.168Z] | error | undefined
[2022-08-23T22:19:16.168Z] | error | undefined
[2022-08-23T22:19:16.184Z] | error | undefined
[2022-08-23T22:19:16.184Z] | error | undefined
[2022-08-23T22:19:16.418Z] | error | undefined
[2022-08-23T22:19:59.604Z] | error | undefined
[2022-08-23T22:19:59.620Z] | error | undefined
[2022-08-23T22:19:59.620Z] | error | undefined
[2022-08-23T22:19:59.620Z] | error | undefined
[2022-08-23T22:20:19.338Z] | error | undefined
[2022-08-23T22:20:19.338Z] | error | undefined
[2022-08-23T22:20:19.354Z] | error | undefined
[2022-08-23T22:20:19.354Z] | error | undefined
