[2022-02-02T16:09:14.558Z] | error | Cannot read property 'id' of undefined
[2022-02-02T16:09:14.589Z] | error | undefined
[2022-02-02T16:14:57.082Z] | error | Cannot read property 'id' of undefined
[2022-02-02T16:14:57.092Z] | error | undefined
[2022-02-02T16:16:07.256Z] | error | Cannot read property 'id' of undefined
[2022-02-02T16:16:07.260Z] | error | undefined
[2022-02-02T16:18:10.962Z] | error | Cannot read property 'id' of undefined
[2022-02-02T16:18:10.962Z] | error | undefined
[2022-02-02T16:20:48.660Z] | error | Cannot read property 'id' of undefined
[2022-02-02T16:20:48.676Z] | error | undefined
[2022-02-02T16:22:49.970Z] | error | undefined
[2022-02-02T16:22:49.985Z] | error | Cannot read property 'id' of undefined
[2022-02-02T16:23:24.531Z] | error | Cannot read property 'id' of undefined
[2022-02-02T16:23:24.594Z] | error | undefined
[2022-02-02T16:23:46.577Z] | error | undefined
[2022-02-02T16:23:46.608Z] | error | Cannot read property 'id' of undefined
[2022-02-02T16:24:44.387Z] | error | undefined
[2022-02-02T16:24:44.449Z] | error | Cannot read property 'id' of undefined
[2022-02-02T17:21:02.012Z] | error | undefined
[2022-02-02T17:21:03.621Z] | error | undefined
[2022-02-02T17:21:36.714Z] | error | Cannot read property 'id' of undefined
[2022-02-02T17:21:36.714Z] | error | undefined
[2022-02-02T17:22:33.149Z] | error | undefined
[2022-02-02T17:22:33.180Z] | error | Cannot read property 'id' of undefined
[2022-02-02T17:23:29.444Z] | error | undefined
[2022-02-02T17:23:29.459Z] | error | Cannot read property 'id' of undefined
[2022-02-02T17:24:02.802Z] | error | undefined
[2022-02-02T17:24:02.802Z] | error | Cannot read property 'id' of undefined
[2022-02-02T18:50:39.181Z] | error | Cannot read property 'id' of undefined
[2022-02-02T18:50:39.196Z] | error | undefined
[2022-02-02T18:51:12.117Z] | error | Cannot read property 'id' of undefined
[2022-02-02T18:51:12.133Z] | error | undefined
[2022-02-02T18:51:30.632Z] | error | undefined
[2022-02-02T18:51:30.757Z] | error | Cannot read property 'id' of undefined
[2022-02-02T18:51:34.319Z] | error | Cannot read property 'id' of undefined
[2022-02-02T18:51:34.507Z] | error | undefined
[2022-02-02T18:51:37.304Z] | error | Cannot read property 'id' of undefined
[2022-02-02T18:51:37.460Z] | error | undefined
[2022-02-02T18:53:59.064Z] | error | undefined
[2022-02-02T18:53:59.110Z] | error | Cannot read property 'id' of undefined
[2022-02-02T18:54:13.188Z] | error | Cannot read property 'id' of undefined
[2022-02-02T18:54:13.204Z] | error | undefined
[2022-02-02T18:54:47.500Z] | error | undefined
[2022-02-02T18:54:47.500Z] | error | Cannot read property 'id' of undefined
[2022-02-02T18:55:12.139Z] | error | Cannot read property 'id' of undefined
[2022-02-02T18:55:12.186Z] | error | undefined
[2022-02-02T18:55:19.795Z] | error | undefined
[2022-02-02T18:55:19.811Z] | error | Cannot read property 'id' of undefined
[2022-02-02T18:56:56.948Z] | error | undefined
[2022-02-02T18:56:56.948Z] | error | Cannot read property 'id' of undefined
[2022-02-02T18:58:46.695Z] | error | Cannot read property 'id' of undefined
[2022-02-02T18:58:46.695Z] | error | undefined
[2022-02-02T18:59:06.507Z] | error | Cannot read property 'id' of undefined
[2022-02-02T18:59:06.522Z] | error | undefined
[2022-02-02T18:59:11.288Z] | error | undefined
[2022-02-02T18:59:11.303Z] | error | Cannot read property 'id' of undefined
[2022-02-02T20:16:35.121Z] | error | undefined
[2022-02-02T20:16:35.168Z] | error | Cannot read property 'id' of undefined
[2022-02-02T20:17:17.510Z] | error | undefined
[2022-02-02T20:17:17.541Z] | error | Cannot read property 'id' of undefined
[2022-02-02T20:26:11.383Z] | error | Cannot read property 'id' of undefined
[2022-02-02T20:26:11.415Z] | error | undefined
[2022-02-02T20:27:39.318Z] | error | undefined
[2022-02-02T20:27:39.334Z] | error | Cannot read property 'id' of undefined
[2022-02-02T20:27:46.427Z] | error | undefined
[2022-02-02T20:27:46.490Z] | error | Cannot read property 'id' of undefined
[2022-02-02T20:28:10.598Z] | error | undefined
[2022-02-02T20:28:10.598Z] | error | undefined
[2022-02-02T20:28:10.614Z] | error | Cannot read property 'id' of undefined
[2022-02-02T20:28:10.629Z] | error | Cannot read property 'id' of undefined
[2022-02-02T20:28:11.957Z] | error | Cannot read property 'id' of undefined
[2022-02-02T20:28:11.989Z] | error | undefined
[2022-02-02T20:48:43.074Z] | error | undefined
[2022-02-02T20:48:43.792Z] | error | undefined
[2022-02-02T20:48:46.792Z] | error | undefined
[2022-02-02T20:48:52.308Z] | error | undefined
[2022-02-02T20:49:05.292Z] | error | undefined
[2022-02-02T20:49:58.618Z] | error | invalid input syntax for type numeric: ""
[2022-02-02T20:50:35.242Z] | error | undefined
[2022-02-02T21:05:00.495Z] | error | Cannot read property 'id' of undefined
[2022-02-02T21:05:00.604Z] | error | undefined
[2022-02-02T21:05:09.510Z] | error | undefined
[2022-02-02T21:05:09.588Z] | error | Cannot read property 'id' of undefined
[2022-02-02T21:16:54.643Z] | error | undefined
[2022-02-02T21:16:54.737Z] | error | Cannot read property 'id' of undefined
[2022-02-02T21:32:16.598Z] | error | Cannot read property 'id' of undefined
[2022-02-02T21:32:16.629Z] | error | undefined
[2022-02-02T21:44:55.870Z] | error | Cannot read property 'id' of undefined
[2022-02-02T21:44:55.885Z] | error | undefined
[2022-02-02T21:50:16.578Z] | error | Cannot read property 'id' of undefined
[2022-02-02T21:50:16.594Z] | error | undefined
[2022-02-02T21:52:21.075Z] | error | undefined
[2022-02-02T21:52:21.169Z] | error | Cannot read property 'id' of undefined
[2022-02-02T21:57:29.392Z] | error | Cannot read property 'id' of undefined
[2022-02-02T21:57:29.408Z] | error | undefined
[2022-02-02T22:11:11.318Z] | error | undefined
[2022-02-02T22:11:11.318Z] | error | Cannot read property 'id' of undefined
[2022-02-02T22:13:04.237Z] | error | Cannot read property 'id' of undefined
[2022-02-02T22:13:04.268Z] | error | undefined
[2022-02-02T22:16:17.418Z] | error | Cannot read property 'id' of undefined
[2022-02-02T22:16:17.449Z] | error | undefined
[2022-02-02T22:16:28.308Z] | error | Cannot read property 'id' of undefined
[2022-02-02T22:16:28.308Z] | error | undefined
[2022-02-02T22:16:44.370Z] | error | Cannot read property 'id' of undefined
[2022-02-02T22:16:44.370Z] | error | undefined
[2022-02-02T22:16:57.682Z] | error | undefined
[2022-02-02T22:16:57.682Z] | error | Cannot read property 'id' of undefined
[2022-02-02T22:17:29.009Z] | error | Unexpected token u in JSON at position 0
[2022-02-02T22:18:47.960Z] | error | Cannot read property 'id' of undefined
[2022-02-02T22:18:47.960Z] | error | undefined
[2022-02-02T22:18:52.147Z] | error | Unexpected token u in JSON at position 0
[2022-02-02T22:20:53.674Z] | error | undefined
[2022-02-02T22:20:53.674Z] | error | Cannot read property 'id' of undefined
[2022-02-02T22:21:04.924Z] | error | Unexpected token u in JSON at position 0
[2022-02-02T22:21:37.173Z] | error | undefined
[2022-02-02T22:21:37.220Z] | error | Cannot read property 'id' of undefined
[2022-02-02T22:23:16.201Z] | error | Cannot read property 'id' of undefined
[2022-02-02T22:23:16.201Z] | error | undefined
[2022-02-02T22:23:30.498Z] | error | undefined
[2022-02-02T22:23:30.498Z] | error | Cannot read property 'id' of undefined
[2022-02-02T22:23:49.075Z] | error | Unexpected token u in JSON at position 0
[2022-02-02T22:25:28.072Z] | error | Cannot read property 'id' of undefined
[2022-02-02T22:25:28.134Z] | error | undefined
[2022-02-02T22:25:35.134Z] | error | undefined
[2022-02-02T22:25:35.134Z] | error | Cannot read property 'id' of undefined
[2022-02-02T22:26:00.024Z] | error | Unexpected token u in JSON at position 0
[2022-02-02T22:26:25.070Z] | error | Unexpected token u in JSON at position 0
[2022-02-02T22:26:33.023Z] | error | Unexpected token u in JSON at position 0
[2022-02-02T22:28:26.160Z] | error | undefined
[2022-02-02T22:28:26.160Z] | error | Cannot read property 'id' of undefined
[2022-02-02T22:28:30.363Z] | error | Cannot read property 'id' of undefined
[2022-02-02T22:28:30.378Z] | error | undefined
[2022-02-02T22:28:33.706Z] | error | undefined
[2022-02-02T22:28:33.722Z] | error | Cannot read property 'id' of undefined
[2022-02-02T22:28:47.222Z] | error | Unexpected token u in JSON at position 0
[2022-02-02T22:29:44.579Z] | error | Unexpected token u in JSON at position 0
[2022-02-02T22:30:00.313Z] | error | Cannot read property 'id' of undefined
[2022-02-02T22:30:00.329Z] | error | undefined
[2022-02-02T22:33:48.369Z] | error | Cannot read property 'id' of undefined
[2022-02-02T22:33:48.369Z] | error | undefined
[2022-02-02T22:34:04.290Z] | error | undefined
[2022-02-02T22:34:04.306Z] | error | Cannot read property 'id' of undefined
[2022-02-02T22:34:26.352Z] | error | Unexpected token u in JSON at position 0
[2022-02-02T22:35:10.272Z] | error | Cannot read property 'id' of undefined
[2022-02-02T22:35:10.350Z] | error | undefined
[2022-02-02T22:35:35.755Z] | error | Unexpected token u in JSON at position 0
[2022-02-02T22:38:29.499Z] | error | Cannot read property 'id' of undefined
[2022-02-02T22:38:29.515Z] | error | undefined
[2022-02-02T22:38:40.499Z] | error | Unexpected token u in JSON at position 0
[2022-02-02T22:39:27.826Z] | error | undefined
[2022-02-02T22:39:27.826Z] | error | Cannot read property 'id' of undefined
[2022-02-02T22:54:08.984Z] | error | undefined
[2022-02-02T22:54:09.188Z] | error | Cannot read property 'id' of undefined
[2022-02-02T23:06:50.944Z] | error | Cannot read property 'id' of undefined
[2022-02-02T23:06:50.944Z] | error | undefined
[2022-02-02T23:08:05.255Z] | error | Cannot read property 'id' of undefined
[2022-02-02T23:08:08.224Z] | error | undefined
[2022-02-02T23:11:44.934Z] | error | Cannot read property 'id' of undefined
[2022-02-02T23:11:44.934Z] | error | undefined
[2022-02-02T23:18:10.453Z] | error | undefined
[2022-02-02T23:18:10.469Z] | error | Cannot read property 'id' of undefined
[2022-02-02T23:18:12.687Z] | error | undefined
[2022-02-02T23:18:12.890Z] | error | Cannot read property 'id' of undefined
[2022-02-02T23:23:32.989Z] | error | undefined
[2022-02-02T23:23:33.036Z] | error | Cannot read property 'id' of undefined
[2022-02-02T23:23:36.224Z] | error | undefined
[2022-02-02T23:23:36.255Z] | error | Cannot read property 'id' of undefined
[2022-02-02T23:24:23.894Z] | error | Cannot read property 'id' of undefined
[2022-02-02T23:24:23.894Z] | error | undefined
[2022-02-02T23:29:01.869Z] | error | undefined
[2022-02-02T23:29:01.916Z] | error | Cannot read property 'id' of undefined
[2022-02-02T23:29:15.947Z] | error | Cannot read property 'id' of undefined
[2022-02-02T23:29:15.947Z] | error | undefined
[2022-02-02T23:36:18.856Z] | error | undefined
[2022-02-02T23:36:18.887Z] | error | Cannot read property 'id' of undefined
[2022-02-02T23:37:23.697Z] | error | Cannot read property 'id' of undefined
[2022-02-02T23:37:23.728Z] | error | undefined
[2022-02-02T23:38:21.789Z] | error | undefined
[2022-02-02T23:38:21.804Z] | error | Cannot read property 'id' of undefined
[2022-02-02T23:39:01.428Z] | error | undefined
[2022-02-02T23:39:01.584Z] | error | Cannot read property 'id' of undefined
[2022-02-02T23:39:07.021Z] | error | Cannot read property 'id' of undefined
[2022-02-02T23:39:07.053Z] | error | undefined
[2022-02-02T23:39:28.583Z] | error | undefined
[2022-02-02T23:39:28.880Z] | error | Cannot read property 'id' of undefined
[2022-02-02T23:41:16.220Z] | error | Cannot read property 'id' of undefined
[2022-02-02T23:41:16.220Z] | error | undefined
[2022-02-02T23:41:33.204Z] | error | Cannot read property 'id' of undefined
[2022-02-02T23:41:33.220Z] | error | undefined
[2022-02-02T23:44:40.089Z] | error | undefined
[2022-02-02T23:44:40.104Z] | error | Cannot read property 'id' of undefined
[2022-02-02T23:45:44.290Z] | error | undefined
[2022-02-02T23:45:44.290Z] | error | Cannot read property 'id' of undefined
[2022-02-02T23:45:56.336Z] | error | undefined
[2022-02-02T23:45:56.399Z] | error | Cannot read property 'id' of undefined
[2022-02-03T14:18:18.803Z] | error | Cannot read property 'id' of undefined
[2022-02-03T14:18:18.818Z] | error | undefined
[2022-02-03T14:19:36.410Z] | error | undefined
[2022-02-03T14:19:36.456Z] | error | Cannot read property 'id' of undefined
[2022-02-03T14:21:05.750Z] | error | Cannot read property 'id' of undefined
[2022-02-03T14:21:05.750Z] | error | Cannot read property 'id' of undefined
[2022-02-03T14:21:05.766Z] | error | undefined
[2022-02-03T14:21:05.782Z] | error | undefined
[2022-02-03T14:21:26.500Z] | error | Cannot read property 'id' of undefined
[2022-02-03T14:21:26.500Z] | error | undefined
[2022-02-03T14:21:26.562Z] | error | undefined
[2022-02-03T14:21:26.593Z] | error | Cannot read property 'id' of undefined
[2022-02-03T14:21:35.671Z] | error | Cannot read property 'id' of undefined
[2022-02-03T14:21:35.843Z] | error | undefined
[2022-02-03T14:21:36.343Z] | error | undefined
[2022-02-03T14:21:36.406Z] | error | Cannot read property 'id' of undefined
[2022-02-03T14:21:41.609Z] | error | undefined
[2022-02-03T14:21:41.640Z] | error | Cannot read property 'id' of undefined
[2022-02-03T14:21:44.233Z] | error | Cannot read property 'id' of undefined
[2022-02-03T14:21:44.280Z] | error | undefined
[2022-02-03T14:21:45.218Z] | error | undefined
[2022-02-03T14:21:45.233Z] | error | Cannot read property 'id' of undefined
[2022-02-03T14:21:46.796Z] | error | Cannot read property 'id' of undefined
[2022-02-03T14:21:46.796Z] | error | undefined
[2022-02-03T14:21:48.124Z] | error | Cannot read property 'id' of undefined
[2022-02-03T14:21:48.155Z] | error | undefined
[2022-02-03T14:21:55.030Z] | error | undefined
[2022-02-03T14:21:55.093Z] | error | Cannot read property 'id' of undefined
[2022-02-03T14:21:56.639Z] | error | Cannot read property 'id' of undefined
[2022-02-03T14:21:56.749Z] | error | undefined
[2022-02-03T14:22:17.544Z] | error | Cannot read property 'id' of undefined
[2022-02-03T14:22:17.591Z] | error | undefined
[2022-02-03T14:22:18.185Z] | error | Cannot read property 'id' of undefined
[2022-02-03T14:22:18.200Z] | error | undefined
[2022-02-03T14:22:37.278Z] | error | undefined
[2022-02-03T14:22:37.309Z] | error | Cannot read property 'id' of undefined
[2022-02-03T14:22:40.684Z] | error | Cannot read property 'id' of undefined
[2022-02-03T14:22:40.699Z] | error | undefined
[2022-02-03T14:22:41.981Z] | error | Cannot read property 'id' of undefined
[2022-02-03T14:22:42.059Z] | error | undefined
[2022-02-03T14:22:43.715Z] | error | undefined
[2022-02-03T14:22:43.715Z] | error | Cannot read property 'id' of undefined
[2022-02-03T14:24:07.462Z] | error | Cannot read property 'id' of undefined
[2022-02-03T14:24:07.556Z] | error | undefined
[2022-02-03T14:24:16.228Z] | error | Cannot read property 'id' of undefined
[2022-02-03T14:24:16.259Z] | error | undefined
[2022-02-03T14:24:24.571Z] | error | Cannot read property 'id' of undefined
[2022-02-03T14:24:24.571Z] | error | undefined
[2022-02-03T14:48:34.461Z] | error | undefined
[2022-02-03T14:48:35.196Z] | error | undefined
[2022-02-03T14:48:43.289Z] | error | undefined
[2022-02-03T14:48:43.789Z] | error | undefined
[2022-02-03T14:53:02.812Z] | error | undefined
[2022-02-03T14:53:03.499Z] | error | undefined
[2022-02-03T15:01:10.733Z] | error | undefined
[2022-02-03T15:01:18.264Z] | error | undefined
[2022-02-03T15:03:04.308Z] | error | Cannot read property 'id' of undefined
[2022-02-03T15:03:42.025Z] | error | Cannot read property 'id' of undefined
[2022-02-03T15:03:46.666Z] | error | undefined
[2022-02-03T15:03:53.213Z] | error | Cannot read property 'id' of undefined
[2022-02-03T15:03:57.369Z] | error | undefined
[2022-02-03T15:38:49.005Z] | error | undefined
[2022-02-03T15:38:49.020Z] | error | undefined
[2022-02-03T17:29:39.381Z] | error | undefined
[2022-02-03T17:29:40.209Z] | error | undefined
[2022-02-03T17:29:57.864Z] | error | undefined
[2022-02-03T17:36:16.243Z] | error | undefined
[2022-02-03T17:36:17.133Z] | error | undefined
[2022-02-03T17:36:26.898Z] | error | undefined
[2022-02-03T17:37:17.945Z] | error | undefined
[2022-02-03T17:37:58.584Z] | error | invalid input syntax for type numeric: ""
[2022-02-03T17:38:43.378Z] | error | undefined
[2022-02-03T17:38:51.878Z] | error | undefined
[2022-02-03T17:38:52.550Z] | error | undefined
[2022-02-03T17:40:11.064Z] | error | undefined
[2022-02-03T17:40:11.064Z] | error | undefined
[2022-02-03T17:40:11.064Z] | error | undefined
[2022-02-03T17:40:11.080Z] | error | undefined
[2022-02-03T17:40:11.080Z] | error | undefined
[2022-02-03T17:40:11.080Z] | error | undefined
[2022-02-03T17:40:20.204Z] | error | undefined
[2022-02-03T17:40:52.016Z] | error | undefined
[2022-02-03T18:29:21.701Z] | error | undefined
[2022-02-03T18:29:22.373Z] | error | undefined
[2022-02-03T18:29:30.013Z] | error | undefined
[2022-02-03T18:29:30.982Z] | error | undefined
[2022-02-03T20:09:10.334Z] | error | undefined
[2022-02-03T20:09:10.334Z] | error | undefined
[2022-02-03T20:11:26.798Z] | error | undefined
[2022-02-03T20:11:27.002Z] | error | undefined
[2022-02-03T20:11:51.610Z] | error | undefined
[2022-02-03T20:11:51.782Z] | error | undefined
[2022-02-03T20:12:50.094Z] | error | undefined
[2022-02-03T20:12:50.156Z] | error | undefined
[2022-02-03T20:13:00.999Z] | error | undefined
[2022-02-03T20:13:01.015Z] | error | undefined
[2022-02-03T20:14:07.996Z] | error | undefined
[2022-02-03T20:14:08.028Z] | error | undefined
[2022-02-03T20:15:24.509Z] | error | undefined
[2022-02-03T20:15:24.619Z] | error | undefined
[2022-02-03T21:07:39.048Z] | error | undefined
[2022-02-03T21:07:39.642Z] | error | undefined
[2022-02-03T21:15:29.423Z] | error | undefined
[2022-02-03T21:15:29.845Z] | error | undefined
[2022-02-03T21:15:36.876Z] | error | undefined
[2022-02-03T21:15:39.626Z] | error | undefined
[2022-02-03T21:16:52.217Z] | error | undefined
[2022-02-03T21:18:04.793Z] | error | undefined
[2022-02-03T21:19:33.353Z] | error | undefined
[2022-02-03T21:19:33.462Z] | error | undefined
[2022-02-03T21:19:35.009Z] | error | undefined
[2022-02-03T21:19:35.103Z] | error | undefined
[2022-02-03T21:20:46.819Z] | error | undefined
[2022-02-03T21:27:03.089Z] | error | undefined
[2022-02-03T21:27:03.605Z] | error | undefined
[2022-02-03T21:27:16.120Z] | error | undefined
[2022-02-03T21:27:16.120Z] | error | undefined
[2022-02-03T21:27:16.120Z] | error | undefined
[2022-02-03T21:27:16.120Z] | error | undefined
[2022-02-03T21:27:16.120Z] | error | undefined
[2022-02-03T21:27:16.120Z] | error | undefined
[2022-02-03T21:27:22.573Z] | error | undefined
[2022-02-03T21:28:07.180Z] | error | undefined
[2022-02-03T21:29:15.490Z] | error | undefined
[2022-02-03T21:29:15.584Z] | error | undefined
[2022-02-03T21:29:16.490Z] | error | undefined
[2022-02-03T21:29:16.771Z] | error | undefined
[2022-02-03T21:29:30.208Z] | error | undefined
[2022-02-03T21:30:42.862Z] | error | undefined
[2022-02-03T21:30:43.081Z] | error | undefined
[2022-02-03T21:30:47.081Z] | error | undefined
[2022-02-03T21:30:47.096Z] | error | undefined
[2022-02-03T21:30:47.096Z] | error | undefined
[2022-02-03T21:30:47.096Z] | error | undefined
[2022-02-03T21:30:47.315Z] | error | undefined
[2022-02-03T21:30:47.862Z] | error | undefined
[2022-02-03T21:30:50.237Z] | error | undefined
[2022-02-03T21:31:01.924Z] | error | undefined
[2022-02-03T21:31:15.705Z] | error | undefined
[2022-02-03T21:40:54.592Z] | error | undefined
[2022-02-03T21:40:55.123Z] | error | undefined
[2022-02-03T21:41:16.248Z] | error | undefined
[2022-02-03T21:41:16.701Z] | error | undefined
[2022-02-03T21:41:28.513Z] | error | undefined
[2022-02-03T21:41:38.044Z] | error | undefined
[2022-02-03T21:41:45.731Z] | error | undefined
[2022-02-03T21:41:46.153Z] | error | undefined
[2022-02-03T21:41:56.825Z] | error | undefined
[2022-02-03T21:41:56.825Z] | error | undefined
[2022-02-03T21:41:56.825Z] | error | undefined
[2022-02-03T21:41:56.825Z] | error | undefined
[2022-02-03T21:41:56.825Z] | error | undefined
[2022-02-03T21:41:56.841Z] | error | undefined
[2022-02-03T21:42:02.935Z] | error | undefined
[2022-02-03T21:42:19.169Z] | error | undefined
[2022-02-03T21:54:31.409Z] | error | undefined
[2022-02-03T21:54:31.831Z] | error | undefined
[2022-02-03T22:20:48.108Z] | error | undefined
[2022-02-03T22:20:48.186Z] | error | undefined
[2022-02-03T22:20:49.686Z] | error | undefined
[2022-02-03T22:20:49.764Z] | error | undefined
[2022-02-03T22:20:57.858Z] | error | undefined
[2022-02-03T22:29:09.482Z] | error | undefined
[2022-02-03T22:29:09.920Z] | error | undefined
[2022-02-03T22:29:15.701Z] | error | undefined
[2022-02-03T22:29:15.701Z] | error | undefined
[2022-02-03T22:29:15.701Z] | error | undefined
[2022-02-03T22:29:15.701Z] | error | undefined
[2022-02-03T22:29:15.701Z] | error | undefined
[2022-02-03T22:29:15.701Z] | error | undefined
[2022-02-03T22:31:40.602Z] | error | undefined
[2022-02-03T22:31:41.055Z] | error | undefined
[2022-02-03T22:31:45.571Z] | error | undefined
[2022-02-03T22:31:45.571Z] | error | undefined
[2022-02-03T22:31:45.571Z] | error | undefined
[2022-02-03T22:31:45.586Z] | error | undefined
[2022-02-03T22:31:45.586Z] | error | undefined
[2022-02-03T22:31:45.586Z] | error | undefined
[2022-02-03T22:37:33.294Z] | error | undefined
[2022-02-03T22:41:22.193Z] | error | undefined
[2022-02-03T22:41:22.755Z] | error | undefined
[2022-02-03T22:58:32.300Z] | error | undefined
[2022-02-03T22:58:32.550Z] | error | undefined
[2022-02-03T22:59:16.564Z] | error | undefined
[2022-02-03T22:59:16.564Z] | error | undefined
[2022-02-03T22:59:33.298Z] | error | undefined
[2022-02-03T22:59:33.360Z] | error | undefined
[2022-02-03T22:59:45.969Z] | error | undefined
[2022-02-03T22:59:45.969Z] | error | undefined
[2022-02-03T23:00:05.969Z] | error | undefined
[2022-02-03T23:00:05.969Z] | error | undefined
[2022-02-03T23:00:16.343Z] | error | undefined
[2022-02-03T23:00:16.343Z] | error | undefined
[2022-02-03T23:00:38.749Z] | error | undefined
[2022-02-03T23:00:38.780Z] | error | undefined
[2022-02-03T23:00:51.483Z] | error | undefined
[2022-02-03T23:00:51.498Z] | error | undefined
[2022-02-03T23:01:02.389Z] | error | undefined
[2022-02-03T23:01:02.389Z] | error | undefined
[2022-02-03T23:01:15.185Z] | error | undefined
[2022-02-03T23:01:15.201Z] | error | undefined
[2022-02-03T23:01:37.481Z] | error | undefined
[2022-02-03T23:01:37.481Z] | error | undefined
[2022-02-03T23:01:53.153Z] | error | undefined
[2022-02-03T23:01:53.184Z] | error | undefined
[2022-02-03T23:02:08.230Z] | error | undefined
[2022-02-03T23:02:08.324Z] | error | undefined
[2022-02-03T23:02:23.808Z] | error | undefined
[2022-02-03T23:02:23.823Z] | error | undefined
[2022-02-03T23:02:33.511Z] | error | undefined
[2022-02-03T23:02:33.511Z] | error | undefined
[2022-02-03T23:02:47.448Z] | error | undefined
[2022-02-03T23:02:47.963Z] | error | undefined
[2022-02-03T23:03:56.914Z] | error | undefined
[2022-02-03T23:03:56.914Z] | error | undefined
[2022-02-03T23:04:08.632Z] | error | undefined
[2022-02-03T23:04:08.648Z] | error | undefined
[2022-02-03T23:04:16.117Z] | error | undefined
[2022-02-03T23:04:16.132Z] | error | undefined
[2022-02-03T23:06:44.127Z] | error | undefined
[2022-02-03T23:06:44.737Z] | error | undefined
[2022-02-03T23:10:46.057Z] | error | undefined
[2022-02-03T23:10:46.135Z] | error | undefined
[2022-02-03T23:12:57.694Z] | error | undefined
[2022-02-03T23:12:57.694Z] | error | undefined
[2022-02-03T23:13:07.178Z] | error | undefined
[2022-02-03T23:13:07.257Z] | error | undefined
[2022-02-03T23:13:18.506Z] | error | undefined
[2022-02-03T23:13:18.631Z] | error | undefined
[2022-02-03T23:15:41.595Z] | error | undefined
[2022-02-03T23:15:41.627Z] | error | undefined
[2022-02-03T23:18:20.761Z] | error | undefined
[2022-02-03T23:18:20.823Z] | error | undefined
[2022-02-03T23:18:33.339Z] | error | undefined
[2022-02-03T23:18:33.354Z] | error | undefined
[2022-02-03T23:19:33.040Z] | error | undefined
[2022-02-03T23:19:33.118Z] | error | undefined
[2022-02-03T23:19:41.899Z] | error | undefined
[2022-02-03T23:19:41.946Z] | error | undefined
[2022-02-03T23:19:50.727Z] | error | undefined
[2022-02-03T23:19:50.727Z] | error | undefined
[2022-02-03T23:21:00.881Z] | error | undefined
[2022-02-03T23:21:00.928Z] | error | undefined
[2022-02-03T23:22:04.144Z] | error | undefined
[2022-02-03T23:22:04.176Z] | error | undefined
[2022-02-03T23:28:51.694Z] | error | undefined
[2022-02-03T23:29:11.241Z] | error | undefined
[2022-02-03T23:29:46.693Z] | error | undefined
[2022-02-03T23:32:02.015Z] | error | undefined
[2022-02-03T23:32:02.953Z] | error | undefined
[2022-02-03T23:32:20.280Z] | error | undefined
[2022-02-03T23:35:22.946Z] | error | undefined
[2022-02-03T23:37:35.646Z] | error | undefined
[2022-02-03T23:42:20.605Z] | error | undefined
[2022-02-03T23:42:20.620Z] | error | undefined
[2022-02-03T23:42:26.323Z] | error | undefined
[2022-02-03T23:42:26.339Z] | error | undefined
[2022-02-03T23:42:26.354Z] | error | undefined
[2022-02-03T23:42:26.370Z] | error | undefined
[2022-02-03T23:42:31.229Z] | error | undefined
[2022-02-03T23:42:31.229Z] | error | undefined
[2022-02-03T23:42:31.261Z] | error | undefined
[2022-02-03T23:42:31.261Z] | error | undefined
[2022-02-03T23:42:49.822Z] | error | undefined
[2022-02-03T23:42:49.932Z] | error | undefined
[2022-02-03T23:42:50.869Z] | error | undefined
[2022-02-03T23:42:50.916Z] | error | undefined
[2022-02-03T23:46:25.378Z] | error | undefined
[2022-02-03T23:46:25.440Z] | error | undefined
[2022-02-03T23:47:15.642Z] | error | undefined
[2022-02-03T23:47:15.673Z] | error | undefined
[2022-02-03T23:47:33.438Z] | error | undefined
[2022-02-03T23:47:33.485Z] | error | undefined
[2022-02-03T23:47:47.532Z] | error | undefined
[2022-02-03T23:47:47.719Z] | error | undefined
[2022-02-03T23:49:11.044Z] | error | undefined
[2022-02-03T23:49:11.044Z] | error | undefined
[2022-02-03T23:49:17.622Z] | error | undefined
[2022-02-03T23:49:17.732Z] | error | undefined
[2022-02-03T23:49:32.106Z] | error | undefined
[2022-02-03T23:49:32.122Z] | error | undefined
[2022-02-03T23:49:42.340Z] | error | undefined
[2022-02-03T23:49:42.372Z] | error | undefined
[2022-02-03T23:49:48.699Z] | error | undefined
[2022-02-03T23:49:48.778Z] | error | undefined
[2022-02-03T23:49:49.824Z] | error | undefined
[2022-02-03T23:49:49.840Z] | error | undefined
[2022-02-03T23:49:52.418Z] | error | undefined
[2022-02-03T23:49:52.418Z] | error | undefined
[2022-02-03T23:49:53.730Z] | error | undefined
[2022-02-03T23:49:53.840Z] | error | undefined
[2022-02-03T23:49:55.230Z] | error | undefined
[2022-02-03T23:49:55.230Z] | error | undefined
[2022-02-03T23:49:56.418Z] | error | undefined
[2022-02-03T23:49:56.480Z] | error | undefined
[2022-02-03T23:50:00.168Z] | error | undefined
[2022-02-03T23:50:00.199Z] | error | undefined
[2022-02-03T23:50:04.605Z] | error | undefined
[2022-02-03T23:50:04.605Z] | error | undefined
[2022-02-03T23:51:00.306Z] | error | undefined
[2022-02-03T23:51:00.306Z] | error | undefined
[2022-02-03T23:51:02.166Z] | error | undefined
[2022-02-03T23:51:02.181Z] | error | undefined
[2022-02-03T23:51:08.916Z] | error | undefined
[2022-02-03T23:51:08.931Z] | error | undefined
[2022-02-03T23:51:09.837Z] | error | undefined
[2022-02-03T23:51:09.869Z] | error | undefined
[2022-02-03T23:51:12.697Z] | error | undefined
[2022-02-03T23:51:12.712Z] | error | undefined
[2022-02-03T23:51:13.947Z] | error | undefined
[2022-02-03T23:51:13.962Z] | error | undefined
[2022-02-03T23:51:15.009Z] | error | undefined
[2022-02-03T23:51:15.040Z] | error | undefined
[2022-02-03T23:51:16.165Z] | error | undefined
[2022-02-03T23:51:16.212Z] | error | undefined
[2022-02-03T23:57:39.310Z] | error | undefined
[2022-02-03T23:57:39.341Z] | error | undefined
[2022-02-03T23:57:41.201Z] | error | undefined
[2022-02-03T23:57:41.216Z] | error | undefined
[2022-02-04T00:06:07.917Z] | error | undefined
[2022-02-04T00:06:07.933Z] | error | undefined
[2022-02-04T00:08:51.068Z] | error | undefined
[2022-02-04T00:08:51.100Z] | error | undefined
[2022-02-04T00:26:38.956Z] | error | undefined
[2022-02-04T00:28:38.328Z] | error | undefined
[2022-02-04T00:28:38.359Z] | error | undefined
[2022-02-04T00:28:45.202Z] | error | undefined
[2022-02-04T00:28:45.280Z] | error | undefined
[2022-02-04T00:28:52.280Z] | error | undefined
[2022-02-04T00:28:52.280Z] | error | undefined
[2022-02-04T00:50:17.284Z] | error | undefined
[2022-02-04T00:50:17.315Z] | error | undefined
[2022-02-04T00:50:27.159Z] | error | undefined
[2022-02-04T00:50:27.159Z] | error | undefined
[2022-02-04T00:50:32.909Z] | error | undefined
[2022-02-04T00:50:32.940Z] | error | undefined
[2022-02-04T00:50:42.783Z] | error | undefined
[2022-02-04T00:50:42.815Z] | error | undefined
[2022-02-04T00:50:42.940Z] | error | undefined
[2022-02-04T00:50:42.955Z] | error | undefined
[2022-02-04T00:50:47.361Z] | error | undefined
[2022-02-04T00:50:47.596Z] | error | undefined
[2022-02-04T00:50:48.643Z] | error | undefined
[2022-02-04T00:50:48.643Z] | error | undefined
[2022-02-04T00:50:48.643Z] | error | undefined
[2022-02-04T00:50:48.658Z] | error | undefined
[2022-02-04T00:50:50.486Z] | error | undefined
[2022-02-04T00:50:50.486Z] | error | undefined
[2022-02-04T00:50:53.877Z] | error | undefined
[2022-02-04T00:50:53.892Z] | error | undefined
[2022-02-04T00:50:53.908Z] | error | undefined
[2022-02-04T00:50:53.924Z] | error | undefined
[2022-02-04T00:51:00.595Z] | error | undefined
[2022-02-04T00:51:00.627Z] | error | undefined
[2022-02-04T00:51:02.595Z] | error | undefined
[2022-02-04T00:51:02.658Z] | error | undefined
[2022-02-04T00:51:02.673Z] | error | undefined
[2022-02-04T00:51:02.736Z] | error | undefined
[2022-02-04T00:51:10.454Z] | error | undefined
[2022-02-04T00:51:10.470Z] | error | undefined
[2022-02-04T00:51:11.376Z] | error | undefined
[2022-02-04T00:51:11.392Z] | error | undefined
[2022-02-04T00:51:11.486Z] | error | undefined
[2022-02-04T00:51:11.532Z] | error | undefined
[2022-02-04T00:51:17.564Z] | error | undefined
[2022-02-04T00:51:17.579Z] | error | undefined
[2022-02-04T00:51:25.141Z] | error | undefined
[2022-02-04T00:51:25.157Z] | error | undefined
[2022-02-04T00:51:26.157Z] | error | undefined
[2022-02-04T00:51:26.157Z] | error | undefined
[2022-02-04T00:51:26.173Z] | error | undefined
[2022-02-04T00:51:26.204Z] | error | undefined
[2022-02-04T00:51:29.985Z] | error | undefined
[2022-02-04T00:51:30.016Z] | error | undefined
[2022-02-04T00:51:33.063Z] | error | undefined
[2022-02-04T00:51:33.063Z] | error | undefined
[2022-02-04T00:51:33.094Z] | error | undefined
[2022-02-04T00:51:33.094Z] | error | undefined
[2022-02-04T00:51:36.813Z] | error | undefined
[2022-02-04T00:51:36.875Z] | error | undefined
[2022-02-04T00:51:49.391Z] | error | undefined
[2022-02-04T00:51:49.391Z] | error | undefined
[2022-02-04T00:51:53.844Z] | error | undefined
[2022-02-04T00:51:53.937Z] | error | undefined
[2022-02-04T00:51:56.922Z] | error | undefined
[2022-02-04T00:51:56.937Z] | error | undefined
[2022-02-04T00:52:00.515Z] | error | undefined
[2022-02-04T00:52:00.593Z] | error | undefined
[2022-02-04T00:52:00.656Z] | error | undefined
[2022-02-04T00:52:00.671Z] | error | undefined
[2022-02-04T00:52:11.421Z] | error | undefined
[2022-02-04T00:52:11.421Z] | error | undefined
[2022-02-04T00:52:15.702Z] | error | undefined
[2022-02-04T00:52:15.780Z] | error | undefined
[2022-02-04T00:52:20.483Z] | error | undefined
[2022-02-04T00:52:20.483Z] | error | undefined
[2022-02-04T00:52:20.483Z] | error | undefined
[2022-02-04T00:52:20.577Z] | error | undefined
[2022-02-04T00:52:35.967Z] | error | undefined
[2022-02-04T00:52:36.358Z] | error | undefined
[2022-02-04T00:52:36.702Z] | error | undefined
[2022-02-04T00:52:36.702Z] | error | undefined
[2022-02-04T00:52:36.764Z] | error | undefined
[2022-02-04T00:52:36.764Z] | error | undefined
[2022-02-04T00:52:36.842Z] | error | undefined
[2022-02-04T00:52:36.858Z] | error | undefined
[2022-02-04T00:52:36.889Z] | error | undefined
[2022-02-04T00:52:36.920Z] | error | undefined
[2022-02-04T00:52:36.920Z] | error | undefined
[2022-02-04T00:52:36.983Z] | error | undefined
[2022-02-04T01:16:04.687Z] | error | undefined
[2022-02-04T01:16:04.687Z] | error | undefined
[2022-02-04T01:16:07.577Z] | error | undefined
[2022-02-04T01:16:07.609Z] | error | undefined
[2022-02-04T01:16:08.265Z] | error | undefined
[2022-02-04T01:16:08.312Z] | error | undefined
[2022-02-04T01:16:09.671Z] | error | undefined
[2022-02-04T01:16:11.030Z] | error | undefined
[2022-02-04T01:16:11.390Z] | error | undefined
[2022-02-04T01:16:12.296Z] | error | undefined
[2022-02-04T01:18:18.839Z] | error | undefined
[2022-02-04T01:18:18.870Z] | error | undefined
[2022-02-04T01:18:25.667Z] | error | undefined
[2022-02-04T01:18:25.698Z] | error | undefined
[2022-02-04T01:18:32.760Z] | error | undefined
[2022-02-04T01:18:32.760Z] | error | undefined
[2022-02-04T01:18:33.479Z] | error | undefined
[2022-02-04T01:18:33.479Z] | error | undefined
[2022-02-04T01:18:34.229Z] | error | undefined
[2022-02-04T01:18:34.291Z] | error | undefined
[2022-02-04T01:18:35.010Z] | error | undefined
[2022-02-04T01:18:35.026Z] | error | undefined
[2022-02-04T01:18:35.823Z] | error | undefined
[2022-02-04T01:18:35.823Z] | error | undefined
[2022-02-04T01:19:23.149Z] | error | undefined
[2022-02-04T01:19:23.165Z] | error | undefined
[2022-02-04T01:19:28.430Z] | error | undefined
[2022-02-04T01:19:28.508Z] | error | undefined
[2022-02-04T01:19:38.914Z] | error | undefined
[2022-02-04T01:19:38.961Z] | error | undefined
[2022-02-04T01:19:51.508Z] | error | undefined
[2022-02-04T01:19:51.539Z] | error | undefined
[2022-02-04T01:20:00.398Z] | error | undefined
[2022-02-04T01:20:00.414Z] | error | undefined
[2022-02-04T01:20:03.820Z] | error | undefined
[2022-02-04T01:20:03.835Z] | error | undefined
[2022-02-04T01:20:04.757Z] | error | undefined
[2022-02-04T01:20:04.773Z] | error | undefined
[2022-02-04T01:20:06.132Z] | error | undefined
[2022-02-04T01:20:06.163Z] | error | undefined
[2022-02-04T01:20:21.647Z] | error | undefined
[2022-02-04T01:20:24.601Z] | error | undefined
[2022-02-04T01:24:05.485Z] | error | undefined
[2022-02-04T01:24:05.500Z] | error | undefined
[2022-02-04T01:24:08.203Z] | error | undefined
[2022-02-04T01:24:08.219Z] | error | undefined
[2022-02-04T01:24:11.813Z] | error | undefined
[2022-02-04T01:24:11.860Z] | error | undefined
[2022-02-04T01:24:17.281Z] | error | undefined
[2022-02-04T01:24:17.391Z] | error | undefined
[2022-02-04T01:24:30.859Z] | error | undefined
[2022-02-04T01:24:30.875Z] | error | undefined
[2022-02-04T01:24:34.593Z] | error | undefined
[2022-02-04T01:24:34.593Z] | error | undefined
[2022-02-04T01:24:39.187Z] | error | undefined
[2022-02-04T01:24:39.249Z] | error | undefined
[2022-02-04T01:24:41.999Z] | error | undefined
[2022-02-04T01:24:42.077Z] | error | undefined
[2022-02-04T01:24:58.436Z] | error | undefined
[2022-02-04T01:24:58.561Z] | error | undefined
[2022-02-04T01:25:01.655Z] | error | undefined
[2022-02-04T01:25:01.670Z] | error | undefined
[2022-02-04T01:25:05.982Z] | error | undefined
[2022-02-04T01:25:05.982Z] | error | undefined
[2022-02-04T01:25:07.810Z] | error | undefined
[2022-02-04T01:25:07.919Z] | error | undefined
[2022-02-04T01:25:09.435Z] | error | undefined
[2022-02-04T01:25:09.450Z] | error | undefined
[2022-02-04T01:25:10.497Z] | error | undefined
[2022-02-04T01:25:10.560Z] | error | undefined
[2022-02-04T01:25:40.387Z] | error | undefined
[2022-02-04T01:25:40.465Z] | error | undefined
[2022-02-04T01:25:46.621Z] | error | undefined
[2022-02-04T01:25:46.621Z] | error | undefined
[2022-02-04T01:25:49.340Z] | error | undefined
[2022-02-04T01:25:49.355Z] | error | undefined
[2022-02-04T01:25:52.215Z] | error | undefined
[2022-02-04T01:25:52.746Z] | error | undefined
[2022-02-04T01:25:56.558Z] | error | undefined
[2022-02-04T01:25:56.621Z] | error | undefined
[2022-02-04T01:25:59.089Z] | error | undefined
[2022-02-04T01:25:59.089Z] | error | undefined
[2022-02-04T01:26:02.558Z] | error | undefined
[2022-02-04T01:26:02.589Z] | error | undefined
[2022-02-04T01:28:25.069Z] | error | undefined
[2022-02-04T01:28:25.085Z] | error | undefined
[2022-02-04T01:29:27.614Z] | error | undefined
[2022-02-04T01:29:27.629Z] | error | undefined
[2022-02-04T01:29:45.145Z] | error | undefined
[2022-02-04T01:29:45.160Z] | error | undefined
[2022-02-04T01:29:51.613Z] | error | undefined
[2022-02-04T01:29:51.644Z] | error | undefined
[2022-02-04T01:30:28.831Z] | error | undefined
[2022-02-04T01:30:28.878Z] | error | undefined
[2022-02-04T01:30:30.831Z] | error | undefined
[2022-02-04T01:30:30.846Z] | error | undefined
[2022-02-04T01:30:35.190Z] | error | undefined
[2022-02-04T01:30:35.205Z] | error | undefined
[2022-02-04T01:30:38.315Z] | error | undefined
[2022-02-04T01:30:38.408Z] | error | undefined
[2022-02-04T01:30:39.408Z] | error | undefined
[2022-02-04T01:30:39.408Z] | error | undefined
[2022-02-04T01:31:45.547Z] | error | undefined
[2022-02-04T01:31:45.578Z] | error | undefined
[2022-02-04T01:31:50.312Z] | error | undefined
[2022-02-04T01:31:50.359Z] | error | undefined
[2022-02-04T01:31:53.859Z] | error | undefined
[2022-02-04T01:31:53.906Z] | error | undefined
[2022-02-04T01:31:55.422Z] | error | undefined
[2022-02-04T01:31:55.437Z] | error | undefined
[2022-02-04T01:32:04.374Z] | error | undefined
[2022-02-04T01:32:04.390Z] | error | undefined
[2022-02-04T01:32:06.515Z] | error | undefined
[2022-02-04T01:32:06.531Z] | error | undefined
[2022-02-04T01:32:10.030Z] | error | undefined
[2022-02-04T01:32:10.046Z] | error | undefined
[2022-02-04T01:32:13.155Z] | error | undefined
[2022-02-04T01:32:13.187Z] | error | undefined
[2022-02-04T01:32:31.108Z] | error | undefined
[2022-02-04T01:32:31.139Z] | error | undefined
[2022-02-04T01:32:40.342Z] | error | undefined
[2022-02-04T01:32:40.561Z] | error | undefined
[2022-02-04T01:32:45.154Z] | error | undefined
[2022-02-04T01:32:45.170Z] | error | undefined
[2022-02-04T01:32:49.123Z] | error | undefined
[2022-02-04T01:32:49.123Z] | error | undefined
[2022-02-04T01:32:51.420Z] | error | undefined
[2022-02-04T01:32:51.467Z] | error | undefined
[2022-02-04T01:32:53.967Z] | error | undefined
[2022-02-04T01:32:53.982Z] | error | undefined
[2022-02-04T01:32:55.466Z] | error | undefined
[2022-02-04T01:32:55.529Z] | error | undefined
[2022-02-04T01:32:56.795Z] | error | undefined
[2022-02-04T01:32:56.826Z] | error | undefined
[2022-02-04T01:32:58.373Z] | error | undefined
[2022-02-04T01:32:58.373Z] | error | undefined
[2022-02-04T01:33:41.027Z] | error | undefined
[2022-02-04T01:33:41.027Z] | error | undefined
[2022-02-04T01:33:45.559Z] | error | undefined
[2022-02-04T01:33:45.559Z] | error | undefined
[2022-02-04T01:33:53.325Z] | error | undefined
[2022-02-04T01:33:53.341Z] | error | undefined
[2022-02-04T01:34:01.778Z] | error | undefined
[2022-02-04T01:34:01.778Z] | error | undefined
[2022-02-04T01:34:08.371Z] | error | undefined
[2022-02-04T01:34:08.371Z] | error | undefined
[2022-02-04T01:34:36.574Z] | error | undefined
[2022-02-04T01:34:36.605Z] | error | undefined
[2022-02-04T01:34:43.120Z] | error | undefined
[2022-02-04T01:34:43.245Z] | error | undefined
[2022-02-04T01:34:51.354Z] | error | undefined
[2022-02-04T01:34:51.370Z] | error | undefined
[2022-02-04T01:35:25.446Z] | error | undefined
[2022-02-04T01:35:25.462Z] | error | undefined
[2022-02-04T01:35:28.836Z] | error | undefined
[2022-02-04T01:35:28.915Z] | error | undefined
[2022-02-04T01:36:43.866Z] | error | undefined
[2022-02-04T01:36:43.866Z] | error | undefined
[2022-02-04T01:37:07.287Z] | error | undefined
[2022-02-04T01:37:07.319Z] | error | undefined
[2022-02-04T01:37:11.928Z] | error | undefined
[2022-02-04T01:37:11.943Z] | error | undefined
[2022-02-04T01:37:14.756Z] | error | undefined
[2022-02-04T01:37:14.834Z] | error | undefined
[2022-02-04T01:37:17.287Z] | error | undefined
[2022-02-04T01:37:17.287Z] | error | undefined
[2022-02-04T01:37:22.474Z] | error | undefined
[2022-02-04T01:37:22.537Z] | error | undefined
[2022-02-04T01:37:25.052Z] | error | undefined
[2022-02-04T01:37:25.052Z] | error | undefined
[2022-02-04T01:37:26.599Z] | error | undefined
[2022-02-04T01:37:26.615Z] | error | undefined
[2022-02-04T01:37:48.473Z] | error | undefined
[2022-02-04T01:37:48.488Z] | error | undefined
[2022-02-04T01:39:27.377Z] | error | undefined
[2022-02-04T01:39:27.392Z] | error | undefined
[2022-02-04T01:41:01.513Z] | error | undefined
[2022-02-04T01:41:01.529Z] | error | undefined
[2022-02-04T01:41:04.576Z] | error | undefined
[2022-02-04T01:41:04.747Z] | error | undefined
[2022-02-04T01:41:07.544Z] | error | undefined
[2022-02-04T01:41:07.560Z] | error | undefined
[2022-02-04T01:41:08.935Z] | error | undefined
[2022-02-04T01:41:08.966Z] | error | undefined
[2022-02-04T01:41:10.075Z] | error | undefined
[2022-02-04T01:41:10.138Z] | error | undefined
[2022-02-04T02:17:45.238Z] | error | undefined
[2022-02-04T02:17:45.816Z] | error | undefined
[2022-02-04T02:18:45.564Z] | error | undefined
[2022-02-04T02:18:45.705Z] | error | undefined
[2022-02-04T02:18:55.189Z] | error | undefined
[2022-02-04T02:18:55.220Z] | error | undefined
[2022-02-04T02:22:14.012Z] | error | undefined
[2022-02-04T02:22:14.074Z] | error | undefined
[2022-02-04T02:31:55.710Z] | error | undefined
[2022-02-04T02:31:55.726Z] | error | undefined
[2022-02-04T02:32:59.786Z] | error | undefined
[2022-02-04T02:32:59.911Z] | error | undefined
[2022-02-04T02:33:21.895Z] | error | undefined
[2022-02-04T02:33:21.926Z] | error | undefined
[2022-02-04T02:33:32.285Z] | error | undefined
[2022-02-04T02:33:32.285Z] | error | undefined
[2022-02-04T02:37:33.262Z] | error | undefined
[2022-02-04T02:37:34.840Z] | error | undefined
[2022-02-04T02:38:05.730Z] | error | undefined
[2022-02-04T02:38:05.823Z] | error | undefined
[2022-02-04T02:41:49.910Z] | error | undefined
[2022-02-04T02:41:49.941Z] | error | undefined
[2022-02-04T02:41:54.363Z] | error | undefined
[2022-02-04T02:41:54.597Z] | error | undefined
[2022-02-04T02:41:55.910Z] | error | undefined
[2022-02-04T02:41:55.925Z] | error | undefined
[2022-02-04T02:43:06.939Z] | error | undefined
[2022-02-04T02:43:06.954Z] | error | undefined
[2022-02-04T02:43:10.626Z] | error | undefined
[2022-02-04T02:43:10.704Z] | error | undefined
[2022-02-04T02:43:12.016Z] | error | undefined
[2022-02-04T02:43:12.048Z] | error | undefined
[2022-02-04T02:43:14.063Z] | error | undefined
[2022-02-04T02:43:14.110Z] | error | undefined
[2022-02-04T02:43:16.438Z] | error | undefined
[2022-02-04T02:43:16.438Z] | error | undefined
[2022-02-04T02:44:59.138Z] | error | undefined
[2022-02-04T02:44:59.216Z] | error | undefined
[2022-02-04T02:45:14.028Z] | error | undefined
[2022-02-04T02:45:14.106Z] | error | undefined
[2022-02-04T02:45:21.606Z] | error | undefined
[2022-02-04T02:45:21.653Z] | error | undefined
[2022-02-04T02:45:21.669Z] | error | undefined
[2022-02-04T02:45:21.684Z] | error | undefined
[2022-02-04T02:45:36.356Z] | error | undefined
[2022-02-04T02:45:36.402Z] | error | undefined
[2022-02-04T02:45:38.996Z] | error | undefined
[2022-02-04T02:45:39.012Z] | error | undefined
[2022-02-04T02:45:41.168Z] | error | undefined
[2022-02-04T02:45:41.340Z] | error | undefined
[2022-02-04T02:45:42.855Z] | error | undefined
[2022-02-04T02:45:42.933Z] | error | undefined
[2022-02-04T02:45:44.887Z] | error | undefined
[2022-02-04T02:45:44.902Z] | error | undefined
[2022-02-04T02:46:29.526Z] | error | undefined
[2022-02-04T02:46:29.541Z] | error | undefined
[2022-02-04T02:46:35.229Z] | error | undefined
[2022-02-04T02:46:35.276Z] | error | undefined
[2022-02-04T02:46:38.479Z] | error | undefined
[2022-02-04T02:46:38.557Z] | error | undefined
[2022-02-04T02:46:40.307Z] | error | undefined
[2022-02-04T02:46:40.353Z] | error | undefined
[2022-02-04T02:46:54.197Z] | error | undefined
[2022-02-04T02:46:54.244Z] | error | undefined
[2022-02-04T02:46:57.181Z] | error | undefined
[2022-02-04T02:46:57.212Z] | error | undefined
[2022-02-04T02:46:58.743Z] | error | undefined
[2022-02-04T02:46:58.790Z] | error | undefined
[2022-02-04T02:47:00.259Z] | error | undefined
[2022-02-04T02:47:00.275Z] | error | undefined
[2022-02-04T02:47:41.164Z] | error | undefined
[2022-02-04T02:47:41.211Z] | error | undefined
[2022-02-04T02:48:43.646Z] | error | undefined
[2022-02-04T02:48:43.662Z] | error | undefined
[2022-02-04T17:33:59.551Z] | error | undefined
[2022-02-04T17:34:01.020Z] | error | undefined
[2022-02-04T19:44:16.567Z] | error | undefined
[2022-02-04T19:44:17.192Z] | error | undefined
[2022-02-04T19:44:38.363Z] | error | undefined
[2022-02-04T19:45:21.268Z] | error | undefined
[2022-02-04T19:45:29.643Z] | error | undefined
[2022-02-04T22:46:55.865Z] | error | undefined
[2022-02-04T23:39:13.748Z] | error | undefined
[2022-02-04T23:39:25.951Z] | error | undefined
[2022-02-04T23:39:26.420Z] | error | undefined
[2022-02-04T23:39:29.029Z] | error | undefined
[2022-02-04T23:39:48.559Z] | error | undefined
[2022-02-05T02:26:17.827Z] | error | undefined
[2022-02-05T02:26:17.873Z] | error | undefined
[2022-02-05T02:27:28.090Z] | error | undefined
[2022-02-05T02:27:28.105Z] | error | undefined
[2022-02-05T02:27:31.152Z] | error | undefined
[2022-02-05T02:27:31.152Z] | error | undefined
[2022-02-05T02:28:55.821Z] | error | undefined
[2022-02-05T02:28:55.853Z] | error | undefined
[2022-02-05T02:29:00.712Z] | error | undefined
[2022-02-05T02:29:00.727Z] | error | undefined
[2022-02-05T02:29:19.336Z] | error | undefined
[2022-02-05T02:29:19.352Z] | error | undefined
[2022-02-05T02:30:08.866Z] | error | undefined
[2022-02-05T02:30:08.866Z] | error | undefined
[2022-02-05T02:30:18.006Z] | error | undefined
[2022-02-05T02:30:18.037Z] | error | undefined
[2022-02-05T02:31:34.347Z] | error | undefined
[2022-02-05T02:31:34.363Z] | error | undefined
[2022-02-05T02:31:41.238Z] | error | undefined
[2022-02-05T02:31:41.378Z] | error | undefined
[2022-02-05T02:33:21.564Z] | error | undefined
[2022-02-05T02:33:21.689Z] | error | undefined
[2022-02-05T02:35:54.620Z] | error | undefined
[2022-02-05T02:35:54.870Z] | error | undefined
[2022-02-05T02:35:58.058Z] | error | undefined
[2022-02-05T02:35:58.120Z] | error | undefined
[2022-02-05T02:36:15.776Z] | error | undefined
[2022-02-05T02:36:16.182Z] | error | undefined
[2022-02-05T02:36:19.994Z] | error | undefined
[2022-02-05T02:36:20.026Z] | error | undefined
[2022-02-05T02:36:24.494Z] | error | undefined
[2022-02-05T02:36:24.494Z] | error | undefined
[2022-02-05T02:36:24.650Z] | error | undefined
[2022-02-05T02:36:24.650Z] | error | undefined
[2022-02-05T02:36:26.744Z] | error | undefined
[2022-02-05T02:36:26.791Z] | error | undefined
[2022-02-05T02:36:27.994Z] | error | undefined
[2022-02-05T02:36:28.057Z] | error | undefined
[2022-02-05T02:36:28.072Z] | error | undefined
[2022-02-05T02:36:28.260Z] | error | undefined
[2022-02-05T02:36:29.244Z] | error | undefined
[2022-02-05T02:36:29.432Z] | error | undefined
[2022-02-05T02:36:30.635Z] | error | undefined
[2022-02-05T02:36:30.635Z] | error | undefined
[2022-02-05T02:36:30.713Z] | error | undefined
[2022-02-05T02:36:30.713Z] | error | undefined
[2022-02-05T02:36:32.838Z] | error | undefined
[2022-02-05T02:36:32.869Z] | error | undefined
[2022-02-05T02:36:41.447Z] | error | undefined
[2022-02-05T02:36:41.462Z] | error | undefined
[2022-02-05T02:39:33.723Z] | error | Unexpected token o in JSON at position 1
[2022-02-05T02:44:19.229Z] | error | Unexpected token o in JSON at position 1
[2022-02-05T02:53:58.352Z] | error | undefined
[2022-02-05T02:53:58.367Z] | error | undefined
[2022-02-05T02:53:58.664Z] | error | undefined
[2022-02-05T02:53:58.758Z] | error | undefined
[2022-02-05T02:54:02.554Z] | error | Unexpected token o in JSON at position 1
[2022-02-05T02:54:31.413Z] | error | Unexpected token o in JSON at position 1
[2022-02-05T02:54:31.429Z] | error | undefined
[2022-02-05T02:54:31.460Z] | error | undefined
[2022-02-05T02:56:32.470Z] | error | undefined
[2022-02-05T02:56:32.533Z] | error | undefined
[2022-02-05T02:57:19.672Z] | error | undefined
[2022-02-05T02:57:19.719Z] | error | undefined
[2022-02-05T03:02:14.991Z] | error | undefined
[2022-02-05T03:02:15.022Z] | error | undefined
[2022-02-05T03:03:30.972Z] | error | undefined
[2022-02-05T03:03:30.972Z] | error | undefined
[2022-02-05T03:05:31.359Z] | error | undefined
[2022-02-05T03:05:31.406Z] | error | undefined
[2022-02-05T03:09:19.680Z] | error | undefined
[2022-02-05T03:09:19.680Z] | error | undefined
[2022-02-05T03:14:16.061Z] | error | Unexpected token o in JSON at position 1
[2022-02-05T14:36:31.284Z] | error | undefined
[2022-02-05T14:36:32.206Z] | error | undefined
[2022-02-05T14:36:48.471Z] | error | undefined
[2022-02-05T14:38:29.061Z] | error | undefined
[2022-02-05T14:40:12.308Z] | error | undefined
[2022-02-05T14:43:23.817Z] | error | Unexpected token o in JSON at position 1
[2022-02-05T15:15:35.738Z] | error | Unexpected token o in JSON at position 1
[2022-02-05T15:16:45.330Z] | error | undefined
[2022-02-05T15:25:56.765Z] | error | undefined
[2022-02-05T15:25:56.781Z] | error | undefined
[2022-02-05T15:26:31.186Z] | error | Unexpected token o in JSON at position 1
[2022-02-05T15:27:04.935Z] | error | undefined
[2022-02-05T15:27:05.029Z] | error | undefined
[2022-02-05T15:27:14.716Z] | error | undefined
[2022-02-05T15:27:14.919Z] | error | undefined
[2022-02-05T15:39:39.973Z] | error | undefined
[2022-02-05T15:40:56.048Z] | error | undefined
[2022-02-05T15:40:56.064Z] | error | undefined
[2022-02-05T15:41:28.485Z] | error | undefined
[2022-02-05T15:41:28.500Z] | error | undefined
[2022-02-05T15:41:31.703Z] | error | undefined
[2022-02-05T15:41:31.735Z] | error | undefined
[2022-02-05T15:41:57.343Z] | error | column "undefined" does not exist
[2022-02-05T15:42:49.154Z] | error | undefined
[2022-02-05T15:42:49.185Z] | error | undefined
[2022-02-05T15:43:21.433Z] | error | undefined
[2022-02-05T15:43:21.480Z] | error | undefined
[2022-02-05T15:43:37.964Z] | error | column "undefined" does not exist
[2022-02-05T15:43:53.620Z] | error | undefined
[2022-02-05T15:43:53.667Z] | error | undefined
[2022-02-05T15:43:57.666Z] | error | undefined
[2022-02-05T15:43:57.682Z] | error | undefined
[2022-02-05T15:45:15.977Z] | error | undefined
[2022-02-05T15:45:16.009Z] | error | undefined
[2022-02-05T15:46:32.147Z] | error | undefined
[2022-02-05T15:46:32.162Z] | error | undefined
[2022-02-05T15:46:33.428Z] | error | undefined
[2022-02-05T15:46:33.506Z] | error | undefined
[2022-02-05T15:47:23.754Z] | error | column "undefined" does not exist
[2022-02-05T15:47:50.410Z] | error | column "undefined" does not exist
[2022-02-05T15:48:24.487Z] | error | undefined
[2022-02-05T15:48:24.487Z] | error | undefined
[2022-02-05T15:48:26.284Z] | error | undefined
[2022-02-05T15:48:26.299Z] | error | undefined
[2022-02-05T15:48:39.533Z] | error | undefined
[2022-02-05T15:48:39.580Z] | error | undefined
[2022-02-05T15:48:50.908Z] | error | Unexpected token t in JSON at position 1
[2022-02-05T15:58:29.936Z] | error | undefined
[2022-02-05T15:58:29.951Z] | error | undefined
[2022-02-05T15:58:48.310Z] | error | Unexpected token t in JSON at position 1
[2022-02-05T15:59:04.950Z] | error | Unexpected token t in JSON at position 1
[2022-02-05T15:59:37.043Z] | error | undefined
[2022-02-05T15:59:37.121Z] | error | undefined
[2022-02-05T15:59:38.965Z] | error | undefined
[2022-02-05T15:59:38.965Z] | error | undefined
[2022-02-05T15:59:44.293Z] | error | column "undefined" does not exist
[2022-02-05T16:05:54.437Z] | error | undefined
[2022-02-05T16:05:54.468Z] | error | undefined
[2022-02-05T16:08:41.228Z] | error | column "undefined" does not exist
[2022-02-05T16:08:49.759Z] | error | column "undefined" does not exist
[2022-02-05T16:09:23.305Z] | error | undefined
[2022-02-05T16:09:23.321Z] | error | undefined
[2022-02-05T16:09:26.118Z] | error | undefined
[2022-02-05T16:09:26.180Z] | error | undefined
[2022-02-05T16:09:36.336Z] | error | column "undefined" does not exist
[2022-02-05T16:11:35.973Z] | error | undefined
[2022-02-05T16:11:35.988Z] | error | undefined
[2022-02-05T16:11:37.582Z] | error | undefined
[2022-02-05T16:11:37.598Z] | error | undefined
[2022-02-05T16:11:47.707Z] | error | column "undefined" does not exist
[2022-02-05T16:12:12.768Z] | error | undefined
[2022-02-05T16:12:12.800Z] | error | undefined
[2022-02-05T16:12:14.409Z] | error | undefined
[2022-02-05T16:12:14.471Z] | error | undefined
[2022-02-05T16:13:24.938Z] | error | undefined
[2022-02-05T16:13:24.985Z] | error | undefined
[2022-02-05T16:13:45.094Z] | error | undefined
[2022-02-05T16:13:45.125Z] | error | undefined
[2022-02-05T16:14:02.234Z] | error | undefined
[2022-02-05T16:14:02.280Z] | error | undefined
[2022-02-05T16:14:03.640Z] | error | undefined
[2022-02-05T16:14:03.655Z] | error | undefined
[2022-02-05T16:14:43.357Z] | error | undefined
[2022-02-05T16:14:45.935Z] | error | undefined
[2022-02-05T16:14:45.951Z] | error | undefined
[2022-02-05T16:14:51.951Z] | error | undefined
[2022-02-05T16:15:05.325Z] | error | undefined
[2022-02-05T16:15:05.732Z] | error | undefined
[2022-02-05T16:15:06.107Z] | error | undefined
[2022-02-05T16:15:06.138Z] | error | undefined
[2022-02-05T16:15:34.215Z] | error | undefined
[2022-02-05T16:15:34.231Z] | error | undefined
[2022-02-05T16:15:59.964Z] | error | undefined
[2022-02-05T16:15:59.995Z] | error | undefined
[2022-02-05T16:16:00.261Z] | error | undefined
[2022-02-05T16:16:00.323Z] | error | undefined
[2022-02-05T16:16:28.682Z] | error | undefined
[2022-02-05T16:16:28.682Z] | error | undefined
[2022-02-05T16:16:32.713Z] | error | undefined
[2022-02-05T16:16:32.869Z] | error | undefined
[2022-02-05T16:17:17.930Z] | error | undefined
[2022-02-05T16:17:17.962Z] | error | undefined
[2022-02-05T16:18:26.068Z] | error | undefined
[2022-02-05T16:18:26.099Z] | error | undefined
[2022-02-05T16:18:45.598Z] | error | undefined
[2022-02-05T16:18:45.630Z] | error | undefined
[2022-02-05T16:20:24.721Z] | error | undefined
[2022-02-05T16:20:24.737Z] | error | undefined
[2022-02-05T16:20:44.736Z] | error | undefined
[2022-02-05T16:20:44.752Z] | error | undefined
[2022-02-05T16:20:57.486Z] | error | undefined
[2022-02-05T16:20:57.486Z] | error | undefined
[2022-02-05T16:21:02.376Z] | error | undefined
[2022-02-05T16:21:02.392Z] | error | undefined
[2022-02-05T16:22:53.248Z] | error | undefined
[2022-02-05T16:22:53.294Z] | error | undefined
[2022-02-05T16:23:51.214Z] | error | undefined
[2022-02-05T16:23:51.261Z] | error | undefined
[2022-02-05T16:24:10.448Z] | error | undefined
[2022-02-05T16:24:10.526Z] | error | undefined
[2022-02-05T16:24:11.714Z] | error | undefined
[2022-02-05T16:24:11.745Z] | error | undefined
[2022-02-05T16:24:48.275Z] | error | undefined
[2022-02-05T16:24:48.275Z] | error | undefined
[2022-02-05T16:25:36.477Z] | error | undefined
[2022-02-05T16:25:36.492Z] | error | undefined
[2022-02-05T16:25:38.602Z] | error | undefined
[2022-02-05T16:25:38.633Z] | error | undefined
[2022-02-05T16:25:59.882Z] | error | undefined
[2022-02-05T16:25:59.913Z] | error | undefined
[2022-02-05T16:26:02.335Z] | error | undefined
[2022-02-05T16:26:02.460Z] | error | undefined
[2022-02-05T16:27:08.567Z] | error | undefined
[2022-02-05T16:27:08.599Z] | error | undefined
[2022-02-05T16:28:59.720Z] | error | undefined
[2022-02-05T16:28:59.751Z] | error | undefined
[2022-02-05T16:29:09.829Z] | error | undefined
[2022-02-05T16:29:09.829Z] | error | undefined
[2022-02-05T16:31:32.106Z] | error | Unexpected token o in JSON at position 1
[2022-02-05T16:32:33.010Z] | error | Unexpected token o in JSON at position 1
[2022-02-05T16:33:12.493Z] | error | undefined
[2022-02-05T16:36:26.299Z] | error | undefined
[2022-02-05T16:36:26.346Z] | error | undefined
[2022-02-05T16:36:38.752Z] | error | column "undefined" does not exist
[2022-02-05T16:37:07.813Z] | error | undefined
[2022-02-05T16:37:07.813Z] | error | undefined
[2022-02-05T16:37:44.500Z] | error | column "undefined" does not exist
[2022-02-05T16:42:22.053Z] | error | undefined
[2022-02-05T16:42:22.100Z] | error | undefined
[2022-02-05T16:42:52.037Z] | error | undefined
[2022-02-05T16:42:52.099Z] | error | undefined
[2022-02-05T16:42:53.302Z] | error | undefined
[2022-02-05T16:42:53.365Z] | error | undefined
[2022-02-05T16:42:56.646Z] | error | undefined
[2022-02-05T16:42:56.661Z] | error | undefined
[2022-02-05T16:44:05.878Z] | error | undefined
[2022-02-05T16:44:05.940Z] | error | undefined
[2022-02-05T16:45:10.626Z] | error | undefined
[2022-02-05T16:45:10.641Z] | error | undefined
[2022-02-05T16:47:23.028Z] | error | undefined
[2022-02-05T16:47:23.246Z] | error | undefined
[2022-02-05T16:47:33.246Z] | error | undefined
[2022-02-05T16:47:33.387Z] | error | undefined
[2022-02-05T16:47:37.746Z] | error | undefined
[2022-02-05T16:47:37.824Z] | error | undefined
[2022-02-05T16:51:54.347Z] | error | undefined
[2022-02-05T16:51:54.347Z] | error | undefined
[2022-02-05T16:58:36.365Z] | error | undefined
[2022-02-05T16:58:36.365Z] | error | undefined
[2022-02-05T16:59:18.583Z] | error | undefined
[2022-02-05T16:59:18.645Z] | error | undefined
[2022-02-05T16:59:21.707Z] | error | undefined
[2022-02-05T16:59:21.754Z] | error | undefined
[2022-02-05T17:04:18.417Z] | error | undefined
[2022-02-05T17:04:18.417Z] | error | undefined
[2022-02-05T17:05:05.931Z] | error | undefined
[2022-02-05T17:05:05.931Z] | error | undefined
[2022-02-05T17:05:20.649Z] | error | undefined
[2022-02-05T17:05:20.743Z] | error | undefined
[2022-02-05T17:06:03.632Z] | error | undefined
[2022-02-05T17:06:03.647Z] | error | undefined
[2022-02-05T17:08:56.548Z] | error | undefined
[2022-02-05T17:08:56.626Z] | error | undefined
[2022-02-05T17:09:00.704Z] | error | undefined
[2022-02-05T17:09:00.704Z] | error | undefined
[2022-02-05T17:09:00.704Z] | error | undefined
[2022-02-05T17:09:00.704Z] | error | undefined
[2022-02-05T17:09:00.892Z] | error | undefined
[2022-02-05T17:09:01.563Z] | error | undefined
[2022-02-05T17:09:03.688Z] | error | undefined
[2022-02-05T17:10:11.155Z] | error | undefined
[2022-02-05T17:10:11.186Z] | error | undefined
[2022-02-05T17:10:46.888Z] | error | undefined
[2022-02-05T17:10:46.904Z] | error | undefined
[2022-02-05T17:18:17.451Z] | error | undefined
[2022-02-05T17:18:17.466Z] | error | undefined
[2022-02-05T17:18:55.418Z] | error | undefined
[2022-02-05T17:18:55.418Z] | error | undefined
[2022-02-05T17:18:56.824Z] | error | undefined
[2022-02-05T17:18:57.059Z] | error | undefined
[2022-02-05T17:18:57.434Z] | error | undefined
[2022-02-05T17:18:57.621Z] | error | undefined
[2022-02-05T17:19:11.886Z] | error | undefined
[2022-02-05T17:19:11.933Z] | error | undefined
[2022-02-05T17:19:14.996Z] | error | undefined
[2022-02-05T17:19:15.027Z] | error | undefined
[2022-02-05T17:19:15.027Z] | error | undefined
[2022-02-05T17:19:15.089Z] | error | undefined
[2022-02-05T17:19:22.137Z] | error | undefined
[2022-02-05T17:19:22.137Z] | error | undefined
[2022-02-05T17:35:30.777Z] | error | undefined
[2022-02-05T17:35:30.793Z] | error | undefined
[2022-02-05T17:36:06.354Z] | error | undefined
[2022-02-05T17:36:06.432Z] | error | undefined
[2022-02-05T17:36:19.463Z] | error | undefined
[2022-02-05T17:36:19.479Z] | error | undefined
[2022-02-05T17:36:31.213Z] | error | undefined
[2022-02-05T17:36:31.494Z] | error | undefined
[2022-02-05T17:36:45.447Z] | error | undefined
[2022-02-05T17:36:45.462Z] | error | undefined
[2022-02-05T17:36:49.525Z] | error | undefined
[2022-02-05T17:36:49.525Z] | error | undefined
[2022-02-05T17:36:49.587Z] | error | undefined
[2022-02-05T17:36:49.619Z] | error | undefined
[2022-02-05T17:36:56.884Z] | error | undefined
[2022-02-05T17:36:56.962Z] | error | undefined
[2022-02-05T17:37:42.836Z] | error | undefined
