[2022-05-25T01:25:49.250Z] | error | undefined
[2022-05-25T01:25:49.367Z] | error | undefined
[2022-05-25T01:25:50.947Z] | error | undefined
[2022-05-25T01:25:51.028Z] | error | undefined
[2022-05-25T01:25:55.847Z] | error | undefined
[2022-05-25T01:25:55.851Z] | error | undefined
[2022-05-25T01:25:55.855Z] | error | undefined
[2022-05-25T01:25:55.860Z] | error | undefined
[2022-05-25T01:28:07.224Z] | error | undefined
[2022-05-25T01:28:07.330Z] | error | undefined
[2022-05-25T01:28:24.049Z] | error | undefined
[2022-05-25T01:28:24.051Z] | error | undefined
[2022-05-25T01:28:24.056Z] | error | undefined
[2022-05-25T01:28:24.058Z] | error | undefined
[2022-05-25T01:28:24.202Z] | error | undefined
[2022-05-25T01:28:24.670Z] | error | undefined
[2022-05-25T01:28:26.748Z] | error | undefined
[2022-05-25T01:28:36.639Z] | error | undefined
[2022-05-25T01:28:37.201Z] | error | undefined
[2022-05-25T01:28:40.639Z] | error | undefined
[2022-05-25T01:29:00.639Z] | error | undefined
[2022-05-25T01:29:12.200Z] | error | undefined
[2022-05-25T01:29:12.216Z] | error | undefined
[2022-05-25T01:29:47.744Z] | error | error: function insertpernatural(integer, integer, unknown, integer, unknown, unknown, unknown, unknown, unknown, unknown, integer, integer, integer, unknown, unknown, unknown, unknown, unknown, unknown, unknown, unknown, unknown, unknown, unknown, integer, boolean, integer, unknown, unknown, unknown, unknown, unknown, unknown, unknown, unknown, unknown, unknown, integer, integer, unknown, unknown, unknown, integer, unknown, integer, unknown, unknown, unknown, integer, integer, integer, integer, integer, integer, integer, integer, integer, integer, integer, integer, unknown, integer, integer, integer, integer, integer, integer, integer, unknown, integer, integer, integer, integer, integer, unknown, integer, unknown, unknown, unknown, unknown, unknown, unknown, integer, integer, integer, integer, integer, integer, unknown, unknown, integer, integer) does not exist ||| select * from insertPerNatural(1 , 0, 'jjjjjjjjjjjjjjjjjjjjjjjjjj', 1, '', 'jjjjjjjjjjjjjjjjjjjj', 'jjjjjjjjjjjjjjjjjjjjjjjjjjjj', 'jjjjjjjjjjjjjjjjjjjjjj', '', null, 173, 1, 0, '', '', '', null, 'jjjjjjjjjjjjjjjjjjjjj', '+51949748671', 'jjjjjjjjjjjjjjjjjjjjjjjj', 'castillosilupu@hotmail.com', '', '150000', '', 1251, false , 1, '', 'aaaaaaaaaaaaa', 'aaaaaaaaaaaaaaaaaaaaaaaaaa', 'aaaaaaaaaaaaaaaaaaaaaaaaa', null, 'aaaaaaaaaaaaaaaaaaaaaaaaaaaaaaaaaaaaa', 'aaaaaaaaaaaaaaa', 'aaaaaaaaaaaaaaaaa', 'aaaaaaaaaaaaaaaaaaaaaaaaaaa', '', 0, 1255, 'aaaaaaaaaaaaaaaaaaaa' , 'ggggggggggggg', 'ggggggggggggggggggg', 0, 'ggggggggggggggggggggggg', 0, 'gggggggggggggg', 'gggggggggggg', '173', 0, 0, 1, 1, 0, 1, 0, 1, 1, 1, 1, 1, '', 1, 0, 1, 1, 1, 1, 0, 'ggggggggggggggggggg', 1 , 2, 2, 2, 2, '5/24/2022' , 0, '', 'bbbbbb', 'bbbbbbbbbbbbbbbbbbbbbbbbbb', 'bbbbbbbbbbbbbbbbbbbbbbb', 'SOLES', '555', 0, 1, 1, 1, 1, 1, '', '', 1, 0)
[2022-05-25T01:29:47.745Z] | error | undefined
[2022-05-25T01:30:11.325Z] | error | error: function insertpernatural(integer, integer, unknown, integer, unknown, unknown, unknown, unknown, unknown, unknown, integer, integer, integer, unknown, unknown, unknown, unknown, unknown, unknown, unknown, unknown, unknown, unknown, unknown, integer, boolean, integer, unknown, unknown, unknown, unknown, unknown, unknown, unknown, unknown, unknown, unknown, integer, integer, unknown, unknown, unknown, integer, unknown, integer, unknown, unknown, unknown, integer, integer, integer, integer, integer, integer, integer, integer, integer, integer, integer, integer, unknown, integer, integer, integer, integer, integer, integer, integer, unknown, integer, integer, integer, integer, integer, unknown, integer, unknown, unknown, unknown, unknown, unknown, unknown, integer, integer, integer, integer, integer, integer, unknown, unknown, integer, integer) does not exist ||| select * from insertPerNatural(1 , 0, 'jjjjjjjjjjjjjjjjjjjjjjjjjj', 1, '', 'jjjjjjjjjjjjjjjjjjjj', 'jjjjjjjjjjjjjjjjjjjjjjjjjjjj', 'jjjjjjjjjjjjjjjjjjjjjj', '', null, 173, 1, 0, '', '', '', null, 'jjjjjjjjjjjjjjjjjjjjj', '+51949748671', 'jjjjjjjjjjjjjjjjjjjjjjjj', 'castillosilupu@hotmail.com', '', '150000', '', 1251, false , 1, '', 'aaaaaaaaaaaaa', 'aaaaaaaaaaaaaaaaaaaaaaaaaa', 'aaaaaaaaaaaaaaaaaaaaaaaaa', null, 'aaaaaaaaaaaaaaaaaaaaaaaaaaaaaaaaaaaaa', 'aaaaaaaaaaaaaaa', 'aaaaaaaaaaaaaaaaa', 'aaaaaaaaaaaaaaaaaaaaaaaaaaa', '', 0, 1255, 'aaaaaaaaaaaaaaaaaaaa' , 'ggggggggggggg', 'ggggggggggggggggggg', 0, 'ggggggggggggggggggggggg', 0, 'gggggggggggggg', 'gggggggggggg', '173', 0, 0, 1, 1, 0, 1, 0, 1, 1, 1, 1, 1, '', 1, 0, 1, 1, 1, 1, 0, 'ggggggggggggggggggg', 1 , 2, 2, 2, 2, '5/24/2022' , 0, '', 'bbbbbb', 'bbbbbbbbbbbbbbbbbbbbbbbbbb', 'bbbbbbbbbbbbbbbbbbbbbbb', 'SOLES', '555', 0, 1, 1, 1, 1, 1, '', '', 1, 0)
[2022-05-25T01:30:11.326Z] | error | undefined
[2022-05-25T01:31:58.231Z] | error | error: INSERT has more expressions than target columns ||| select * from insertPerNatural(1 , 0, 'jjjjjjjjjjjjjjjjjjjjjjjjjj', 1, '', 'jjjjjjjjjjjjjjjjjjjj', 'jjjjjjjjjjjjjjjjjjjjjjjjjjjj', 'jjjjjjjjjjjjjjjjjjjjjj', '', null, 173, 1, 0, '', '', '', null, 'jjjjjjjjjjjjjjjjjjjjj', '+51949748671', 'jjjjjjjjjjjjjjjjjjjjjjjj', 'castillosilupu@hotmail.com', '', '150000', '', 1251, false , 1, '', 'aaaaaaaaaaaaa', 'aaaaaaaaaaaaaaaaaaaaaaaaaa', 'aaaaaaaaaaaaaaaaaaaaaaaaa', null, 'aaaaaaaaaaaaaaaaaaaaaaaaaaaaaaaaaaaaa', 'aaaaaaaaaaaaaaa', 'aaaaaaaaaaaaaaaaa', 'aaaaaaaaaaaaaaaaaaaaaaaaaaa', '', 0, 1255, 'aaaaaaaaaaaaaaaaaaaa' , 'ggggggggggggg', 'ggggggggggggggggggg', 0, 'ggggggggggggggggggggggg', 0, 'gggggggggggggg', 'gggggggggggg', '173', 0, 0, 1, 1, 0, 1, 0, 1, 1, 1, 1, 1, '', 1, 0, 1, 1, 1, 1, 0, 'ggggggggggggggggggg', 1 , 2, 2, 2, 2, '5/24/2022' , 0, '', 'bbbbbb', 'bbbbbbbbbbbbbbbbbbbbbbbbbb', 'bbbbbbbbbbbbbbbbbbbbbbb', 'SOLES', '555', 0, 1, 1, 1, 1, 1, '', '', 1, 0)
[2022-05-25T01:31:58.231Z] | error | undefined
[2022-05-25T01:33:37.420Z] | error | undefined
[2022-05-25T01:33:37.529Z] | error | undefined
[2022-05-25T01:33:43.677Z] | error | undefined
[2022-05-25T01:33:43.680Z] | error | undefined
[2022-05-25T01:33:43.683Z] | error | undefined
[2022-05-25T01:33:43.685Z] | error | undefined
[2022-05-25T01:34:03.772Z] | error | undefined
[2022-05-25T01:34:03.774Z] | error | undefined
[2022-05-25T01:34:03.777Z] | error | undefined
[2022-05-25T01:34:03.780Z] | error | undefined
[2022-05-25T01:34:27.020Z] | error | undefined
[2022-05-25T01:34:27.022Z] | error | undefined
[2022-05-25T01:34:27.025Z] | error | undefined
[2022-05-25T01:34:27.027Z] | error | undefined
[2022-05-25T01:34:32.486Z] | error | undefined
[2022-05-25T01:34:32.487Z] | error | undefined
[2022-05-25T01:34:32.490Z] | error | undefined
[2022-05-25T01:34:32.492Z] | error | undefined
[2022-05-25T01:34:32.647Z] | error | undefined
[2022-05-25T01:34:33.121Z] | error | undefined
[2022-05-25T01:34:35.457Z] | error | undefined
[2022-05-25T01:34:38.436Z] | error | undefined
[2022-05-25T01:34:38.900Z] | error | undefined
[2022-05-25T01:34:40.377Z] | error | undefined
[2022-05-25T01:34:54.302Z] | error | undefined
[2022-05-25T01:34:54.534Z] | error | undefined
[2022-05-25T02:36:05.549Z] | error | undefined
[2022-05-25T02:36:05.658Z] | error | undefined
[2022-05-25T02:36:07.517Z] | error | undefined
[2022-05-25T02:36:07.721Z] | error | undefined
[2022-05-25T02:36:11.267Z] | error | undefined
[2022-05-25T02:36:11.267Z] | error | undefined
[2022-05-25T02:36:11.267Z] | error | undefined
[2022-05-25T02:36:11.267Z] | error | undefined
[2022-05-25T02:36:11.486Z] | error | undefined
[2022-05-25T02:36:12.033Z] | error | undefined
[2022-05-25T02:36:13.002Z] | error | undefined
[2022-05-25T02:36:14.611Z] | error | undefined
[2022-05-25T02:36:14.720Z] | error | undefined
[2022-05-25T02:36:25.189Z] | error | undefined
[2022-05-25T02:36:26.064Z] | error | undefined
[2022-05-25T02:36:26.538Z] | error | undefined
[2022-05-25T02:36:33.282Z] | error | undefined
[2022-05-25T02:36:33.438Z] | error | undefined
[2022-05-25T02:36:41.782Z] | error | undefined
[2022-05-25T02:36:41.782Z] | error | undefined
[2022-05-25T02:36:41.798Z] | error | undefined
[2022-05-25T02:36:41.798Z] | error | undefined
[2022-05-25T02:36:41.923Z] | error | undefined
[2022-05-25T02:36:42.344Z] | error | undefined
[2022-05-25T02:36:52.516Z] | error | undefined
[2022-05-25T02:36:57.516Z] | error | undefined
[2022-05-25T02:36:57.625Z] | error | undefined
[2022-05-25T02:37:19.233Z] | error | undefined
[2022-05-25T02:37:19.342Z] | error | undefined
[2022-05-25T02:37:22.076Z] | error | undefined
[2022-05-25T02:37:22.076Z] | error | undefined
[2022-05-25T02:37:22.076Z] | error | undefined
[2022-05-25T02:37:22.076Z] | error | undefined
[2022-05-25T02:37:22.201Z] | error | undefined
[2022-05-25T02:37:22.905Z] | error | undefined
[2022-05-25T02:37:25.795Z] | error | undefined
[2022-05-25T02:37:27.170Z] | error | undefined
[2022-05-25T02:37:27.295Z] | error | undefined
[2022-05-25T02:37:38.408Z] | error | undefined
[2022-05-25T02:41:17.290Z] | error | undefined
[2022-05-25T02:41:17.469Z] | error | undefined
[2022-05-25T02:41:29.155Z] | error | undefined
[2022-05-25T02:54:49.482Z] | error | undefined
[2022-05-25T02:54:50.059Z] | error | undefined
[2022-05-25T02:54:52.776Z] | error | undefined
[2022-05-25T02:54:56.026Z] | error | undefined
[2022-05-25T02:54:59.791Z] | error | undefined
[2022-05-25T02:54:59.913Z] | error | undefined
[2022-05-25T02:56:47.224Z] | error | undefined
[2022-05-25T02:56:47.348Z] | error | undefined
[2022-05-25T02:56:48.873Z] | error | undefined
[2022-05-25T02:56:49.183Z] | error | undefined
[2022-05-25T02:56:59.704Z] | error | undefined
[2022-05-25T02:57:00.114Z] | error | undefined
[2022-05-25T02:57:02.708Z] | error | undefined
[2022-05-25T02:57:08.426Z] | error | undefined
[2022-05-25T02:57:10.036Z] | error | undefined
[2022-05-25T02:57:10.144Z] | error | undefined
[2022-05-25T02:57:37.139Z] | error | error: function insertpernatural(integer, integer, unknown, integer, unknown, unknown, unknown, unknown, unknown, unknown, integer, integer, integer, unknown, unknown, unknown, unknown, unknown, unknown, unknown, unknown, unknown, unknown, unknown, integer, boolean, integer, unknown, unknown, unknown, unknown, unknown, unknown, unknown, unknown, unknown, unknown, integer, integer, unknown, unknown, integer, unknown, unknown, integer, unknown, integer, unknown, unknown, unknown, integer, integer, integer, integer, integer, integer, integer, integer, integer, integer, integer, integer, unknown, integer, integer, integer, integer, integer, integer, integer, unknown, integer, integer, integer, integer, integer, unknown, integer, unknown, unknown, unknown, unknown, unknown, unknown, integer, integer, integer, integer, integer, integer, unknown, unknown, integer, integer) does not exist ||| select * from insertPerNatural(1 , 0, 'rrrrrrrrrrrrrr', 1, '', 'rrrrrrrrrrrrrrrrrrrr', 'rrrrrrrrrrrrrrrrrrrr', 'rrrrrrrrrrrrrrrrrrrrrrrrrrrrrrrrrrrr', '', null, 173, 0, 0, '', '', '', null, 'rrrrrrrrrrrrrrrrrrr', 'rrrrrrrrrrrrr', 'rrrrrrrrrrrrr', '', '', 'rrrrrrrrrrrrrrrrrrrrrrrrrrrrrrrrrrrrrrrrrr', '', 0, false , 1, '', 'hhhhhhhhhhhhhhhh', 'hhhhhhhhhhhhhhhh', 'hhhhhhhhhhhh', null, 'hhhhhhhhhhhhhhhhhh', 'hhhhhhhhhhhhhhhh', 'hhhhhhhhhhhhhhhhhhhhhhhh', 'ffffffffffffffffffffffffffff', '', 3, 2, 'hhhhhhhhhhhhhhhhhhhhhhhhhhhhhhhhhhhhhhhh', 'sedereeeeeeeeeeeeeeeeeeeeeeeeeeee', 949748671 , '', '', 0, '', 0, '', '', '173', 0, 0, 1, 1, 1, 1, 1, 1, 1, 1, 1, 1, '', 1, 1, 1, 1, 1, 1, 1, '', 1 , 2, 2, 2, 2, '5/24/2022' , 0, '', 'uuuuuu', '', '', '', '0', 0, 0, 1, 1, 1, 1, '', '', 1, 0)
[2022-05-25T02:57:37.139Z] | error | undefined
[2022-05-25T02:58:33.017Z] | error | error: function insertpernatural(integer, integer, unknown, integer, unknown, unknown, unknown, unknown, unknown, unknown, integer, integer, integer, unknown, unknown, unknown, unknown, unknown, unknown, unknown, unknown, unknown, unknown, unknown, integer, boolean, integer, unknown, unknown, unknown, unknown, unknown, unknown, unknown, unknown, unknown, unknown, integer, integer, unknown, unknown, integer, unknown, unknown, integer, unknown, integer, unknown, unknown, unknown, integer, integer, integer, integer, integer, integer, integer, integer, integer, integer, integer, integer, unknown, integer, integer, integer, integer, integer, integer, integer, unknown, integer, integer, integer, integer, integer, unknown, integer, unknown, unknown, unknown, unknown, unknown, unknown, integer, integer, integer, integer, integer, integer, unknown, unknown, integer, integer) does not exist ||| select * from insertPerNatural(1 , 0, 'rrrrrrrrrrrrrr', 1, '', 'rrrrrrrrrrrrrrrrrrrr', 'rrrrrrrrrrrrrrrrrrrr', 'rrrrrrrrrrrrrrrrrrrrrrrrrrrrrrrrrrrr', '', null, 173, 0, 0, '', '', '', null, 'rrrrrrrrrrrrrrrrrrr', 'rrrrrrrrrrrrr', 'rrrrrrrrrrrrr', '', '', 'rrrrrrrrrrrrrrrrrrrrrrrrrrrrrrrrrrrrrrrrrr', '', 0, false , 1, '', 'hhhhhhhhhhhhhhhh', 'hhhhhhhhhhhhhhhh', 'hhhhhhhhhhhh', null, 'hhhhhhhhhhhhhhhhhh', 'hhhhhhhhhhhhhhhh', 'hhhhhhhhhhhhhhhhhhhhhhhh', 'ffffffffffffffffffffffffffff', '', 3, 2, 'hhhhhhhhhhhhhhhhhhhhhhhhhhhhhhhhhhhhhhhh', 'sedereeeeeeeeeeeeeeeeeeeeeeeeeeee', 949748671 , '', '', 0, '', 0, '', '', '173', 0, 0, 1, 1, 1, 1, 1, 1, 1, 1, 1, 1, '', 1, 1, 1, 1, 1, 1, 1, '', 1 , 2, 2, 2, 2, '5/24/2022' , 0, '', 'uuuuuu', '', '', '', '0', 0, 0, 1, 1, 1, 1, '', '', 1, 0)
[2022-05-25T02:58:33.018Z] | error | undefined
[2022-05-25T02:58:40.587Z] | error | error: function insertpernatural(integer, integer, unknown, integer, unknown, unknown, unknown, unknown, unknown, unknown, integer, integer, integer, unknown, unknown, unknown, unknown, unknown, unknown, unknown, unknown, unknown, unknown, unknown, integer, boolean, integer, unknown, unknown, unknown, unknown, unknown, unknown, unknown, unknown, unknown, unknown, integer, integer, unknown, unknown, integer, unknown, unknown, integer, unknown, integer, unknown, unknown, unknown, integer, integer, integer, integer, integer, integer, integer, integer, integer, integer, integer, integer, unknown, integer, integer, integer, integer, integer, integer, integer, unknown, integer, integer, integer, integer, integer, unknown, integer, unknown, unknown, unknown, unknown, unknown, unknown, integer, integer, integer, integer, integer, integer, unknown, unknown, integer, integer) does not exist ||| select * from insertPerNatural(1 , 0, 'rrrrrrrrrrrrrr', 1, '', 'rrrrrrrrrrrrrrrrrrrr', 'rrrrrrrrrrrrrrrrrrrr', 'rrrrrrrrrrrrrrrrrrrrrrrrrrrrrrrrrrrr', '', null, 173, 0, 0, '', '', '', null, 'rrrrrrrrrrrrrrrrrrr', 'rrrrrrrrrrrrr', 'rrrrrrrrrrrrr', '', '', 'rrrrrrrrrrrrrrrrrrrrrrrrrrrrrrrrrrrrrrrrrr', '', 0, false , 1, '', 'hhhhhhhhhhhhhhhh', 'hhhhhhhhhhhhhhhh', 'hhhhhhhhhhhh', null, 'hhhhhhhhhhhhhhhhhh', 'hhhhhhhhhhhhhhhh', 'hhhhhhhhhhhhhhhhhhhhhhhh', 'ffffffffffffffffffffffffffff', '', 3, 2, 'hhhhhhhhhhhhhhhhhhhhhhhhhhhhhhhhhhhhhhhh', 'sedereeeeeeeeeeeeeeeeeeeeeeeeeeee', 949748671 , '', '', 0, '', 0, '', '', '173', 0, 0, 1, 1, 1, 1, 1, 1, 1, 1, 1, 1, '', 1, 1, 1, 1, 1, 1, 1, '', 1 , 2, 2, 2, 2, '5/24/2022' , 0, '', 'uuuuuu', '', '', '', '0', 0, 0, 1, 1, 1, 1, '', '', 1, 0)
[2022-05-25T02:58:40.587Z] | error | undefined
[2022-05-25T03:02:01.863Z] | error | undefined
[2022-05-25T03:02:01.981Z] | error | undefined
[2022-05-25T03:02:05.011Z] | error | undefined
[2022-05-25T03:02:05.011Z] | error | syntax error at or near "["
[2022-05-25T03:02:09.464Z] | error | undefined
[2022-05-25T03:02:09.464Z] | error | syntax error at or near "["
[2022-05-25T03:02:40.290Z] | error | undefined
[2022-05-25T03:02:40.296Z] | error | column "celuar" does not exist
[2022-05-25T03:03:14.906Z] | error | undefined
[2022-05-25T03:03:14.911Z] | error | column "celuar" does not exist
[2022-05-25T03:03:16.601Z] | error | undefined
[2022-05-25T03:03:18.429Z] | error | undefined
[2022-05-25T03:03:18.429Z] | error | column "celuar" does not exist
[2022-05-25T03:03:19.660Z] | error | undefined
[2022-05-25T03:03:19.662Z] | error | column "celuar" does not exist
[2022-05-25T03:03:26.927Z] | error | undefined
[2022-05-25T03:03:26.930Z] | error | column "celuar" does not exist
[2022-05-25T03:03:33.951Z] | error | undefined
[2022-05-25T03:03:33.954Z] | error | column "celuar" does not exist
[2022-05-25T03:04:12.323Z] | error | undefined
[2022-05-25T03:04:12.323Z] | error | undefined
[2022-05-25T03:04:12.323Z] | error | undefined
[2022-05-25T03:04:12.323Z] | error | undefined
[2022-05-25T03:04:12.491Z] | error | undefined
[2022-05-25T03:04:12.991Z] | error | undefined
[2022-05-25T03:04:16.522Z] | error | undefined
[2022-05-25T03:04:20.132Z] | error | undefined
[2022-05-25T03:04:20.257Z] | error | undefined
[2022-05-25T03:06:21.389Z] | error | undefined
[2022-05-25T03:06:21.518Z] | error | undefined
[2022-05-25T03:06:25.829Z] | error | undefined
[2022-05-25T03:06:25.829Z] | error | syntax error at or near "as"
[2022-05-25T03:06:28.303Z] | error | undefined
[2022-05-25T03:06:28.305Z] | error | syntax error at or near "as"
[2022-05-25T03:06:46.259Z] | error | undefined
[2022-05-25T03:06:46.265Z] | error | undefined
[2022-05-25T03:06:46.270Z] | error | undefined
[2022-05-25T03:06:46.273Z] | error | undefined
[2022-05-25T03:06:46.423Z] | error | undefined
[2022-05-25T03:06:46.923Z] | error | undefined
[2022-05-25T03:06:48.126Z] | error | undefined
[2022-05-25T03:06:51.126Z] | error | undefined
[2022-05-25T03:06:51.329Z] | error | undefined
[2022-05-25T03:06:57.329Z] | error | undefined
[2022-05-25T03:06:57.462Z] | error | undefined
[2022-05-25T03:09:19.117Z] | error | undefined
[2022-05-25T03:09:19.240Z] | error | undefined
[2022-05-25T03:09:22.245Z] | error | undefined
[2022-05-25T03:09:22.245Z] | error | undefined
[2022-05-25T03:09:22.245Z] | error | undefined
[2022-05-25T03:09:22.245Z] | error | undefined
[2022-05-25T03:09:52.411Z] | error | undefined
[2022-05-25T03:09:52.414Z] | error | undefined
[2022-05-25T03:09:52.417Z] | error | undefined
[2022-05-25T03:09:52.419Z] | error | undefined
[2022-05-25T03:11:05.064Z] | error | undefined
[2022-05-25T03:11:05.067Z] | error | undefined
[2022-05-25T03:11:05.071Z] | error | undefined
[2022-05-25T03:11:05.073Z] | error | undefined
[2022-05-25T03:11:05.258Z] | error | undefined
[2022-05-25T03:11:05.774Z] | error | undefined
[2022-05-25T03:11:06.899Z] | error | undefined
[2022-05-25T03:11:09.742Z] | error | undefined
[2022-05-25T03:11:09.945Z] | error | undefined
[2022-05-25T03:11:21.585Z] | error | undefined
[2022-05-25T03:14:12.188Z] | error | undefined
[2022-05-25T03:19:19.178Z] | error | undefined
[2022-05-25T03:19:19.272Z] | error | undefined
[2022-05-25T03:19:26.025Z] | error | undefined
[2022-05-25T03:19:30.537Z] | error | undefined
[2022-05-25T03:22:33.390Z] | error | undefined
[2022-05-25T03:22:33.484Z] | error | undefined
[2022-05-25T03:22:36.155Z] | error | undefined
[2022-05-25T03:22:36.155Z] | error | undefined
[2022-05-25T03:22:36.171Z] | error | undefined
[2022-05-25T03:22:36.174Z] | error | undefined
[2022-05-25T03:22:36.374Z] | error | undefined
[2022-05-25T03:22:36.984Z] | error | undefined
[2022-05-25T03:22:37.515Z] | error | undefined
[2022-05-25T03:41:37.169Z] | error | undefined
[2022-05-25T03:41:37.290Z] | error | undefined
[2022-05-25T03:41:40.321Z] | error | undefined
[2022-05-25T03:41:40.325Z] | error | undefined
[2022-05-25T03:41:40.325Z] | error | undefined
[2022-05-25T03:41:40.325Z] | error | undefined
[2022-05-25T03:41:40.477Z] | error | undefined
[2022-05-25T03:41:40.977Z] | error | undefined
[2022-05-25T03:41:41.914Z] | error | undefined
[2022-05-25T03:45:33.327Z] | error | invalid input syntax for type date: "DOCUMENTO NACIONAL DE IDENTIDAD"
[2022-05-25T03:47:33.740Z] | error | invalid input syntax for type date: "DOCUMENTO NACIONAL DE IDENTIDAD"
[2022-05-25T03:50:11.199Z] | error | undefined
[2022-05-25T03:50:14.079Z] | error | undefined
[2022-05-25T03:50:39.274Z] | error | undefined
[2022-05-25T03:50:39.381Z] | error | undefined
[2022-05-25T03:57:07.286Z] | error | undefined
[2022-05-25T03:57:07.398Z] | error | undefined
[2022-05-25T03:57:10.483Z] | error | undefined
[2022-05-25T03:57:10.485Z] | error | undefined
[2022-05-25T03:57:10.488Z] | error | undefined
[2022-05-25T03:57:10.490Z] | error | undefined
[2022-05-25T03:57:10.629Z] | error | undefined
[2022-05-25T03:57:11.043Z] | error | undefined
[2022-05-25T03:57:12.193Z] | error | undefined
[2022-05-25T03:57:14.881Z] | error | undefined
[2022-05-25T03:57:14.995Z] | error | undefined
[2022-05-25T03:57:28.376Z] | error | undefined
[2022-05-25T03:57:28.485Z] | error | undefined
[2022-05-25T03:57:32.299Z] | error | undefined
[2022-05-25T03:57:33.844Z] | error | undefined
[2022-05-25T03:57:37.152Z] | error | undefined
[2022-05-25T03:57:37.153Z] | error | undefined
[2022-05-25T03:57:37.156Z] | error | undefined
[2022-05-25T03:57:37.158Z] | error | undefined
[2022-05-25T03:57:37.283Z] | error | undefined
[2022-05-25T03:57:37.696Z] | error | undefined
[2022-05-25T03:57:39.430Z] | error | undefined
[2022-05-25T03:57:41.231Z] | error | undefined
[2022-05-25T03:57:41.254Z] | error | undefined
[2022-05-25T03:57:52.392Z] | error | undefined
[2022-05-25T03:57:59.653Z] | error | undefined
[2022-05-25T03:59:36.920Z] | error | undefined
[2022-05-25T03:59:59.169Z] | error | undefined
[2022-05-25T03:59:59.278Z] | error | undefined
[2022-05-25T04:00:01.922Z] | error | undefined
[2022-05-25T04:00:01.924Z] | error | undefined
[2022-05-25T04:00:01.928Z] | error | undefined
[2022-05-25T04:00:01.929Z] | error | undefined
[2022-05-25T04:00:02.060Z] | error | undefined
[2022-05-25T04:00:02.481Z] | error | undefined
[2022-05-25T04:00:04.030Z] | error | undefined
[2022-05-25T04:00:31.557Z] | error | undefined
[2022-05-25T04:01:07.216Z] | error | undefined
[2022-05-25T04:01:07.340Z] | error | undefined
[2022-05-25T04:01:12.152Z] | error | undefined
[2022-05-25T04:01:12.154Z] | error | undefined
[2022-05-25T04:01:12.157Z] | error | undefined
[2022-05-25T04:01:12.159Z] | error | undefined
[2022-05-25T04:01:12.283Z] | error | undefined
[2022-05-25T04:01:12.702Z] | error | undefined
[2022-05-25T04:01:14.233Z] | error | undefined
[2022-05-25T04:01:20.276Z] | error | undefined
[2022-05-25T04:01:20.385Z] | error | undefined
[2022-05-25T04:01:22.864Z] | error | undefined
[2022-05-25T04:01:22.866Z] | error | undefined
[2022-05-25T04:01:22.870Z] | error | undefined
[2022-05-25T04:01:22.872Z] | error | undefined
[2022-05-25T04:01:22.998Z] | error | undefined
[2022-05-25T04:01:23.417Z] | error | undefined
[2022-05-25T04:01:24.459Z] | error | undefined
[2022-05-25T04:01:26.337Z] | error | undefined
[2022-05-25T04:01:26.339Z] | error | undefined
[2022-05-25T04:01:57.441Z] | error | undefined
[2022-05-25T04:02:21.859Z] | error | undefined
[2022-05-25T04:02:21.953Z] | error | undefined
[2022-05-25T04:02:28.791Z] | error | undefined
[2022-05-25T04:02:28.793Z] | error | undefined
[2022-05-25T04:02:28.796Z] | error | undefined
[2022-05-25T04:02:28.798Z] | error | undefined
[2022-05-25T04:02:28.920Z] | error | undefined
[2022-05-25T04:02:29.354Z] | error | undefined
[2022-05-25T04:02:30.712Z] | error | undefined
[2022-05-25T04:02:35.745Z] | error | undefined
[2022-05-25T04:02:35.842Z] | error | undefined
[2022-05-25T04:02:45.332Z] | error | undefined
[2022-05-25T04:02:45.446Z] | error | undefined
[2022-05-25T04:02:48.839Z] | error | undefined
[2022-05-25T04:02:48.841Z] | error | undefined
[2022-05-25T04:02:48.844Z] | error | undefined
[2022-05-25T04:02:48.846Z] | error | undefined
[2022-05-25T04:02:48.965Z] | error | undefined
[2022-05-25T04:02:49.382Z] | error | undefined
[2022-05-25T04:02:50.531Z] | error | undefined
[2022-05-25T04:02:54.415Z] | error | undefined
[2022-05-25T04:02:54.513Z] | error | undefined
[2022-05-25T04:03:09.756Z] | error | undefined
[2022-05-25T04:05:16.648Z] | error | undefined
[2022-05-25T04:05:42.906Z] | error | undefined
[2022-05-25T04:05:43.012Z] | error | undefined
[2022-05-25T04:05:49.144Z] | error | undefined
[2022-05-25T04:05:49.146Z] | error | undefined
[2022-05-25T04:05:49.150Z] | error | undefined
[2022-05-25T04:05:49.152Z] | error | undefined
[2022-05-25T04:05:49.280Z] | error | undefined
[2022-05-25T04:05:49.693Z] | error | undefined
[2022-05-25T04:05:50.477Z] | error | undefined
[2022-05-25T04:05:56.470Z] | error | undefined
[2022-05-25T04:05:56.482Z] | error | undefined
[2022-05-25T04:06:03.291Z] | error | undefined
[2022-05-25T04:06:36.029Z] | error | undefined
[2022-05-25T04:06:36.098Z] | error | undefined
[2022-05-25T04:06:39.841Z] | error | undefined
[2022-05-25T04:06:39.845Z] | error | undefined
[2022-05-25T04:06:39.848Z] | error | undefined
[2022-05-25T04:06:39.850Z] | error | undefined
[2022-05-25T04:06:39.976Z] | error | undefined
[2022-05-25T04:06:40.475Z] | error | undefined
[2022-05-25T04:06:41.224Z] | error | undefined
[2022-05-25T04:08:24.659Z] | error | undefined
[2022-05-25T04:08:50.425Z] | error | undefined
[2022-05-25T04:08:50.541Z] | error | undefined
[2022-05-25T04:08:55.850Z] | error | undefined
[2022-05-25T04:08:55.852Z] | error | undefined
[2022-05-25T04:08:55.855Z] | error | undefined
[2022-05-25T04:08:55.857Z] | error | undefined
[2022-05-25T04:08:55.987Z] | error | undefined
[2022-05-25T04:08:56.431Z] | error | undefined
[2022-05-25T04:08:57.411Z] | error | undefined
[2022-05-25T04:09:04.040Z] | error | undefined
[2022-05-25T04:09:04.154Z] | error | undefined
[2022-05-25T04:09:12.764Z] | error | undefined
[2022-05-25T04:09:13.014Z] | error | undefined
[2022-05-25T04:09:14.630Z] | error | undefined
[2022-05-25T04:10:32.646Z] | error | undefined
[2022-05-25T04:10:32.735Z] | error | undefined
[2022-05-25T04:14:20.114Z] | error | undefined
[2022-05-25T04:14:20.274Z] | error | undefined
[2022-05-25T04:14:33.153Z] | error | undefined
[2022-05-25T04:14:33.239Z] | error | undefined
[2022-05-25T04:14:38.300Z] | error | undefined
[2022-05-25T04:14:38.406Z] | error | undefined
[2022-05-25T04:14:43.000Z] | error | undefined
[2022-05-25T04:14:58.104Z] | error | undefined
[2022-05-25T04:14:58.106Z] | error | undefined
[2022-05-25T04:14:58.110Z] | error | undefined
[2022-05-25T04:14:58.112Z] | error | undefined
[2022-05-25T04:14:58.261Z] | error | undefined
[2022-05-25T04:14:58.695Z] | error | undefined
[2022-05-25T04:14:59.744Z] | error | undefined
[2022-05-25T04:15:04.304Z] | error | undefined
[2022-05-25T04:15:04.418Z] | error | undefined
[2022-05-25T04:15:09.844Z] | error | undefined
[2022-05-25T04:15:09.930Z] | error | undefined
[2022-05-25T04:15:12.236Z] | error | undefined
[2022-05-25T04:15:47.636Z] | error | undefined
[2022-05-25T04:15:47.639Z] | error | undefined
[2022-05-25T04:15:47.642Z] | error | undefined
[2022-05-25T04:15:47.644Z] | error | undefined
[2022-05-25T04:15:47.792Z] | error | undefined
[2022-05-25T04:15:48.236Z] | error | undefined
[2022-05-25T04:15:48.998Z] | error | undefined
[2022-05-25T04:16:00.437Z] | error | undefined
[2022-05-25T04:16:00.517Z] | error | undefined
[2022-05-25T04:16:06.237Z] | error | undefined
[2022-05-25T04:19:41.841Z] | error | undefined
[2022-05-25T04:24:12.758Z] | error | undefined
[2022-05-25T04:24:13.194Z] | error | undefined
[2022-05-25T04:25:14.439Z] | error | undefined
[2022-05-25T04:25:14.856Z] | error | undefined
[2022-05-25T04:29:56.615Z] | error | undefined
[2022-05-25T04:29:57.154Z] | error | undefined
[2022-05-25T04:30:19.456Z] | error | undefined
[2022-05-25T04:30:19.896Z] | error | undefined
[2022-05-25T04:30:26.177Z] | error | undefined
[2022-05-25T04:31:09.374Z] | error | undefined
[2022-05-25T04:31:09.923Z] | error | undefined
[2022-05-25T04:31:27.443Z] | error | undefined
[2022-05-25T04:31:27.860Z] | error | undefined
[2022-05-25T04:32:00.708Z] | error | undefined
[2022-05-25T04:32:01.130Z] | error | undefined
[2022-05-25T04:33:08.065Z] | error | undefined
[2022-05-25T04:33:08.618Z] | error | undefined
[2022-05-25T04:33:14.469Z] | error | undefined
[2022-05-25T04:35:35.113Z] | error | undefined
[2022-05-25T04:35:35.527Z] | error | undefined
[2022-05-25T04:35:38.391Z] | error | undefined
[2022-05-25T04:35:45.695Z] | error | undefined
[2022-05-25T04:35:47.088Z] | error | undefined
[2022-05-25T04:35:47.214Z] | error | undefined
[2022-05-25T04:37:13.752Z] | error | undefined
[2022-05-25T04:37:13.827Z] | error | undefined
[2022-05-25T04:43:56.847Z] | error | undefined
[2022-05-25T04:43:59.613Z] | error | undefined
[2022-05-25T04:44:20.669Z] | error | undefined
[2022-05-25T04:44:22.857Z] | error | undefined
[2022-05-25T04:44:33.140Z] | error | undefined
[2022-05-25T04:44:57.020Z] | error | undefined
[2022-05-25T04:47:33.133Z] | error | undefined
[2022-05-25T04:47:33.148Z] | error | undefined
[2022-05-25T04:53:57.719Z] | error | undefined
[2022-05-25T04:54:07.465Z] | error | undefined
[2022-05-25T04:57:23.381Z] | error | undefined
[2022-05-25T04:57:23.717Z] | error | undefined
[2022-05-25T04:57:24.277Z] | error | undefined
[2022-05-25T04:58:48.534Z] | error | undefined
[2022-05-25T04:58:48.885Z] | error | undefined
[2022-05-25T04:58:49.997Z] | error | undefined
[2022-05-25T04:59:36.919Z] | error | undefined
[2022-05-25T04:59:36.973Z] | error | undefined
[2022-05-25T04:59:37.009Z] | error | undefined
[2022-05-25T05:02:06.957Z] | error | undefined
[2022-05-25T05:02:07.014Z] | error | undefined
[2022-05-25T05:02:07.043Z] | error | undefined
[2022-05-25T05:02:28.961Z] | error | undefined
[2022-05-25T05:02:28.976Z] | error | undefined
[2022-05-25T05:02:29.002Z] | error | undefined
[2022-05-25T05:03:18.847Z] | error | undefined
[2022-05-25T05:03:18.851Z] | error | undefined
[2022-05-25T05:03:31.075Z] | error | undefined
[2022-05-25T05:03:31.142Z] | error | undefined
