[2022-05-28T01:18:23.574Z] | error | syntax error at or near "undefined"
[2022-05-28T01:19:03.557Z] | error | syntax error at or near "undefined"
[2022-05-28T01:20:00.324Z] | error | syntax error at or near "undefined"
[2022-05-28T01:20:10.081Z] | error | syntax error at or near "undefined"
[2022-05-28T01:20:48.083Z] | error | syntax error at or near "undefined"
[2022-05-28T01:21:13.773Z] | error | syntax error at or near "undefined"
[2022-05-28T01:23:52.898Z] | error | syntax error at or near ")"
[2022-05-28T01:23:53.047Z] | error | syntax error at or near ")"
[2022-05-28T01:23:55.394Z] | error | syntax error at or near ")"
[2022-05-28T01:23:56.759Z] | error | syntax error at or near ")"
[2022-05-28T01:24:19.959Z] | error | operator does not exist: integer ~~ text
[2022-05-28T01:24:20.954Z] | error | operator does not exist: integer ~~ text
[2022-05-28T01:24:21.083Z] | error | operator does not exist: integer ~~ text
[2022-05-28T01:24:56.487Z] | error | column "text" does not exist
[2022-05-28T01:25:19.901Z] | error | column "varchar" does not exist
[2022-05-28T01:35:02.126Z] | error | undefined
[2022-05-28T01:36:57.591Z] | error | undefined
[2022-05-28T01:37:35.777Z] | error | undefined
[2022-05-28T01:38:26.666Z] | error | undefined
[2022-05-28T01:39:02.712Z] | error | undefined
[2022-05-28T01:41:41.754Z] | error | undefined
[2022-05-28T01:42:10.534Z] | error | undefined
[2022-05-28T01:51:20.983Z] | error | undefined
[2022-05-28T01:51:20.983Z] | error | undefined
[2022-05-28T01:51:20.999Z] | error | undefined
[2022-05-28T01:51:20.999Z] | error | undefined
[2022-05-28T01:51:21.140Z] | error | undefined
[2022-05-28T01:51:21.624Z] | error | undefined
[2022-05-28T01:51:22.952Z] | error | undefined
[2022-05-28T01:51:30.702Z] | error | undefined
[2022-05-28T01:51:39.795Z] | error | undefined
[2022-05-28T01:51:39.795Z] | error | undefined
[2022-05-28T01:51:39.795Z] | error | undefined
[2022-05-28T01:51:39.795Z] | error | undefined
[2022-05-28T01:51:39.920Z] | error | undefined
[2022-05-28T01:51:40.545Z] | error | undefined
[2022-05-28T01:51:41.623Z] | error | undefined
[2022-05-28T01:51:42.561Z] | error | undefined
[2022-05-28T01:51:42.670Z] | error | undefined
[2022-05-28T01:51:53.045Z] | error | undefined
[2022-05-28T16:45:32.886Z] | error | undefined
[2022-05-28T16:45:33.527Z] | error | undefined
[2022-05-28T16:45:37.355Z] | error | undefined
[2022-05-28T16:45:37.370Z] | error | undefined
[2022-05-28T16:45:37.370Z] | error | undefined
[2022-05-28T16:45:37.370Z] | error | undefined
[2022-05-28T16:45:37.370Z] | error | undefined
[2022-05-28T16:45:37.370Z] | error | undefined
[2022-05-28T16:45:43.980Z] | error | undefined
[2022-05-28T16:45:52.511Z] | error | undefined
[2022-05-28T16:46:59.149Z] | error | undefined
[2022-05-28T16:46:59.961Z] | error | undefined
[2022-05-28T16:47:14.867Z] | error | undefined
[2022-05-28T16:47:14.867Z] | error | undefined
[2022-05-28T16:47:14.867Z] | error | undefined
[2022-05-28T16:47:14.883Z] | error | undefined
[2022-05-28T16:47:14.883Z] | error | undefined
[2022-05-28T16:47:14.883Z] | error | undefined
[2022-05-28T16:47:21.476Z] | error | undefined
[2022-05-28T16:47:25.539Z] | error | undefined
[2022-05-28T16:47:25.648Z] | error | undefined
[2022-05-28T16:47:39.898Z] | error | undefined
[2022-05-28T16:47:40.054Z] | error | undefined
[2022-05-28T16:47:41.179Z] | error | undefined
[2022-05-28T16:47:42.210Z] | error | undefined
[2022-05-28T16:47:42.757Z] | error | undefined
[2022-05-28T16:47:55.381Z] | error | undefined
[2022-05-28T16:47:59.725Z] | error | undefined
[2022-05-28T16:48:02.865Z] | error | undefined
[2022-05-28T16:48:06.381Z] | error | undefined
[2022-05-28T16:48:06.506Z] | error | undefined
[2022-05-28T16:49:42.283Z] | error | undefined
[2022-05-28T16:50:07.346Z] | error | undefined
[2022-05-28T16:50:08.721Z] | error | undefined
[2022-05-28T16:50:16.767Z] | error | undefined
[2022-05-28T16:50:16.767Z] | error | undefined
[2022-05-28T16:50:16.767Z] | error | undefined
[2022-05-28T16:50:16.783Z] | error | undefined
[2022-05-28T16:50:16.786Z] | error | undefined
[2022-05-28T16:50:16.787Z] | error | undefined
[2022-05-28T16:50:30.470Z] | error | undefined
[2022-05-28T16:50:33.392Z] | error | undefined
[2022-05-28T16:50:33.610Z] | error | undefined
[2022-05-28T16:51:02.250Z] | error | undefined
[2022-05-28T16:51:02.469Z] | error | undefined
[2022-05-28T16:51:03.437Z] | error | undefined
[2022-05-28T16:51:04.156Z] | error | undefined
[2022-05-28T16:51:04.547Z] | error | undefined
[2022-05-28T16:51:14.250Z] | error | undefined
[2022-05-28T16:51:16.593Z] | error | undefined
[2022-05-28T16:51:20.640Z] | error | undefined
[2022-05-28T16:51:23.624Z] | error | undefined
[2022-05-28T16:51:23.765Z] | error | undefined
[2022-05-28T16:51:42.358Z] | error | undefined
[2022-05-28T16:51:42.905Z] | error | undefined
[2022-05-28T16:51:45.749Z] | error | undefined
[2022-05-28T16:51:45.749Z] | error | undefined
[2022-05-28T16:51:45.749Z] | error | undefined
[2022-05-28T16:51:45.749Z] | error | undefined
[2022-05-28T16:51:45.764Z] | error | undefined
[2022-05-28T16:51:45.767Z] | error | undefined
[2022-05-28T16:52:06.170Z] | error | undefined
[2022-05-28T16:52:09.951Z] | error | undefined
[2022-05-28T16:52:10.076Z] | error | undefined
[2022-05-28T16:52:30.872Z] | error | undefined
[2022-05-28T16:52:30.966Z] | error | undefined
[2022-05-28T16:52:31.747Z] | error | undefined
[2022-05-28T16:52:32.341Z] | error | undefined
[2022-05-28T16:52:32.825Z] | error | undefined
[2022-05-28T16:52:46.700Z] | error | undefined
[2022-05-28T16:52:46.715Z] | error | undefined
[2022-05-28T16:52:46.715Z] | error | undefined
[2022-05-28T16:52:46.715Z] | error | undefined
[2022-05-28T16:52:46.715Z] | error | undefined
[2022-05-28T16:52:46.731Z] | error | undefined
[2022-05-28T16:53:01.230Z] | error | undefined
[2022-05-28T16:53:03.277Z] | error | undefined
[2022-05-28T16:53:06.699Z] | error | undefined
[2022-05-28T16:53:06.808Z] | error | undefined
[2022-05-28T16:53:25.901Z] | error | undefined
[2022-05-28T16:58:03.345Z] | error | undefined
[2022-05-28T16:58:04.392Z] | error | undefined
[2022-05-28T16:58:17.173Z] | error | undefined
[2022-05-28T16:59:46.310Z] | error | undefined
[2022-05-28T16:59:57.450Z] | error | undefined
[2022-05-28T16:59:57.607Z] | error | undefined
[2022-05-28T17:03:59.661Z] | error | undefined
[2022-05-28T17:04:00.880Z] | error | undefined
[2022-05-28T17:04:12.614Z] | error | undefined
[2022-05-28T17:04:12.614Z] | error | undefined
[2022-05-28T17:04:12.614Z] | error | undefined
[2022-05-28T17:04:12.629Z] | error | undefined
[2022-05-28T17:04:12.633Z] | error | undefined
[2022-05-28T17:04:12.636Z] | error | undefined
[2022-05-28T17:04:22.270Z] | error | undefined
[2022-05-28T17:04:35.160Z] | error | undefined
[2022-05-28T17:04:35.316Z] | error | undefined
[2022-05-28T17:06:38.812Z] | error | undefined
[2022-05-28T17:06:38.812Z] | error | undefined
[2022-05-28T17:06:38.812Z] | error | undefined
[2022-05-28T17:06:38.827Z] | error | undefined
[2022-05-28T17:09:58.633Z] | error | undefined
[2022-05-28T17:09:59.211Z] | error | undefined
[2022-05-28T17:10:02.117Z] | error | undefined
[2022-05-28T17:10:02.117Z] | error | undefined
[2022-05-28T17:10:02.117Z] | error | undefined
[2022-05-28T17:10:02.133Z] | error | undefined
[2022-05-28T17:10:02.133Z] | error | undefined
[2022-05-28T17:10:02.133Z] | error | undefined
[2022-05-28T17:10:39.319Z] | error | undefined
[2022-05-28T17:11:24.958Z] | error | undefined
[2022-05-28T17:11:25.255Z] | error | undefined
[2022-05-28T17:12:33.690Z] | error | undefined
[2022-05-28T17:12:34.284Z] | error | undefined
[2022-05-28T17:12:38.862Z] | error | undefined
[2022-05-28T17:12:38.862Z] | error | undefined
[2022-05-28T17:12:38.862Z] | error | undefined
[2022-05-28T17:12:38.862Z] | error | undefined
[2022-05-28T17:12:38.878Z] | error | undefined
[2022-05-28T17:12:38.878Z] | error | undefined
[2022-05-28T17:12:54.940Z] | error | undefined
[2022-05-28T17:12:54.955Z] | error | undefined
[2022-05-28T17:12:54.955Z] | error | undefined
[2022-05-28T17:12:54.966Z] | error | undefined
[2022-05-28T17:12:54.971Z] | error | undefined
[2022-05-28T17:12:54.971Z] | error | undefined
[2022-05-28T17:13:02.627Z] | error | undefined
[2022-05-28T17:13:06.736Z] | error | undefined
[2022-05-28T17:13:12.658Z] | error | undefined
[2022-05-28T17:13:12.986Z] | error | undefined
[2022-05-28T17:14:00.281Z] | error | undefined
[2022-05-28T17:14:00.297Z] | error | undefined
[2022-05-28T17:14:00.301Z] | error | undefined
[2022-05-28T17:14:00.301Z] | error | undefined
[2022-05-28T17:14:00.484Z] | error | undefined
[2022-05-28T17:14:00.969Z] | error | undefined
[2022-05-28T17:14:08.343Z] | error | undefined
[2022-05-28T17:14:11.062Z] | error | undefined
[2022-05-28T17:14:11.171Z] | error | undefined
[2022-05-28T17:15:02.809Z] | error | undefined
[2022-05-28T17:26:26.881Z] | error | undefined
[2022-05-28T17:26:26.881Z] | error | undefined
[2022-05-28T17:26:26.881Z] | error | undefined
[2022-05-28T17:26:26.881Z] | error | undefined
[2022-05-28T17:26:27.084Z] | error | undefined
[2022-05-28T17:26:27.584Z] | error | undefined
[2022-05-28T17:30:44.059Z] | error | undefined
[2022-05-28T17:30:44.059Z] | error | undefined
[2022-05-28T17:30:44.059Z] | error | undefined
[2022-05-28T17:30:44.059Z] | error | undefined
[2022-05-28T17:31:31.074Z] | error | undefined
[2022-05-28T17:31:31.074Z] | error | undefined
[2022-05-28T17:31:31.074Z] | error | undefined
[2022-05-28T17:31:31.074Z] | error | undefined
[2022-05-28T17:31:31.292Z] | error | undefined
[2022-05-28T17:31:31.886Z] | error | undefined
[2022-05-28T17:31:34.714Z] | error | undefined
[2022-05-28T17:31:41.714Z] | error | undefined
[2022-05-28T17:31:41.714Z] | error | undefined
[2022-05-28T17:31:41.714Z] | error | undefined
[2022-05-28T17:31:41.714Z] | error | undefined
[2022-05-28T17:31:41.901Z] | error | undefined
[2022-05-28T17:31:42.354Z] | error | undefined
[2022-05-28T17:31:46.776Z] | error | undefined
[2022-05-28T17:31:46.776Z] | error | undefined
[2022-05-28T17:31:46.792Z] | error | undefined
[2022-05-28T17:31:46.795Z] | error | undefined
[2022-05-28T17:31:47.370Z] | error | undefined
[2022-05-28T17:31:47.807Z] | error | undefined
[2022-05-28T17:31:47.870Z] | error | undefined
[2022-05-28T17:31:51.182Z] | error | undefined
[2022-05-28T17:31:53.666Z] | error | undefined
[2022-05-28T17:31:53.807Z] | error | undefined
[2022-05-28T17:31:55.401Z] | error | undefined
[2022-05-28T17:31:56.088Z] | error | undefined
[2022-05-28T17:31:56.526Z] | error | undefined
[2022-05-28T17:32:19.088Z] | error | undefined
[2022-05-28T17:32:19.088Z] | error | undefined
[2022-05-28T17:32:19.088Z] | error | undefined
[2022-05-28T17:32:19.088Z] | error | undefined
[2022-05-28T17:35:34.768Z] | error | undefined
[2022-05-28T17:35:34.768Z] | error | undefined
[2022-05-28T17:35:34.768Z] | error | undefined
[2022-05-28T17:35:34.768Z] | error | undefined
[2022-05-28T17:35:34.987Z] | error | undefined
[2022-05-28T17:35:35.487Z] | error | undefined
[2022-05-28T17:35:51.565Z] | error | undefined
[2022-05-28T17:35:51.565Z] | error | undefined
[2022-05-28T17:35:51.565Z] | error | undefined
[2022-05-28T17:35:51.565Z] | error | undefined
[2022-05-28T17:35:51.752Z] | error | undefined
[2022-05-28T17:35:52.221Z] | error | undefined
[2022-05-28T17:36:04.330Z] | error | undefined
[2022-05-28T17:37:58.810Z] | error | undefined
[2022-05-28T17:37:59.029Z] | error | undefined
[2022-05-28T17:39:22.104Z] | error | undefined
[2022-05-28T17:39:22.104Z] | error | undefined
[2022-05-28T17:39:22.104Z] | error | undefined
[2022-05-28T17:39:22.104Z] | error | undefined
[2022-05-28T17:39:22.261Z] | error | undefined
[2022-05-28T17:39:22.714Z] | error | undefined
[2022-05-28T17:39:36.807Z] | error | undefined
[2022-05-28T17:39:36.807Z] | error | undefined
[2022-05-28T17:39:36.807Z] | error | undefined
[2022-05-28T17:39:36.823Z] | error | undefined
[2022-05-28T17:39:36.823Z] | error | undefined
[2022-05-28T17:39:36.823Z] | error | undefined
[2022-05-28T17:39:43.026Z] | error | undefined
[2022-05-28T17:39:43.026Z] | error | undefined
[2022-05-28T17:39:43.026Z] | error | undefined
[2022-05-28T17:39:43.026Z] | error | undefined
[2022-05-28T17:39:43.026Z] | error | undefined
[2022-05-28T17:39:43.026Z] | error | undefined
[2022-05-28T17:39:51.385Z] | error | undefined
[2022-05-28T17:39:58.119Z] | error | undefined
[2022-05-28T17:39:58.322Z] | error | undefined
[2022-05-28T17:40:18.977Z] | error | undefined
[2022-05-28T17:40:18.977Z] | error | undefined
[2022-05-28T17:40:18.977Z] | error | undefined
[2022-05-28T17:40:18.977Z] | error | undefined
[2022-05-28T17:40:19.134Z] | error | undefined
[2022-05-28T17:40:19.602Z] | error | undefined
[2022-05-28T17:40:22.243Z] | error | undefined
[2022-05-28T17:40:24.962Z] | error | undefined
[2022-05-28T17:40:25.087Z] | error | undefined
[2022-05-28T17:40:42.320Z] | error | undefined
[2022-05-28T17:42:57.816Z] | error | undefined
[2022-05-28T17:42:58.394Z] | error | undefined
[2022-05-28T17:43:01.362Z] | error | undefined
[2022-05-28T17:43:01.362Z] | error | undefined
[2022-05-28T17:43:01.362Z] | error | undefined
[2022-05-28T17:43:01.362Z] | error | undefined
[2022-05-28T17:43:01.362Z] | error | undefined
[2022-05-28T17:43:01.378Z] | error | undefined
[2022-05-28T17:44:24.906Z] | error | undefined
[2022-05-28T17:44:24.906Z] | error | undefined
[2022-05-28T17:44:24.906Z] | error | undefined
[2022-05-28T17:44:24.906Z] | error | undefined
